2025-01-18 13:50:56,022 - INFO - Logging initialized. Log file: /usr/users/volterrakernel/lepretre_cle/volterra/logs/v1/VNN-Fusion-v1-train-run-2025-01-18-13-50-56.log
2025-01-18 13:50:56,022 - INFO - Model version: v1
2025-01-18 13:50:56,084 - INFO - Using device: cuda:0
2025-01-18 13:50:57,736 - INFO - Total model parameters: 13.98M
2025-01-18 13:50:57,907 - INFO - TensorBoard log directory: /usr/users/volterrakernel/lepretre_cle/volterra/models/Jan18_13-50-57_sh03
2025-01-18 13:50:57,907 - INFO - Dataset: hmdb51, Root: ./data/HMDB51/videos, Output: ./data/HMDB51/preprocessed
2025-01-18 13:50:58,101 - INFO - Number of train videos: 4289
2025-01-18 13:50:58,106 - INFO - Dataset: hmdb51, Root: ./data/HMDB51/videos, Output: ./data/HMDB51/preprocessed
2025-01-18 13:50:58,524 - INFO - Number of val videos: 1101
2025-01-18 13:50:58,530 - INFO - Dataset: hmdb51, Root: ./data/HMDB51/videos, Output: ./data/HMDB51/preprocessed
2025-01-18 13:50:58,781 - INFO - Number of test videos: 1376
2025-01-18 13:50:58,787 - INFO - Starting epoch 1/100
2025-01-18 13:56:42,778 - INFO - [train] Epoch: 1/100 Loss: 6.2138 Acc: 0.0956
2025-01-18 13:56:42,779 - INFO - Execution time for train phase: 343.99 seconds
2025-01-18 13:57:31,250 - INFO - [val] Epoch: 1/100 Loss: 5.5147 Acc: 0.1344
2025-01-18 13:57:31,251 - INFO - Execution time for val phase: 48.47 seconds
2025-01-18 13:57:31,257 - INFO - Starting epoch 2/100
2025-01-18 14:03:17,400 - INFO - [train] Epoch: 2/100 Loss: 4.7468 Acc: 0.1578
2025-01-18 14:03:17,401 - INFO - Execution time for train phase: 346.14 seconds
2025-01-18 14:04:08,220 - INFO - [val] Epoch: 2/100 Loss: 6.7061 Acc: 0.1571
2025-01-18 14:04:08,220 - INFO - Execution time for val phase: 50.81 seconds
2025-01-18 14:04:08,222 - INFO - Starting epoch 3/100
2025-01-18 14:09:53,896 - INFO - [train] Epoch: 3/100 Loss: 4.4088 Acc: 0.2042
2025-01-18 14:09:53,897 - INFO - Execution time for train phase: 345.67 seconds
2025-01-18 14:10:44,518 - INFO - [val] Epoch: 3/100 Loss: 4.2434 Acc: 0.1807
2025-01-18 14:10:44,518 - INFO - Execution time for val phase: 50.61 seconds
2025-01-18 14:10:44,521 - INFO - Starting epoch 4/100
2025-01-18 14:16:30,628 - INFO - [train] Epoch: 4/100 Loss: 4.1344 Acc: 0.2175
2025-01-18 14:16:30,629 - INFO - Execution time for train phase: 346.11 seconds
2025-01-18 14:17:21,576 - INFO - [val] Epoch: 4/100 Loss: 4.6361 Acc: 0.2089
2025-01-18 14:17:21,577 - INFO - Execution time for val phase: 50.95 seconds
2025-01-18 14:17:21,579 - INFO - Starting epoch 5/100
2025-01-18 14:23:07,990 - INFO - [train] Epoch: 5/100 Loss: 3.9899 Acc: 0.2401
2025-01-18 14:23:07,991 - INFO - Execution time for train phase: 346.41 seconds
2025-01-18 14:23:58,699 - INFO - [val] Epoch: 5/100 Loss: 4.6404 Acc: 0.2198
2025-01-18 14:23:58,699 - INFO - Execution time for val phase: 50.71 seconds
2025-01-18 14:23:58,701 - INFO - Starting epoch 6/100
2025-01-18 14:29:44,954 - INFO - [train] Epoch: 6/100 Loss: 3.8555 Acc: 0.2569
2025-01-18 14:29:44,955 - INFO - Execution time for train phase: 346.25 seconds
2025-01-18 14:30:35,974 - INFO - [val] Epoch: 6/100 Loss: 4.5783 Acc: 0.2443
2025-01-18 14:30:35,974 - INFO - Execution time for val phase: 51.02 seconds
2025-01-18 14:30:35,977 - INFO - Starting epoch 7/100
2025-01-18 14:36:22,488 - INFO - [train] Epoch: 7/100 Loss: 3.7383 Acc: 0.2730
2025-01-18 14:36:22,488 - INFO - Execution time for train phase: 346.51 seconds
2025-01-18 14:37:13,221 - INFO - [val] Epoch: 7/100 Loss: 5.1717 Acc: 0.2225
2025-01-18 14:37:13,221 - INFO - Execution time for val phase: 50.73 seconds
2025-01-18 14:37:13,223 - INFO - Starting epoch 8/100
2025-01-18 14:42:59,819 - INFO - [train] Epoch: 8/100 Loss: 3.7765 Acc: 0.2861
2025-01-18 14:42:59,820 - INFO - Execution time for train phase: 346.60 seconds
2025-01-18 14:43:50,649 - INFO - [val] Epoch: 8/100 Loss: 4.6682 Acc: 0.2552
2025-01-18 14:43:50,649 - INFO - Execution time for val phase: 50.82 seconds
2025-01-18 14:43:50,651 - INFO - Starting epoch 9/100
2025-01-18 14:49:37,304 - INFO - [train] Epoch: 9/100 Loss: 3.5452 Acc: 0.3218
2025-01-18 14:49:37,305 - INFO - Execution time for train phase: 346.65 seconds
2025-01-18 14:50:27,995 - INFO - [val] Epoch: 9/100 Loss: 7.2609 Acc: 0.2189
2025-01-18 14:50:27,995 - INFO - Execution time for val phase: 50.69 seconds
2025-01-18 14:50:27,998 - INFO - Starting epoch 10/100
2025-01-18 14:56:14,014 - INFO - [train] Epoch: 10/100 Loss: 3.5813 Acc: 0.3178
2025-01-18 14:56:14,015 - INFO - Execution time for train phase: 346.02 seconds
2025-01-18 14:57:04,726 - INFO - [val] Epoch: 10/100 Loss: 4.4063 Acc: 0.2525
2025-01-18 14:57:04,727 - INFO - Execution time for val phase: 50.71 seconds
2025-01-18 14:57:06,574 - ERROR - Training failed with error: compute_optical_flow() missing 1 required positional argument: 'logger'
