2025-01-18 12:37:10,848 - INFO - Logging initialized. Log file: /usr/users/volterrakernel/lepretre_cle/volterra/logs/v1/VNN_Fusion-v1-train-run-2025-01-18-12-37-10.log
2025-01-18 12:37:10,849 - INFO - Model version: v1
2025-01-18 12:37:10,920 - INFO - Using device: cuda:0
2025-01-18 12:37:12,903 - INFO - Total model parameters: 13.98M
2025-01-18 12:37:13,059 - INFO - TensorBoard log directory: /usr/users/volterrakernel/lepretre_cle/volterra/models/Jan18_12-37-13_sh05
2025-01-18 12:37:13,059 - INFO - Dataset: hmdb51, Root: ./data/HMDB51/videos, Output: ./data/HMDB51/preprocessed
2025-01-18 12:37:14,190 - INFO - Number of train videos: 4289
2025-01-18 12:37:14,197 - INFO - Dataset: hmdb51, Root: ./data/HMDB51/videos, Output: ./data/HMDB51/preprocessed
2025-01-18 12:37:14,459 - INFO - Number of val videos: 1101
2025-01-18 12:37:14,464 - INFO - Dataset: hmdb51, Root: ./data/HMDB51/videos, Output: ./data/HMDB51/preprocessed
2025-01-18 12:37:14,763 - INFO - Number of test videos: 1376
2025-01-18 12:37:14,769 - INFO - Starting epoch 1/100
2025-01-18 12:43:07,365 - INFO - [train] Epoch: 1/100 Loss: 6.0538 Acc: 0.0921
2025-01-18 12:43:07,365 - INFO - Execution time for train phase: 352.60 seconds
2025-01-18 12:43:57,652 - INFO - [val] Epoch: 1/100 Loss: 6.1765 Acc: 0.1417
2025-01-18 12:43:57,652 - INFO - Execution time for val phase: 50.29 seconds
2025-01-18 12:43:57,659 - INFO - Starting epoch 2/100
2025-01-18 12:49:43,946 - INFO - [train] Epoch: 2/100 Loss: 4.6154 Acc: 0.1581
2025-01-18 12:49:43,947 - INFO - Execution time for train phase: 346.29 seconds
2025-01-18 12:50:34,644 - INFO - [val] Epoch: 2/100 Loss: 5.0120 Acc: 0.1553
2025-01-18 12:50:34,645 - INFO - Execution time for val phase: 50.70 seconds
2025-01-18 12:50:34,647 - INFO - Starting epoch 3/100
2025-01-18 12:56:20,961 - INFO - [train] Epoch: 3/100 Loss: 4.2314 Acc: 0.1993
2025-01-18 12:56:20,962 - INFO - Execution time for train phase: 346.31 seconds
2025-01-18 12:57:11,429 - INFO - [val] Epoch: 3/100 Loss: 4.5176 Acc: 0.1753
2025-01-18 12:57:11,430 - INFO - Execution time for val phase: 50.46 seconds
2025-01-18 12:57:11,432 - INFO - Starting epoch 4/100
2025-01-18 13:02:57,535 - INFO - [train] Epoch: 4/100 Loss: 4.2631 Acc: 0.2138
2025-01-18 13:02:57,536 - INFO - Execution time for train phase: 346.10 seconds
2025-01-18 13:03:48,028 - INFO - [val] Epoch: 4/100 Loss: 6.6507 Acc: 0.1562
2025-01-18 13:03:48,029 - INFO - Execution time for val phase: 50.48 seconds
2025-01-18 13:03:48,031 - INFO - Starting epoch 5/100
2025-01-18 13:09:33,920 - INFO - [train] Epoch: 5/100 Loss: 3.9712 Acc: 0.2392
2025-01-18 13:09:33,921 - INFO - Execution time for train phase: 345.89 seconds
2025-01-18 13:10:24,787 - INFO - [val] Epoch: 5/100 Loss: 4.9765 Acc: 0.1962
2025-01-18 13:10:24,787 - INFO - Execution time for val phase: 50.85 seconds
2025-01-18 13:10:24,789 - INFO - Starting epoch 6/100
2025-01-18 13:16:11,673 - INFO - [train] Epoch: 6/100 Loss: 3.8442 Acc: 0.2565
2025-01-18 13:16:11,674 - INFO - Execution time for train phase: 346.89 seconds
2025-01-18 13:17:02,354 - INFO - [val] Epoch: 6/100 Loss: 4.6795 Acc: 0.2389
2025-01-18 13:17:02,354 - INFO - Execution time for val phase: 50.67 seconds
2025-01-18 13:17:02,364 - INFO - Starting epoch 7/100
2025-01-18 13:22:48,883 - INFO - [train] Epoch: 7/100 Loss: 3.7720 Acc: 0.2798
2025-01-18 13:22:48,884 - INFO - Execution time for train phase: 346.52 seconds
2025-01-18 13:23:39,384 - INFO - [val] Epoch: 7/100 Loss: 4.3134 Acc: 0.2271
2025-01-18 13:23:39,384 - INFO - Execution time for val phase: 50.49 seconds
2025-01-18 13:23:39,392 - INFO - Starting epoch 8/100
2025-01-18 13:29:25,222 - INFO - [train] Epoch: 8/100 Loss: 3.7062 Acc: 0.2784
2025-01-18 13:29:25,223 - INFO - Execution time for train phase: 345.83 seconds
2025-01-18 13:30:16,273 - INFO - [val] Epoch: 8/100 Loss: 4.6573 Acc: 0.2570
2025-01-18 13:30:16,273 - INFO - Execution time for val phase: 51.03 seconds
2025-01-18 13:30:16,275 - INFO - Starting epoch 9/100
2025-01-18 13:36:02,982 - INFO - [train] Epoch: 9/100 Loss: 3.5614 Acc: 0.3026
2025-01-18 13:36:02,993 - INFO - Execution time for train phase: 346.72 seconds
2025-01-18 13:36:53,616 - INFO - [val] Epoch: 9/100 Loss: 5.5953 Acc: 0.2534
2025-01-18 13:36:53,616 - INFO - Execution time for val phase: 50.62 seconds
2025-01-18 13:36:53,618 - INFO - Starting epoch 10/100
2025-01-18 13:42:40,171 - INFO - [train] Epoch: 10/100 Loss: 3.6528 Acc: 0.2991
2025-01-18 13:42:40,171 - INFO - Execution time for train phase: 346.55 seconds
2025-01-18 13:43:30,896 - INFO - [val] Epoch: 10/100 Loss: 4.9566 Acc: 0.2153
2025-01-18 13:43:30,897 - INFO - Execution time for val phase: 50.71 seconds
2025-01-18 13:43:30,900 - ERROR - Training failed with error: name 'tqdm' is not defined
