2025-01-18 22:08:19,205 - INFO - Logging initialized. Log file: /usr/users/volterrakernel/lepretre_cle/volterra/logs/v2/RKHS_fusion-v2-train-run-2025-01-18-22-08-19.log
2025-01-18 22:08:19,205 - INFO - Model version: v2
2025-01-18 22:08:19,256 - INFO - Using device: cuda:0
2025-01-18 22:08:19,257 - DEBUG - Initializing architecture configuration.
2025-01-18 22:08:19,257 - DEBUG - Calculating feature dimensions dynamically.
2025-01-18 22:08:19,257 - DEBUG - Initial input dimensions: 16x112x112
2025-01-18 22:08:19,257 - DEBUG - After layer with stride 1: 16x112x112
2025-01-18 22:08:19,257 - DEBUG - After layer with stride 2: 8x56x56
2025-01-18 22:08:19,257 - DEBUG - After layer with stride 1: 8x56x56
2025-01-18 22:08:19,257 - DEBUG - After layer with stride 2: 4x28x28
2025-01-18 22:08:19,257 - DEBUG - Initializing layers.
2025-01-18 22:08:19,782 - DEBUG - Initialized eta_1 with shape: torch.Size([3, 27, 27, 16, 112, 112])
2025-01-18 22:08:20,266 - DEBUG - Initialized eta_2 with shape: torch.Size([3, 27, 27, 16, 112, 112])
2025-01-18 22:08:20,748 - DEBUG - Initialized eta_3 with shape: torch.Size([3, 27, 27, 16, 112, 112])
2025-01-18 22:08:21,230 - DEBUG - Initialized eta_4 with shape: torch.Size([3, 27, 27, 16, 112, 112])
2025-01-18 22:08:21,233 - DEBUG - Initialized BatchNorm3d and Dropout3d for layer 1
2025-01-18 22:08:21,233 - DEBUG - Initialized BatchNorm3d and Dropout3d for layer 2
2025-01-18 22:08:21,233 - DEBUG - Initialized BatchNorm3d and Dropout3d for layer 3
2025-01-18 22:08:21,234 - DEBUG - Initialized BatchNorm3d and Dropout3d for layer 4
2025-01-18 22:08:21,234 - DEBUG - Initializing weights for all layers.
2025-01-18 22:08:21,234 - DEBUG - Initializing architecture configuration.
2025-01-18 22:08:21,234 - DEBUG - Calculating feature dimensions dynamically.
2025-01-18 22:08:21,234 - DEBUG - Initial input dimensions: 16x112x112
2025-01-18 22:08:21,234 - DEBUG - After layer with stride 1: 16x112x112
2025-01-18 22:08:21,234 - DEBUG - After layer with stride 2: 8x56x56
2025-01-18 22:08:21,234 - DEBUG - After layer with stride 1: 8x56x56
2025-01-18 22:08:21,234 - DEBUG - After layer with stride 2: 4x28x28
2025-01-18 22:08:21,234 - DEBUG - Initializing layers.
2025-01-18 22:08:21,567 - DEBUG - Initialized eta_1 with shape: torch.Size([2, 27, 27, 16, 112, 112])
2025-01-18 22:08:21,897 - DEBUG - Initialized eta_2 with shape: torch.Size([2, 27, 27, 16, 112, 112])
2025-01-18 22:08:22,223 - DEBUG - Initialized eta_3 with shape: torch.Size([2, 27, 27, 16, 112, 112])
2025-01-18 22:08:22,544 - DEBUG - Initialized eta_4 with shape: torch.Size([2, 27, 27, 16, 112, 112])
2025-01-18 22:08:22,545 - DEBUG - Initialized BatchNorm3d and Dropout3d for layer 1
2025-01-18 22:08:22,545 - DEBUG - Initialized BatchNorm3d and Dropout3d for layer 2
2025-01-18 22:08:22,545 - DEBUG - Initialized BatchNorm3d and Dropout3d for layer 3
2025-01-18 22:08:22,546 - DEBUG - Initialized BatchNorm3d and Dropout3d for layer 4
2025-01-18 22:08:22,546 - DEBUG - Initializing weights for all layers.
2025-01-18 22:08:24,787 - INFO - Total model parameters: 2939.85M
2025-01-18 22:08:26,671 - INFO - TensorBoard log directory: /usr/users/volterrakernel/lepretre_cle/volterra/models/Jan18_22-08-26_sh03
2025-01-18 22:08:26,671 - INFO - Dataset: hmdb51, Root: ./data/HMDB51/videos, Output: ./data/HMDB51/preprocessed
2025-01-18 22:08:26,671 - DEBUG - Checking preprocessing for hmdb51
2025-01-18 22:08:27,067 - DEBUG - Preprocessing check passed
2025-01-18 22:08:27,143 - INFO - Number of train videos: 4289
2025-01-18 22:08:27,148 - INFO - Dataset: hmdb51, Root: ./data/HMDB51/videos, Output: ./data/HMDB51/preprocessed
2025-01-18 22:08:27,149 - DEBUG - Checking preprocessing for hmdb51
2025-01-18 22:08:27,348 - DEBUG - Preprocessing check passed
2025-01-18 22:08:27,384 - INFO - Number of val videos: 1101
2025-01-18 22:08:27,390 - INFO - Dataset: hmdb51, Root: ./data/HMDB51/videos, Output: ./data/HMDB51/preprocessed
2025-01-18 22:08:27,390 - DEBUG - Checking preprocessing for hmdb51
2025-01-18 22:08:27,807 - DEBUG - Preprocessing check passed
2025-01-18 22:08:27,847 - INFO - Number of test videos: 1376
2025-01-18 22:08:27,852 - INFO - Starting epoch 1/100
2025-01-18 22:08:29,255 - DEBUG - Starting forward pass with input shape: torch.Size([8, 3, 16, 112, 112])
2025-01-18 22:08:29,256 - ERROR - Error processing batch in train phase: 'RKHS_VNN' object has no attribute '_extract_neighborhood'
2025-01-18 22:08:29,555 - DEBUG - Starting forward pass with input shape: torch.Size([8, 3, 16, 112, 112])
2025-01-18 22:08:29,555 - ERROR - Error processing batch in train phase: 'RKHS_VNN' object has no attribute '_extract_neighborhood'
2025-01-18 22:08:29,838 - DEBUG - Starting forward pass with input shape: torch.Size([8, 3, 16, 112, 112])
2025-01-18 22:08:29,838 - ERROR - Error processing batch in train phase: 'RKHS_VNN' object has no attribute '_extract_neighborhood'
2025-01-18 22:08:30,122 - DEBUG - Starting forward pass with input shape: torch.Size([8, 3, 16, 112, 112])
2025-01-18 22:08:30,122 - ERROR - Error processing batch in train phase: 'RKHS_VNN' object has no attribute '_extract_neighborhood'
2025-01-18 22:08:30,438 - DEBUG - Starting forward pass with input shape: torch.Size([8, 3, 16, 112, 112])
2025-01-18 22:08:30,439 - ERROR - Error processing batch in train phase: 'RKHS_VNN' object has no attribute '_extract_neighborhood'
2025-01-18 22:08:30,726 - DEBUG - Starting forward pass with input shape: torch.Size([8, 3, 16, 112, 112])
2025-01-18 22:08:30,726 - ERROR - Error processing batch in train phase: 'RKHS_VNN' object has no attribute '_extract_neighborhood'
2025-01-18 22:08:31,020 - DEBUG - Starting forward pass with input shape: torch.Size([8, 3, 16, 112, 112])
2025-01-18 22:08:31,020 - ERROR - Error processing batch in train phase: 'RKHS_VNN' object has no attribute '_extract_neighborhood'
2025-01-18 22:08:31,310 - DEBUG - Starting forward pass with input shape: torch.Size([8, 3, 16, 112, 112])
2025-01-18 22:08:31,310 - ERROR - Error processing batch in train phase: 'RKHS_VNN' object has no attribute '_extract_neighborhood'
2025-01-18 22:08:31,587 - DEBUG - Starting forward pass with input shape: torch.Size([8, 3, 16, 112, 112])
2025-01-18 22:08:31,587 - ERROR - Error processing batch in train phase: 'RKHS_VNN' object has no attribute '_extract_neighborhood'
2025-01-18 22:08:31,878 - DEBUG - Starting forward pass with input shape: torch.Size([8, 3, 16, 112, 112])
2025-01-18 22:08:31,878 - ERROR - Error processing batch in train phase: 'RKHS_VNN' object has no attribute '_extract_neighborhood'
2025-01-18 22:08:32,157 - DEBUG - Starting forward pass with input shape: torch.Size([8, 3, 16, 112, 112])
2025-01-18 22:08:32,157 - ERROR - Error processing batch in train phase: 'RKHS_VNN' object has no attribute '_extract_neighborhood'
2025-01-18 22:08:32,450 - DEBUG - Starting forward pass with input shape: torch.Size([8, 3, 16, 112, 112])
2025-01-18 22:08:32,450 - ERROR - Error processing batch in train phase: 'RKHS_VNN' object has no attribute '_extract_neighborhood'
2025-01-18 22:08:32,735 - DEBUG - Starting forward pass with input shape: torch.Size([8, 3, 16, 112, 112])
2025-01-18 22:08:32,735 - ERROR - Error processing batch in train phase: 'RKHS_VNN' object has no attribute '_extract_neighborhood'
2025-01-18 22:08:33,021 - DEBUG - Starting forward pass with input shape: torch.Size([8, 3, 16, 112, 112])
2025-01-18 22:08:33,022 - ERROR - Error processing batch in train phase: 'RKHS_VNN' object has no attribute '_extract_neighborhood'
2025-01-18 22:08:33,309 - DEBUG - Starting forward pass with input shape: torch.Size([8, 3, 16, 112, 112])
2025-01-18 22:08:33,309 - ERROR - Error processing batch in train phase: 'RKHS_VNN' object has no attribute '_extract_neighborhood'
2025-01-18 22:08:33,579 - DEBUG - Starting forward pass with input shape: torch.Size([8, 3, 16, 112, 112])
2025-01-18 22:08:33,579 - ERROR - Error processing batch in train phase: 'RKHS_VNN' object has no attribute '_extract_neighborhood'
2025-01-18 22:08:33,879 - DEBUG - Starting forward pass with input shape: torch.Size([8, 3, 16, 112, 112])
2025-01-18 22:08:33,879 - ERROR - Error processing batch in train phase: 'RKHS_VNN' object has no attribute '_extract_neighborhood'
2025-01-18 22:08:34,164 - DEBUG - Starting forward pass with input shape: torch.Size([8, 3, 16, 112, 112])
2025-01-18 22:08:34,165 - ERROR - Error processing batch in train phase: 'RKHS_VNN' object has no attribute '_extract_neighborhood'
2025-01-18 22:08:34,451 - DEBUG - Starting forward pass with input shape: torch.Size([8, 3, 16, 112, 112])
2025-01-18 22:08:34,451 - ERROR - Error processing batch in train phase: 'RKHS_VNN' object has no attribute '_extract_neighborhood'
2025-01-18 22:08:34,744 - DEBUG - Starting forward pass with input shape: torch.Size([8, 3, 16, 112, 112])
2025-01-18 22:08:34,744 - ERROR - Error processing batch in train phase: 'RKHS_VNN' object has no attribute '_extract_neighborhood'
2025-01-18 22:08:35,031 - DEBUG - Starting forward pass with input shape: torch.Size([8, 3, 16, 112, 112])
2025-01-18 22:08:35,031 - ERROR - Error processing batch in train phase: 'RKHS_VNN' object has no attribute '_extract_neighborhood'
2025-01-18 22:08:35,293 - DEBUG - Starting forward pass with input shape: torch.Size([8, 3, 16, 112, 112])
2025-01-18 22:08:35,293 - ERROR - Error processing batch in train phase: 'RKHS_VNN' object has no attribute '_extract_neighborhood'
2025-01-18 22:08:35,578 - DEBUG - Starting forward pass with input shape: torch.Size([8, 3, 16, 112, 112])
2025-01-18 22:08:35,579 - ERROR - Error processing batch in train phase: 'RKHS_VNN' object has no attribute '_extract_neighborhood'
2025-01-18 22:08:35,861 - DEBUG - Starting forward pass with input shape: torch.Size([8, 3, 16, 112, 112])
2025-01-18 22:08:35,861 - ERROR - Error processing batch in train phase: 'RKHS_VNN' object has no attribute '_extract_neighborhood'
2025-01-18 22:08:36,157 - DEBUG - Starting forward pass with input shape: torch.Size([8, 3, 16, 112, 112])
2025-01-18 22:08:36,157 - ERROR - Error processing batch in train phase: 'RKHS_VNN' object has no attribute '_extract_neighborhood'
2025-01-18 22:08:36,443 - DEBUG - Starting forward pass with input shape: torch.Size([8, 3, 16, 112, 112])
2025-01-18 22:08:36,444 - ERROR - Error processing batch in train phase: 'RKHS_VNN' object has no attribute '_extract_neighborhood'
2025-01-18 22:08:36,718 - DEBUG - Starting forward pass with input shape: torch.Size([8, 3, 16, 112, 112])
2025-01-18 22:08:36,718 - ERROR - Error processing batch in train phase: 'RKHS_VNN' object has no attribute '_extract_neighborhood'
2025-01-18 22:08:37,002 - DEBUG - Starting forward pass with input shape: torch.Size([8, 3, 16, 112, 112])
2025-01-18 22:08:37,002 - ERROR - Error processing batch in train phase: 'RKHS_VNN' object has no attribute '_extract_neighborhood'
2025-01-18 22:08:37,308 - DEBUG - Starting forward pass with input shape: torch.Size([8, 3, 16, 112, 112])
2025-01-18 22:08:37,308 - ERROR - Error processing batch in train phase: 'RKHS_VNN' object has no attribute '_extract_neighborhood'
2025-01-18 22:08:37,599 - DEBUG - Starting forward pass with input shape: torch.Size([8, 3, 16, 112, 112])
2025-01-18 22:08:37,599 - ERROR - Error processing batch in train phase: 'RKHS_VNN' object has no attribute '_extract_neighborhood'
2025-01-18 22:08:37,876 - DEBUG - Starting forward pass with input shape: torch.Size([8, 3, 16, 112, 112])
2025-01-18 22:08:37,876 - ERROR - Error processing batch in train phase: 'RKHS_VNN' object has no attribute '_extract_neighborhood'
2025-01-18 22:08:38,169 - DEBUG - Starting forward pass with input shape: torch.Size([8, 3, 16, 112, 112])
2025-01-18 22:08:38,169 - ERROR - Error processing batch in train phase: 'RKHS_VNN' object has no attribute '_extract_neighborhood'
2025-01-18 22:08:38,456 - DEBUG - Starting forward pass with input shape: torch.Size([8, 3, 16, 112, 112])
2025-01-18 22:08:38,457 - ERROR - Error processing batch in train phase: 'RKHS_VNN' object has no attribute '_extract_neighborhood'
2025-01-18 22:08:38,741 - DEBUG - Starting forward pass with input shape: torch.Size([8, 3, 16, 112, 112])
2025-01-18 22:08:38,741 - ERROR - Error processing batch in train phase: 'RKHS_VNN' object has no attribute '_extract_neighborhood'
2025-01-18 22:08:39,012 - DEBUG - Starting forward pass with input shape: torch.Size([8, 3, 16, 112, 112])
2025-01-18 22:08:39,013 - ERROR - Error processing batch in train phase: 'RKHS_VNN' object has no attribute '_extract_neighborhood'
2025-01-18 22:08:39,313 - DEBUG - Starting forward pass with input shape: torch.Size([8, 3, 16, 112, 112])
2025-01-18 22:08:39,313 - ERROR - Error processing batch in train phase: 'RKHS_VNN' object has no attribute '_extract_neighborhood'
2025-01-18 22:08:39,614 - DEBUG - Starting forward pass with input shape: torch.Size([8, 3, 16, 112, 112])
2025-01-18 22:08:39,614 - ERROR - Error processing batch in train phase: 'RKHS_VNN' object has no attribute '_extract_neighborhood'
2025-01-18 22:08:39,898 - DEBUG - Starting forward pass with input shape: torch.Size([8, 3, 16, 112, 112])
2025-01-18 22:08:39,898 - ERROR - Error processing batch in train phase: 'RKHS_VNN' object has no attribute '_extract_neighborhood'
2025-01-18 22:08:40,174 - DEBUG - Starting forward pass with input shape: torch.Size([8, 3, 16, 112, 112])
2025-01-18 22:08:40,174 - ERROR - Error processing batch in train phase: 'RKHS_VNN' object has no attribute '_extract_neighborhood'
2025-01-18 22:08:40,477 - DEBUG - Starting forward pass with input shape: torch.Size([8, 3, 16, 112, 112])
2025-01-18 22:08:40,477 - ERROR - Error processing batch in train phase: 'RKHS_VNN' object has no attribute '_extract_neighborhood'
2025-01-18 22:08:40,780 - DEBUG - Starting forward pass with input shape: torch.Size([8, 3, 16, 112, 112])
2025-01-18 22:08:40,781 - ERROR - Error processing batch in train phase: 'RKHS_VNN' object has no attribute '_extract_neighborhood'
2025-01-18 22:08:41,057 - DEBUG - Starting forward pass with input shape: torch.Size([8, 3, 16, 112, 112])
2025-01-18 22:08:41,057 - ERROR - Error processing batch in train phase: 'RKHS_VNN' object has no attribute '_extract_neighborhood'
2025-01-18 22:08:41,339 - DEBUG - Starting forward pass with input shape: torch.Size([8, 3, 16, 112, 112])
2025-01-18 22:08:41,339 - ERROR - Error processing batch in train phase: 'RKHS_VNN' object has no attribute '_extract_neighborhood'
2025-01-18 22:08:41,630 - DEBUG - Starting forward pass with input shape: torch.Size([8, 3, 16, 112, 112])
2025-01-18 22:08:41,631 - ERROR - Error processing batch in train phase: 'RKHS_VNN' object has no attribute '_extract_neighborhood'
2025-01-18 22:08:41,912 - DEBUG - Starting forward pass with input shape: torch.Size([8, 3, 16, 112, 112])
2025-01-18 22:08:41,913 - ERROR - Error processing batch in train phase: 'RKHS_VNN' object has no attribute '_extract_neighborhood'
2025-01-18 22:08:42,197 - DEBUG - Starting forward pass with input shape: torch.Size([8, 3, 16, 112, 112])
2025-01-18 22:08:42,197 - ERROR - Error processing batch in train phase: 'RKHS_VNN' object has no attribute '_extract_neighborhood'
2025-01-18 22:08:42,486 - DEBUG - Starting forward pass with input shape: torch.Size([8, 3, 16, 112, 112])
2025-01-18 22:08:42,486 - ERROR - Error processing batch in train phase: 'RKHS_VNN' object has no attribute '_extract_neighborhood'
2025-01-18 22:08:42,776 - DEBUG - Starting forward pass with input shape: torch.Size([8, 3, 16, 112, 112])
2025-01-18 22:08:42,776 - ERROR - Error processing batch in train phase: 'RKHS_VNN' object has no attribute '_extract_neighborhood'
2025-01-18 22:08:43,052 - DEBUG - Starting forward pass with input shape: torch.Size([8, 3, 16, 112, 112])
2025-01-18 22:08:43,052 - ERROR - Error processing batch in train phase: 'RKHS_VNN' object has no attribute '_extract_neighborhood'
2025-01-18 22:08:43,342 - DEBUG - Starting forward pass with input shape: torch.Size([8, 3, 16, 112, 112])
2025-01-18 22:08:43,342 - ERROR - Error processing batch in train phase: 'RKHS_VNN' object has no attribute '_extract_neighborhood'
2025-01-18 22:08:43,632 - DEBUG - Starting forward pass with input shape: torch.Size([8, 3, 16, 112, 112])
2025-01-18 22:08:43,632 - ERROR - Error processing batch in train phase: 'RKHS_VNN' object has no attribute '_extract_neighborhood'
2025-01-18 22:08:43,914 - DEBUG - Starting forward pass with input shape: torch.Size([8, 3, 16, 112, 112])
2025-01-18 22:08:43,914 - ERROR - Error processing batch in train phase: 'RKHS_VNN' object has no attribute '_extract_neighborhood'
2025-01-18 22:08:44,191 - DEBUG - Starting forward pass with input shape: torch.Size([8, 3, 16, 112, 112])
2025-01-18 22:08:44,191 - ERROR - Error processing batch in train phase: 'RKHS_VNN' object has no attribute '_extract_neighborhood'
2025-01-18 22:08:44,484 - DEBUG - Starting forward pass with input shape: torch.Size([8, 3, 16, 112, 112])
2025-01-18 22:08:44,484 - ERROR - Error processing batch in train phase: 'RKHS_VNN' object has no attribute '_extract_neighborhood'
2025-01-18 22:08:44,777 - DEBUG - Starting forward pass with input shape: torch.Size([8, 3, 16, 112, 112])
2025-01-18 22:08:44,777 - ERROR - Error processing batch in train phase: 'RKHS_VNN' object has no attribute '_extract_neighborhood'
2025-01-18 22:08:45,051 - DEBUG - Starting forward pass with input shape: torch.Size([8, 3, 16, 112, 112])
2025-01-18 22:08:45,051 - ERROR - Error processing batch in train phase: 'RKHS_VNN' object has no attribute '_extract_neighborhood'
2025-01-18 22:08:45,358 - DEBUG - Starting forward pass with input shape: torch.Size([8, 3, 16, 112, 112])
2025-01-18 22:08:45,358 - ERROR - Error processing batch in train phase: 'RKHS_VNN' object has no attribute '_extract_neighborhood'
2025-01-18 22:08:45,663 - DEBUG - Starting forward pass with input shape: torch.Size([8, 3, 16, 112, 112])
2025-01-18 22:08:45,663 - ERROR - Error processing batch in train phase: 'RKHS_VNN' object has no attribute '_extract_neighborhood'
2025-01-18 22:08:45,945 - DEBUG - Starting forward pass with input shape: torch.Size([8, 3, 16, 112, 112])
2025-01-18 22:08:45,945 - ERROR - Error processing batch in train phase: 'RKHS_VNN' object has no attribute '_extract_neighborhood'
2025-01-18 22:08:46,239 - DEBUG - Starting forward pass with input shape: torch.Size([8, 3, 16, 112, 112])
2025-01-18 22:08:46,239 - ERROR - Error processing batch in train phase: 'RKHS_VNN' object has no attribute '_extract_neighborhood'
2025-01-18 22:08:46,526 - DEBUG - Starting forward pass with input shape: torch.Size([8, 3, 16, 112, 112])
2025-01-18 22:08:46,526 - ERROR - Error processing batch in train phase: 'RKHS_VNN' object has no attribute '_extract_neighborhood'
2025-01-18 22:08:46,803 - DEBUG - Starting forward pass with input shape: torch.Size([8, 3, 16, 112, 112])
2025-01-18 22:08:46,803 - ERROR - Error processing batch in train phase: 'RKHS_VNN' object has no attribute '_extract_neighborhood'
2025-01-18 22:08:47,091 - DEBUG - Starting forward pass with input shape: torch.Size([8, 3, 16, 112, 112])
2025-01-18 22:08:47,091 - ERROR - Error processing batch in train phase: 'RKHS_VNN' object has no attribute '_extract_neighborhood'
2025-01-18 22:08:47,392 - DEBUG - Starting forward pass with input shape: torch.Size([8, 3, 16, 112, 112])
2025-01-18 22:08:47,392 - ERROR - Error processing batch in train phase: 'RKHS_VNN' object has no attribute '_extract_neighborhood'
2025-01-18 22:08:47,692 - DEBUG - Starting forward pass with input shape: torch.Size([8, 3, 16, 112, 112])
2025-01-18 22:08:47,692 - ERROR - Error processing batch in train phase: 'RKHS_VNN' object has no attribute '_extract_neighborhood'
2025-01-18 22:08:47,954 - DEBUG - Starting forward pass with input shape: torch.Size([8, 3, 16, 112, 112])
2025-01-18 22:08:47,954 - ERROR - Error processing batch in train phase: 'RKHS_VNN' object has no attribute '_extract_neighborhood'
2025-01-18 22:08:48,218 - DEBUG - Starting forward pass with input shape: torch.Size([8, 3, 16, 112, 112])
2025-01-18 22:08:48,218 - ERROR - Error processing batch in train phase: 'RKHS_VNN' object has no attribute '_extract_neighborhood'
2025-01-18 22:08:48,507 - DEBUG - Starting forward pass with input shape: torch.Size([8, 3, 16, 112, 112])
2025-01-18 22:08:48,507 - ERROR - Error processing batch in train phase: 'RKHS_VNN' object has no attribute '_extract_neighborhood'
2025-01-18 22:08:48,812 - DEBUG - Starting forward pass with input shape: torch.Size([8, 3, 16, 112, 112])
2025-01-18 22:08:48,812 - ERROR - Error processing batch in train phase: 'RKHS_VNN' object has no attribute '_extract_neighborhood'
2025-01-18 22:08:49,101 - DEBUG - Starting forward pass with input shape: torch.Size([8, 3, 16, 112, 112])
2025-01-18 22:08:49,101 - ERROR - Error processing batch in train phase: 'RKHS_VNN' object has no attribute '_extract_neighborhood'
2025-01-18 22:08:49,387 - DEBUG - Starting forward pass with input shape: torch.Size([8, 3, 16, 112, 112])
2025-01-18 22:08:49,387 - ERROR - Error processing batch in train phase: 'RKHS_VNN' object has no attribute '_extract_neighborhood'
2025-01-18 22:08:49,674 - DEBUG - Starting forward pass with input shape: torch.Size([8, 3, 16, 112, 112])
2025-01-18 22:08:49,674 - ERROR - Error processing batch in train phase: 'RKHS_VNN' object has no attribute '_extract_neighborhood'
2025-01-18 22:08:49,979 - DEBUG - Starting forward pass with input shape: torch.Size([8, 3, 16, 112, 112])
2025-01-18 22:08:49,979 - ERROR - Error processing batch in train phase: 'RKHS_VNN' object has no attribute '_extract_neighborhood'
2025-01-18 22:08:50,256 - DEBUG - Starting forward pass with input shape: torch.Size([8, 3, 16, 112, 112])
2025-01-18 22:08:50,256 - ERROR - Error processing batch in train phase: 'RKHS_VNN' object has no attribute '_extract_neighborhood'
2025-01-18 22:08:50,543 - DEBUG - Starting forward pass with input shape: torch.Size([8, 3, 16, 112, 112])
2025-01-18 22:08:50,544 - ERROR - Error processing batch in train phase: 'RKHS_VNN' object has no attribute '_extract_neighborhood'
2025-01-18 22:08:50,821 - DEBUG - Starting forward pass with input shape: torch.Size([8, 3, 16, 112, 112])
2025-01-18 22:08:50,821 - ERROR - Error processing batch in train phase: 'RKHS_VNN' object has no attribute '_extract_neighborhood'
2025-01-18 22:08:51,129 - DEBUG - Starting forward pass with input shape: torch.Size([8, 3, 16, 112, 112])
2025-01-18 22:08:51,129 - ERROR - Error processing batch in train phase: 'RKHS_VNN' object has no attribute '_extract_neighborhood'
2025-01-18 22:08:51,413 - DEBUG - Starting forward pass with input shape: torch.Size([8, 3, 16, 112, 112])
2025-01-18 22:08:51,413 - ERROR - Error processing batch in train phase: 'RKHS_VNN' object has no attribute '_extract_neighborhood'
2025-01-18 22:08:51,680 - DEBUG - Starting forward pass with input shape: torch.Size([8, 3, 16, 112, 112])
2025-01-18 22:08:51,681 - ERROR - Error processing batch in train phase: 'RKHS_VNN' object has no attribute '_extract_neighborhood'
2025-01-18 22:08:51,973 - DEBUG - Starting forward pass with input shape: torch.Size([8, 3, 16, 112, 112])
2025-01-18 22:08:51,974 - ERROR - Error processing batch in train phase: 'RKHS_VNN' object has no attribute '_extract_neighborhood'
2025-01-18 22:08:52,276 - DEBUG - Starting forward pass with input shape: torch.Size([8, 3, 16, 112, 112])
2025-01-18 22:08:52,276 - ERROR - Error processing batch in train phase: 'RKHS_VNN' object has no attribute '_extract_neighborhood'
2025-01-18 22:08:52,563 - DEBUG - Starting forward pass with input shape: torch.Size([8, 3, 16, 112, 112])
2025-01-18 22:08:52,563 - ERROR - Error processing batch in train phase: 'RKHS_VNN' object has no attribute '_extract_neighborhood'
2025-01-18 22:08:52,848 - DEBUG - Starting forward pass with input shape: torch.Size([8, 3, 16, 112, 112])
2025-01-18 22:08:52,849 - ERROR - Error processing batch in train phase: 'RKHS_VNN' object has no attribute '_extract_neighborhood'
2025-01-18 22:08:53,129 - DEBUG - Starting forward pass with input shape: torch.Size([8, 3, 16, 112, 112])
2025-01-18 22:08:53,129 - ERROR - Error processing batch in train phase: 'RKHS_VNN' object has no attribute '_extract_neighborhood'
2025-01-18 22:08:53,425 - DEBUG - Starting forward pass with input shape: torch.Size([8, 3, 16, 112, 112])
2025-01-18 22:08:53,425 - ERROR - Error processing batch in train phase: 'RKHS_VNN' object has no attribute '_extract_neighborhood'
2025-01-18 22:08:53,711 - DEBUG - Starting forward pass with input shape: torch.Size([8, 3, 16, 112, 112])
2025-01-18 22:08:53,712 - ERROR - Error processing batch in train phase: 'RKHS_VNN' object has no attribute '_extract_neighborhood'
2025-01-18 22:08:53,992 - DEBUG - Starting forward pass with input shape: torch.Size([8, 3, 16, 112, 112])
2025-01-18 22:08:53,992 - ERROR - Error processing batch in train phase: 'RKHS_VNN' object has no attribute '_extract_neighborhood'
2025-01-18 22:08:54,282 - DEBUG - Starting forward pass with input shape: torch.Size([8, 3, 16, 112, 112])
2025-01-18 22:08:54,282 - ERROR - Error processing batch in train phase: 'RKHS_VNN' object has no attribute '_extract_neighborhood'
2025-01-18 22:08:54,555 - DEBUG - Starting forward pass with input shape: torch.Size([8, 3, 16, 112, 112])
2025-01-18 22:08:54,556 - ERROR - Error processing batch in train phase: 'RKHS_VNN' object has no attribute '_extract_neighborhood'
2025-01-18 22:08:54,850 - DEBUG - Starting forward pass with input shape: torch.Size([8, 3, 16, 112, 112])
2025-01-18 22:08:54,850 - ERROR - Error processing batch in train phase: 'RKHS_VNN' object has no attribute '_extract_neighborhood'
2025-01-18 22:08:55,123 - DEBUG - Starting forward pass with input shape: torch.Size([8, 3, 16, 112, 112])
2025-01-18 22:08:55,123 - ERROR - Error processing batch in train phase: 'RKHS_VNN' object has no attribute '_extract_neighborhood'
2025-01-18 22:08:55,407 - DEBUG - Starting forward pass with input shape: torch.Size([8, 3, 16, 112, 112])
2025-01-18 22:08:55,407 - ERROR - Error processing batch in train phase: 'RKHS_VNN' object has no attribute '_extract_neighborhood'
2025-01-18 22:08:55,717 - DEBUG - Starting forward pass with input shape: torch.Size([8, 3, 16, 112, 112])
2025-01-18 22:08:55,717 - ERROR - Error processing batch in train phase: 'RKHS_VNN' object has no attribute '_extract_neighborhood'
2025-01-18 22:08:55,992 - DEBUG - Starting forward pass with input shape: torch.Size([8, 3, 16, 112, 112])
2025-01-18 22:08:55,993 - ERROR - Error processing batch in train phase: 'RKHS_VNN' object has no attribute '_extract_neighborhood'
2025-01-18 22:08:56,264 - DEBUG - Starting forward pass with input shape: torch.Size([8, 3, 16, 112, 112])
2025-01-18 22:08:56,265 - ERROR - Error processing batch in train phase: 'RKHS_VNN' object has no attribute '_extract_neighborhood'
2025-01-18 22:08:56,557 - DEBUG - Starting forward pass with input shape: torch.Size([8, 3, 16, 112, 112])
2025-01-18 22:08:56,557 - ERROR - Error processing batch in train phase: 'RKHS_VNN' object has no attribute '_extract_neighborhood'
2025-01-18 22:08:56,863 - DEBUG - Starting forward pass with input shape: torch.Size([8, 3, 16, 112, 112])
2025-01-18 22:08:56,863 - ERROR - Error processing batch in train phase: 'RKHS_VNN' object has no attribute '_extract_neighborhood'
2025-01-18 22:08:57,144 - DEBUG - Starting forward pass with input shape: torch.Size([8, 3, 16, 112, 112])
2025-01-18 22:08:57,145 - ERROR - Error processing batch in train phase: 'RKHS_VNN' object has no attribute '_extract_neighborhood'
2025-01-18 22:08:57,439 - DEBUG - Starting forward pass with input shape: torch.Size([8, 3, 16, 112, 112])
2025-01-18 22:08:57,439 - ERROR - Error processing batch in train phase: 'RKHS_VNN' object has no attribute '_extract_neighborhood'
2025-01-18 22:08:57,717 - DEBUG - Starting forward pass with input shape: torch.Size([8, 3, 16, 112, 112])
2025-01-18 22:08:57,717 - ERROR - Error processing batch in train phase: 'RKHS_VNN' object has no attribute '_extract_neighborhood'
2025-01-18 22:08:57,992 - DEBUG - Starting forward pass with input shape: torch.Size([8, 3, 16, 112, 112])
2025-01-18 22:08:57,992 - ERROR - Error processing batch in train phase: 'RKHS_VNN' object has no attribute '_extract_neighborhood'
2025-01-18 22:08:58,277 - DEBUG - Starting forward pass with input shape: torch.Size([8, 3, 16, 112, 112])
2025-01-18 22:08:58,278 - ERROR - Error processing batch in train phase: 'RKHS_VNN' object has no attribute '_extract_neighborhood'
2025-01-18 22:08:58,553 - DEBUG - Starting forward pass with input shape: torch.Size([8, 3, 16, 112, 112])
2025-01-18 22:08:58,553 - ERROR - Error processing batch in train phase: 'RKHS_VNN' object has no attribute '_extract_neighborhood'
2025-01-18 22:08:58,845 - DEBUG - Starting forward pass with input shape: torch.Size([8, 3, 16, 112, 112])
2025-01-18 22:08:58,845 - ERROR - Error processing batch in train phase: 'RKHS_VNN' object has no attribute '_extract_neighborhood'
2025-01-18 22:08:59,135 - DEBUG - Starting forward pass with input shape: torch.Size([8, 3, 16, 112, 112])
2025-01-18 22:08:59,136 - ERROR - Error processing batch in train phase: 'RKHS_VNN' object has no attribute '_extract_neighborhood'
2025-01-18 22:08:59,430 - DEBUG - Starting forward pass with input shape: torch.Size([8, 3, 16, 112, 112])
2025-01-18 22:08:59,430 - ERROR - Error processing batch in train phase: 'RKHS_VNN' object has no attribute '_extract_neighborhood'
2025-01-18 22:08:59,718 - DEBUG - Starting forward pass with input shape: torch.Size([8, 3, 16, 112, 112])
2025-01-18 22:08:59,718 - ERROR - Error processing batch in train phase: 'RKHS_VNN' object has no attribute '_extract_neighborhood'
2025-01-18 22:09:00,004 - DEBUG - Starting forward pass with input shape: torch.Size([8, 3, 16, 112, 112])
2025-01-18 22:09:00,004 - ERROR - Error processing batch in train phase: 'RKHS_VNN' object has no attribute '_extract_neighborhood'
2025-01-18 22:09:00,302 - DEBUG - Starting forward pass with input shape: torch.Size([8, 3, 16, 112, 112])
2025-01-18 22:09:00,302 - ERROR - Error processing batch in train phase: 'RKHS_VNN' object has no attribute '_extract_neighborhood'
2025-01-18 22:09:00,579 - DEBUG - Starting forward pass with input shape: torch.Size([8, 3, 16, 112, 112])
2025-01-18 22:09:00,580 - ERROR - Error processing batch in train phase: 'RKHS_VNN' object has no attribute '_extract_neighborhood'
2025-01-18 22:09:00,862 - DEBUG - Starting forward pass with input shape: torch.Size([8, 3, 16, 112, 112])
2025-01-18 22:09:00,862 - ERROR - Error processing batch in train phase: 'RKHS_VNN' object has no attribute '_extract_neighborhood'
2025-01-18 22:09:01,138 - DEBUG - Starting forward pass with input shape: torch.Size([8, 3, 16, 112, 112])
2025-01-18 22:09:01,138 - ERROR - Error processing batch in train phase: 'RKHS_VNN' object has no attribute '_extract_neighborhood'
2025-01-18 22:09:01,438 - DEBUG - Starting forward pass with input shape: torch.Size([8, 3, 16, 112, 112])
2025-01-18 22:09:01,438 - ERROR - Error processing batch in train phase: 'RKHS_VNN' object has no attribute '_extract_neighborhood'
2025-01-18 22:09:01,710 - DEBUG - Starting forward pass with input shape: torch.Size([8, 3, 16, 112, 112])
2025-01-18 22:09:01,710 - ERROR - Error processing batch in train phase: 'RKHS_VNN' object has no attribute '_extract_neighborhood'
2025-01-18 22:09:01,985 - DEBUG - Starting forward pass with input shape: torch.Size([8, 3, 16, 112, 112])
2025-01-18 22:09:01,985 - ERROR - Error processing batch in train phase: 'RKHS_VNN' object has no attribute '_extract_neighborhood'
2025-01-18 22:09:02,267 - DEBUG - Starting forward pass with input shape: torch.Size([8, 3, 16, 112, 112])
2025-01-18 22:09:02,267 - ERROR - Error processing batch in train phase: 'RKHS_VNN' object has no attribute '_extract_neighborhood'
2025-01-18 22:09:02,560 - DEBUG - Starting forward pass with input shape: torch.Size([8, 3, 16, 112, 112])
2025-01-18 22:09:02,560 - ERROR - Error processing batch in train phase: 'RKHS_VNN' object has no attribute '_extract_neighborhood'
2025-01-18 22:09:02,852 - DEBUG - Starting forward pass with input shape: torch.Size([8, 3, 16, 112, 112])
2025-01-18 22:09:02,852 - ERROR - Error processing batch in train phase: 'RKHS_VNN' object has no attribute '_extract_neighborhood'
2025-01-18 22:09:03,129 - DEBUG - Starting forward pass with input shape: torch.Size([8, 3, 16, 112, 112])
2025-01-18 22:09:03,129 - ERROR - Error processing batch in train phase: 'RKHS_VNN' object has no attribute '_extract_neighborhood'
2025-01-18 22:09:03,412 - DEBUG - Starting forward pass with input shape: torch.Size([8, 3, 16, 112, 112])
2025-01-18 22:09:03,412 - ERROR - Error processing batch in train phase: 'RKHS_VNN' object has no attribute '_extract_neighborhood'
2025-01-18 22:09:03,701 - DEBUG - Starting forward pass with input shape: torch.Size([8, 3, 16, 112, 112])
2025-01-18 22:09:03,702 - ERROR - Error processing batch in train phase: 'RKHS_VNN' object has no attribute '_extract_neighborhood'
2025-01-18 22:09:03,990 - DEBUG - Starting forward pass with input shape: torch.Size([8, 3, 16, 112, 112])
2025-01-18 22:09:03,990 - ERROR - Error processing batch in train phase: 'RKHS_VNN' object has no attribute '_extract_neighborhood'
2025-01-18 22:09:04,266 - DEBUG - Starting forward pass with input shape: torch.Size([8, 3, 16, 112, 112])
2025-01-18 22:09:04,266 - ERROR - Error processing batch in train phase: 'RKHS_VNN' object has no attribute '_extract_neighborhood'
2025-01-18 22:09:04,546 - DEBUG - Starting forward pass with input shape: torch.Size([8, 3, 16, 112, 112])
2025-01-18 22:09:04,546 - ERROR - Error processing batch in train phase: 'RKHS_VNN' object has no attribute '_extract_neighborhood'
2025-01-18 22:09:04,842 - DEBUG - Starting forward pass with input shape: torch.Size([8, 3, 16, 112, 112])
2025-01-18 22:09:04,842 - ERROR - Error processing batch in train phase: 'RKHS_VNN' object has no attribute '_extract_neighborhood'
2025-01-18 22:09:05,114 - DEBUG - Starting forward pass with input shape: torch.Size([8, 3, 16, 112, 112])
2025-01-18 22:09:05,115 - ERROR - Error processing batch in train phase: 'RKHS_VNN' object has no attribute '_extract_neighborhood'
2025-01-18 22:09:05,402 - DEBUG - Starting forward pass with input shape: torch.Size([8, 3, 16, 112, 112])
2025-01-18 22:09:05,403 - ERROR - Error processing batch in train phase: 'RKHS_VNN' object has no attribute '_extract_neighborhood'
2025-01-18 22:09:05,680 - DEBUG - Starting forward pass with input shape: torch.Size([8, 3, 16, 112, 112])
2025-01-18 22:09:05,680 - ERROR - Error processing batch in train phase: 'RKHS_VNN' object has no attribute '_extract_neighborhood'
2025-01-18 22:09:05,978 - DEBUG - Starting forward pass with input shape: torch.Size([8, 3, 16, 112, 112])
2025-01-18 22:09:05,978 - ERROR - Error processing batch in train phase: 'RKHS_VNN' object has no attribute '_extract_neighborhood'
2025-01-18 22:09:06,274 - DEBUG - Starting forward pass with input shape: torch.Size([8, 3, 16, 112, 112])
2025-01-18 22:09:06,274 - ERROR - Error processing batch in train phase: 'RKHS_VNN' object has no attribute '_extract_neighborhood'
2025-01-18 22:09:06,569 - DEBUG - Starting forward pass with input shape: torch.Size([8, 3, 16, 112, 112])
2025-01-18 22:09:06,569 - ERROR - Error processing batch in train phase: 'RKHS_VNN' object has no attribute '_extract_neighborhood'
2025-01-18 22:09:06,858 - DEBUG - Starting forward pass with input shape: torch.Size([8, 3, 16, 112, 112])
2025-01-18 22:09:06,858 - ERROR - Error processing batch in train phase: 'RKHS_VNN' object has no attribute '_extract_neighborhood'
2025-01-18 22:09:07,165 - DEBUG - Starting forward pass with input shape: torch.Size([8, 3, 16, 112, 112])
2025-01-18 22:09:07,165 - ERROR - Error processing batch in train phase: 'RKHS_VNN' object has no attribute '_extract_neighborhood'
2025-01-18 22:09:07,441 - DEBUG - Starting forward pass with input shape: torch.Size([8, 3, 16, 112, 112])
2025-01-18 22:09:07,442 - ERROR - Error processing batch in train phase: 'RKHS_VNN' object has no attribute '_extract_neighborhood'
2025-01-18 22:09:07,717 - DEBUG - Starting forward pass with input shape: torch.Size([8, 3, 16, 112, 112])
2025-01-18 22:09:07,717 - ERROR - Error processing batch in train phase: 'RKHS_VNN' object has no attribute '_extract_neighborhood'
2025-01-18 22:09:08,002 - DEBUG - Starting forward pass with input shape: torch.Size([8, 3, 16, 112, 112])
2025-01-18 22:09:08,002 - ERROR - Error processing batch in train phase: 'RKHS_VNN' object has no attribute '_extract_neighborhood'
2025-01-18 22:09:08,295 - DEBUG - Starting forward pass with input shape: torch.Size([8, 3, 16, 112, 112])
2025-01-18 22:09:08,295 - ERROR - Error processing batch in train phase: 'RKHS_VNN' object has no attribute '_extract_neighborhood'
2025-01-18 22:09:08,587 - DEBUG - Starting forward pass with input shape: torch.Size([8, 3, 16, 112, 112])
2025-01-18 22:09:08,587 - ERROR - Error processing batch in train phase: 'RKHS_VNN' object has no attribute '_extract_neighborhood'
2025-01-18 22:09:08,878 - DEBUG - Starting forward pass with input shape: torch.Size([8, 3, 16, 112, 112])
2025-01-18 22:09:08,878 - ERROR - Error processing batch in train phase: 'RKHS_VNN' object has no attribute '_extract_neighborhood'
2025-01-18 22:09:09,161 - DEBUG - Starting forward pass with input shape: torch.Size([8, 3, 16, 112, 112])
2025-01-18 22:09:09,162 - ERROR - Error processing batch in train phase: 'RKHS_VNN' object has no attribute '_extract_neighborhood'
2025-01-18 22:09:09,458 - DEBUG - Starting forward pass with input shape: torch.Size([8, 3, 16, 112, 112])
2025-01-18 22:09:09,459 - ERROR - Error processing batch in train phase: 'RKHS_VNN' object has no attribute '_extract_neighborhood'
2025-01-18 22:09:09,742 - DEBUG - Starting forward pass with input shape: torch.Size([8, 3, 16, 112, 112])
2025-01-18 22:09:09,742 - ERROR - Error processing batch in train phase: 'RKHS_VNN' object has no attribute '_extract_neighborhood'
2025-01-18 22:09:10,022 - DEBUG - Starting forward pass with input shape: torch.Size([8, 3, 16, 112, 112])
2025-01-18 22:09:10,022 - ERROR - Error processing batch in train phase: 'RKHS_VNN' object has no attribute '_extract_neighborhood'
2025-01-18 22:09:10,306 - DEBUG - Starting forward pass with input shape: torch.Size([8, 3, 16, 112, 112])
2025-01-18 22:09:10,306 - ERROR - Error processing batch in train phase: 'RKHS_VNN' object has no attribute '_extract_neighborhood'
2025-01-18 22:09:10,597 - DEBUG - Starting forward pass with input shape: torch.Size([8, 3, 16, 112, 112])
2025-01-18 22:09:10,597 - ERROR - Error processing batch in train phase: 'RKHS_VNN' object has no attribute '_extract_neighborhood'
2025-01-18 22:09:10,871 - DEBUG - Starting forward pass with input shape: torch.Size([8, 3, 16, 112, 112])
2025-01-18 22:09:10,871 - ERROR - Error processing batch in train phase: 'RKHS_VNN' object has no attribute '_extract_neighborhood'
2025-01-18 22:09:11,148 - DEBUG - Starting forward pass with input shape: torch.Size([8, 3, 16, 112, 112])
2025-01-18 22:09:11,149 - ERROR - Error processing batch in train phase: 'RKHS_VNN' object has no attribute '_extract_neighborhood'
2025-01-18 22:09:11,445 - DEBUG - Starting forward pass with input shape: torch.Size([8, 3, 16, 112, 112])
2025-01-18 22:09:11,445 - ERROR - Error processing batch in train phase: 'RKHS_VNN' object has no attribute '_extract_neighborhood'
2025-01-18 22:09:11,744 - DEBUG - Starting forward pass with input shape: torch.Size([8, 3, 16, 112, 112])
2025-01-18 22:09:11,745 - ERROR - Error processing batch in train phase: 'RKHS_VNN' object has no attribute '_extract_neighborhood'
2025-01-18 22:09:12,038 - DEBUG - Starting forward pass with input shape: torch.Size([8, 3, 16, 112, 112])
2025-01-18 22:09:12,039 - ERROR - Error processing batch in train phase: 'RKHS_VNN' object has no attribute '_extract_neighborhood'
2025-01-18 22:09:12,315 - DEBUG - Starting forward pass with input shape: torch.Size([8, 3, 16, 112, 112])
2025-01-18 22:09:12,315 - ERROR - Error processing batch in train phase: 'RKHS_VNN' object has no attribute '_extract_neighborhood'
2025-01-18 22:09:12,584 - DEBUG - Starting forward pass with input shape: torch.Size([8, 3, 16, 112, 112])
2025-01-18 22:09:12,585 - ERROR - Error processing batch in train phase: 'RKHS_VNN' object has no attribute '_extract_neighborhood'
2025-01-18 22:09:12,874 - DEBUG - Starting forward pass with input shape: torch.Size([8, 3, 16, 112, 112])
2025-01-18 22:09:12,874 - ERROR - Error processing batch in train phase: 'RKHS_VNN' object has no attribute '_extract_neighborhood'
2025-01-18 22:09:13,151 - DEBUG - Starting forward pass with input shape: torch.Size([8, 3, 16, 112, 112])
2025-01-18 22:09:13,151 - ERROR - Error processing batch in train phase: 'RKHS_VNN' object has no attribute '_extract_neighborhood'
2025-01-18 22:09:13,437 - DEBUG - Starting forward pass with input shape: torch.Size([8, 3, 16, 112, 112])
2025-01-18 22:09:13,437 - ERROR - Error processing batch in train phase: 'RKHS_VNN' object has no attribute '_extract_neighborhood'
2025-01-18 22:09:13,736 - DEBUG - Starting forward pass with input shape: torch.Size([8, 3, 16, 112, 112])
2025-01-18 22:09:13,736 - ERROR - Error processing batch in train phase: 'RKHS_VNN' object has no attribute '_extract_neighborhood'
2025-01-18 22:09:14,042 - DEBUG - Starting forward pass with input shape: torch.Size([8, 3, 16, 112, 112])
2025-01-18 22:09:14,042 - ERROR - Error processing batch in train phase: 'RKHS_VNN' object has no attribute '_extract_neighborhood'
2025-01-18 22:09:14,310 - DEBUG - Starting forward pass with input shape: torch.Size([8, 3, 16, 112, 112])
2025-01-18 22:09:14,310 - ERROR - Error processing batch in train phase: 'RKHS_VNN' object has no attribute '_extract_neighborhood'
2025-01-18 22:09:14,595 - DEBUG - Starting forward pass with input shape: torch.Size([8, 3, 16, 112, 112])
2025-01-18 22:09:14,596 - ERROR - Error processing batch in train phase: 'RKHS_VNN' object has no attribute '_extract_neighborhood'
2025-01-18 22:09:14,884 - DEBUG - Starting forward pass with input shape: torch.Size([8, 3, 16, 112, 112])
2025-01-18 22:09:14,885 - ERROR - Error processing batch in train phase: 'RKHS_VNN' object has no attribute '_extract_neighborhood'
2025-01-18 22:09:15,169 - DEBUG - Starting forward pass with input shape: torch.Size([8, 3, 16, 112, 112])
2025-01-18 22:09:15,169 - ERROR - Error processing batch in train phase: 'RKHS_VNN' object has no attribute '_extract_neighborhood'
2025-01-18 22:09:15,458 - DEBUG - Starting forward pass with input shape: torch.Size([8, 3, 16, 112, 112])
2025-01-18 22:09:15,459 - ERROR - Error processing batch in train phase: 'RKHS_VNN' object has no attribute '_extract_neighborhood'
2025-01-18 22:09:15,749 - DEBUG - Starting forward pass with input shape: torch.Size([8, 3, 16, 112, 112])
2025-01-18 22:09:15,750 - ERROR - Error processing batch in train phase: 'RKHS_VNN' object has no attribute '_extract_neighborhood'
2025-01-18 22:09:16,036 - DEBUG - Starting forward pass with input shape: torch.Size([8, 3, 16, 112, 112])
2025-01-18 22:09:16,037 - ERROR - Error processing batch in train phase: 'RKHS_VNN' object has no attribute '_extract_neighborhood'
2025-01-18 22:09:16,309 - DEBUG - Starting forward pass with input shape: torch.Size([8, 3, 16, 112, 112])
2025-01-18 22:09:16,309 - ERROR - Error processing batch in train phase: 'RKHS_VNN' object has no attribute '_extract_neighborhood'
2025-01-18 22:09:16,614 - DEBUG - Starting forward pass with input shape: torch.Size([8, 3, 16, 112, 112])
2025-01-18 22:09:16,614 - ERROR - Error processing batch in train phase: 'RKHS_VNN' object has no attribute '_extract_neighborhood'
2025-01-18 22:09:16,880 - DEBUG - Starting forward pass with input shape: torch.Size([8, 3, 16, 112, 112])
2025-01-18 22:09:16,880 - ERROR - Error processing batch in train phase: 'RKHS_VNN' object has no attribute '_extract_neighborhood'
