2025-01-18 22:11:15,459 - INFO - Logging initialized. Log file: /usr/users/volterrakernel/lepretre_cle/volterra/logs/v2/RKHS_fusion-v2-train-run-2025-01-18-22-11-15.log
2025-01-18 22:11:15,459 - INFO - Model version: v2
2025-01-18 22:11:15,530 - INFO - Using device: cuda:0
2025-01-18 22:11:15,531 - DEBUG - Initializing architecture configuration.
2025-01-18 22:11:15,531 - DEBUG - Calculating feature dimensions dynamically.
2025-01-18 22:11:15,531 - DEBUG - Initial input dimensions: 16x112x112
2025-01-18 22:11:15,531 - DEBUG - After layer with stride 1: 16x112x112
2025-01-18 22:11:15,531 - DEBUG - After layer with stride 2: 8x56x56
2025-01-18 22:11:15,531 - DEBUG - After layer with stride 1: 8x56x56
2025-01-18 22:11:15,531 - DEBUG - After layer with stride 2: 4x28x28
2025-01-18 22:11:15,531 - DEBUG - Initializing layers.
2025-01-18 22:11:16,049 - DEBUG - Initialized eta_1 with shape: torch.Size([3, 27, 27, 16, 112, 112])
2025-01-18 22:11:16,529 - DEBUG - Initialized eta_2 with shape: torch.Size([3, 27, 27, 16, 112, 112])
2025-01-18 22:11:17,006 - DEBUG - Initialized eta_3 with shape: torch.Size([3, 27, 27, 16, 112, 112])
2025-01-18 22:11:17,488 - DEBUG - Initialized eta_4 with shape: torch.Size([3, 27, 27, 16, 112, 112])
2025-01-18 22:11:17,488 - DEBUG - Initialized BatchNorm3d and Dropout3d for layer 1
2025-01-18 22:11:17,488 - DEBUG - Initialized BatchNorm3d and Dropout3d for layer 2
2025-01-18 22:11:17,489 - DEBUG - Initialized BatchNorm3d and Dropout3d for layer 3
2025-01-18 22:11:17,489 - DEBUG - Initialized BatchNorm3d and Dropout3d for layer 4
2025-01-18 22:11:17,489 - DEBUG - Initializing weights for all layers.
2025-01-18 22:11:17,489 - DEBUG - Initializing architecture configuration.
2025-01-18 22:11:17,489 - DEBUG - Calculating feature dimensions dynamically.
2025-01-18 22:11:17,489 - DEBUG - Initial input dimensions: 16x112x112
2025-01-18 22:11:17,489 - DEBUG - After layer with stride 1: 16x112x112
2025-01-18 22:11:17,489 - DEBUG - After layer with stride 2: 8x56x56
2025-01-18 22:11:17,489 - DEBUG - After layer with stride 1: 8x56x56
2025-01-18 22:11:17,489 - DEBUG - After layer with stride 2: 4x28x28
2025-01-18 22:11:17,489 - DEBUG - Initializing layers.
2025-01-18 22:11:17,818 - DEBUG - Initialized eta_1 with shape: torch.Size([2, 27, 27, 16, 112, 112])
2025-01-18 22:11:18,137 - DEBUG - Initialized eta_2 with shape: torch.Size([2, 27, 27, 16, 112, 112])
2025-01-18 22:11:18,456 - DEBUG - Initialized eta_3 with shape: torch.Size([2, 27, 27, 16, 112, 112])
2025-01-18 22:11:18,787 - DEBUG - Initialized eta_4 with shape: torch.Size([2, 27, 27, 16, 112, 112])
2025-01-18 22:11:18,788 - DEBUG - Initialized BatchNorm3d and Dropout3d for layer 1
2025-01-18 22:11:18,788 - DEBUG - Initialized BatchNorm3d and Dropout3d for layer 2
2025-01-18 22:11:18,788 - DEBUG - Initialized BatchNorm3d and Dropout3d for layer 3
2025-01-18 22:11:18,788 - DEBUG - Initialized BatchNorm3d and Dropout3d for layer 4
2025-01-18 22:11:18,788 - DEBUG - Initializing weights for all layers.
2025-01-18 22:11:21,013 - INFO - Total model parameters: 2939.85M
2025-01-18 22:11:23,222 - INFO - TensorBoard log directory: /usr/users/volterrakernel/lepretre_cle/volterra/models/Jan18_22-11-23_sh03
2025-01-18 22:11:23,223 - INFO - Dataset: hmdb51, Root: ./data/HMDB51/videos, Output: ./data/HMDB51/preprocessed
2025-01-18 22:11:23,223 - DEBUG - Checking preprocessing for hmdb51
2025-01-18 22:11:23,915 - DEBUG - Preprocessing check passed
2025-01-18 22:11:23,971 - INFO - Number of train videos: 4289
2025-01-18 22:11:23,977 - INFO - Dataset: hmdb51, Root: ./data/HMDB51/videos, Output: ./data/HMDB51/preprocessed
2025-01-18 22:11:23,977 - DEBUG - Checking preprocessing for hmdb51
2025-01-18 22:11:24,227 - DEBUG - Preprocessing check passed
2025-01-18 22:11:24,251 - INFO - Number of val videos: 1101
2025-01-18 22:11:24,257 - INFO - Dataset: hmdb51, Root: ./data/HMDB51/videos, Output: ./data/HMDB51/preprocessed
2025-01-18 22:11:24,257 - DEBUG - Checking preprocessing for hmdb51
2025-01-18 22:11:24,553 - DEBUG - Preprocessing check passed
2025-01-18 22:11:24,581 - INFO - Number of test videos: 1376
2025-01-18 22:11:24,587 - INFO - Starting epoch 1/100
2025-01-18 22:11:25,951 - DEBUG - Starting forward pass with input shape: torch.Size([8, 3, 16, 112, 112])
2025-01-18 22:11:25,982 - ERROR - Error processing batch in train phase: too many values to unpack (expected 5)
2025-01-18 22:11:26,275 - DEBUG - Starting forward pass with input shape: torch.Size([8, 3, 16, 112, 112])
2025-01-18 22:11:26,275 - ERROR - Error processing batch in train phase: too many values to unpack (expected 5)
2025-01-18 22:11:26,555 - DEBUG - Starting forward pass with input shape: torch.Size([8, 3, 16, 112, 112])
2025-01-18 22:11:26,555 - ERROR - Error processing batch in train phase: too many values to unpack (expected 5)
2025-01-18 22:11:26,839 - DEBUG - Starting forward pass with input shape: torch.Size([8, 3, 16, 112, 112])
2025-01-18 22:11:26,840 - ERROR - Error processing batch in train phase: too many values to unpack (expected 5)
2025-01-18 22:11:27,130 - DEBUG - Starting forward pass with input shape: torch.Size([8, 3, 16, 112, 112])
2025-01-18 22:11:27,131 - ERROR - Error processing batch in train phase: too many values to unpack (expected 5)
2025-01-18 22:11:27,411 - DEBUG - Starting forward pass with input shape: torch.Size([8, 3, 16, 112, 112])
2025-01-18 22:11:27,412 - ERROR - Error processing batch in train phase: too many values to unpack (expected 5)
2025-01-18 22:11:27,718 - DEBUG - Starting forward pass with input shape: torch.Size([8, 3, 16, 112, 112])
2025-01-18 22:11:27,719 - ERROR - Error processing batch in train phase: too many values to unpack (expected 5)
2025-01-18 22:11:28,010 - DEBUG - Starting forward pass with input shape: torch.Size([8, 3, 16, 112, 112])
2025-01-18 22:11:28,010 - ERROR - Error processing batch in train phase: too many values to unpack (expected 5)
2025-01-18 22:11:28,320 - DEBUG - Starting forward pass with input shape: torch.Size([8, 3, 16, 112, 112])
2025-01-18 22:11:28,320 - ERROR - Error processing batch in train phase: too many values to unpack (expected 5)
2025-01-18 22:11:28,586 - DEBUG - Starting forward pass with input shape: torch.Size([8, 3, 16, 112, 112])
2025-01-18 22:11:28,587 - ERROR - Error processing batch in train phase: too many values to unpack (expected 5)
2025-01-18 22:11:28,885 - DEBUG - Starting forward pass with input shape: torch.Size([8, 3, 16, 112, 112])
2025-01-18 22:11:28,885 - ERROR - Error processing batch in train phase: too many values to unpack (expected 5)
2025-01-18 22:11:29,154 - DEBUG - Starting forward pass with input shape: torch.Size([8, 3, 16, 112, 112])
2025-01-18 22:11:29,155 - ERROR - Error processing batch in train phase: too many values to unpack (expected 5)
2025-01-18 22:11:29,462 - DEBUG - Starting forward pass with input shape: torch.Size([8, 3, 16, 112, 112])
2025-01-18 22:11:29,462 - ERROR - Error processing batch in train phase: too many values to unpack (expected 5)
2025-01-18 22:11:29,761 - DEBUG - Starting forward pass with input shape: torch.Size([8, 3, 16, 112, 112])
2025-01-18 22:11:29,767 - ERROR - Error processing batch in train phase: too many values to unpack (expected 5)
2025-01-18 22:11:30,050 - DEBUG - Starting forward pass with input shape: torch.Size([8, 3, 16, 112, 112])
2025-01-18 22:11:30,050 - ERROR - Error processing batch in train phase: too many values to unpack (expected 5)
2025-01-18 22:11:30,341 - DEBUG - Starting forward pass with input shape: torch.Size([8, 3, 16, 112, 112])
2025-01-18 22:11:30,342 - ERROR - Error processing batch in train phase: too many values to unpack (expected 5)
2025-01-18 22:11:30,612 - DEBUG - Starting forward pass with input shape: torch.Size([8, 3, 16, 112, 112])
2025-01-18 22:11:30,613 - ERROR - Error processing batch in train phase: too many values to unpack (expected 5)
2025-01-18 22:11:30,886 - DEBUG - Starting forward pass with input shape: torch.Size([8, 3, 16, 112, 112])
2025-01-18 22:11:30,886 - ERROR - Error processing batch in train phase: too many values to unpack (expected 5)
2025-01-18 22:11:31,180 - DEBUG - Starting forward pass with input shape: torch.Size([8, 3, 16, 112, 112])
2025-01-18 22:11:31,180 - ERROR - Error processing batch in train phase: too many values to unpack (expected 5)
2025-01-18 22:11:31,457 - DEBUG - Starting forward pass with input shape: torch.Size([8, 3, 16, 112, 112])
2025-01-18 22:11:31,457 - ERROR - Error processing batch in train phase: too many values to unpack (expected 5)
2025-01-18 22:11:31,746 - DEBUG - Starting forward pass with input shape: torch.Size([8, 3, 16, 112, 112])
2025-01-18 22:11:31,746 - ERROR - Error processing batch in train phase: too many values to unpack (expected 5)
2025-01-18 22:11:32,025 - DEBUG - Starting forward pass with input shape: torch.Size([8, 3, 16, 112, 112])
2025-01-18 22:11:32,025 - ERROR - Error processing batch in train phase: too many values to unpack (expected 5)
2025-01-18 22:11:32,303 - DEBUG - Starting forward pass with input shape: torch.Size([8, 3, 16, 112, 112])
2025-01-18 22:11:32,303 - ERROR - Error processing batch in train phase: too many values to unpack (expected 5)
2025-01-18 22:11:32,586 - DEBUG - Starting forward pass with input shape: torch.Size([8, 3, 16, 112, 112])
2025-01-18 22:11:32,586 - ERROR - Error processing batch in train phase: too many values to unpack (expected 5)
2025-01-18 22:11:32,881 - DEBUG - Starting forward pass with input shape: torch.Size([8, 3, 16, 112, 112])
2025-01-18 22:11:32,881 - ERROR - Error processing batch in train phase: too many values to unpack (expected 5)
2025-01-18 22:11:33,165 - DEBUG - Starting forward pass with input shape: torch.Size([8, 3, 16, 112, 112])
2025-01-18 22:11:33,166 - ERROR - Error processing batch in train phase: too many values to unpack (expected 5)
2025-01-18 22:11:33,456 - DEBUG - Starting forward pass with input shape: torch.Size([8, 3, 16, 112, 112])
2025-01-18 22:11:33,456 - ERROR - Error processing batch in train phase: too many values to unpack (expected 5)
2025-01-18 22:11:33,741 - DEBUG - Starting forward pass with input shape: torch.Size([8, 3, 16, 112, 112])
2025-01-18 22:11:33,742 - ERROR - Error processing batch in train phase: too many values to unpack (expected 5)
2025-01-18 22:11:34,044 - DEBUG - Starting forward pass with input shape: torch.Size([8, 3, 16, 112, 112])
2025-01-18 22:11:34,044 - ERROR - Error processing batch in train phase: too many values to unpack (expected 5)
2025-01-18 22:11:34,323 - DEBUG - Starting forward pass with input shape: torch.Size([8, 3, 16, 112, 112])
2025-01-18 22:11:34,324 - ERROR - Error processing batch in train phase: too many values to unpack (expected 5)
2025-01-18 22:11:34,599 - DEBUG - Starting forward pass with input shape: torch.Size([8, 3, 16, 112, 112])
2025-01-18 22:11:34,600 - ERROR - Error processing batch in train phase: too many values to unpack (expected 5)
2025-01-18 22:11:34,897 - DEBUG - Starting forward pass with input shape: torch.Size([8, 3, 16, 112, 112])
2025-01-18 22:11:34,898 - ERROR - Error processing batch in train phase: too many values to unpack (expected 5)
2025-01-18 22:11:35,191 - DEBUG - Starting forward pass with input shape: torch.Size([8, 3, 16, 112, 112])
2025-01-18 22:11:35,191 - ERROR - Error processing batch in train phase: too many values to unpack (expected 5)
2025-01-18 22:11:35,465 - DEBUG - Starting forward pass with input shape: torch.Size([8, 3, 16, 112, 112])
2025-01-18 22:11:35,465 - ERROR - Error processing batch in train phase: too many values to unpack (expected 5)
2025-01-18 22:11:35,747 - DEBUG - Starting forward pass with input shape: torch.Size([8, 3, 16, 112, 112])
2025-01-18 22:11:35,748 - ERROR - Error processing batch in train phase: too many values to unpack (expected 5)
2025-01-18 22:11:36,038 - DEBUG - Starting forward pass with input shape: torch.Size([8, 3, 16, 112, 112])
2025-01-18 22:11:36,038 - ERROR - Error processing batch in train phase: too many values to unpack (expected 5)
2025-01-18 22:11:36,331 - DEBUG - Starting forward pass with input shape: torch.Size([8, 3, 16, 112, 112])
2025-01-18 22:11:36,331 - ERROR - Error processing batch in train phase: too many values to unpack (expected 5)
2025-01-18 22:11:36,616 - DEBUG - Starting forward pass with input shape: torch.Size([8, 3, 16, 112, 112])
2025-01-18 22:11:36,617 - ERROR - Error processing batch in train phase: too many values to unpack (expected 5)
2025-01-18 22:11:36,890 - DEBUG - Starting forward pass with input shape: torch.Size([8, 3, 16, 112, 112])
2025-01-18 22:11:36,891 - ERROR - Error processing batch in train phase: too many values to unpack (expected 5)
2025-01-18 22:11:37,167 - DEBUG - Starting forward pass with input shape: torch.Size([8, 3, 16, 112, 112])
2025-01-18 22:11:37,167 - ERROR - Error processing batch in train phase: too many values to unpack (expected 5)
2025-01-18 22:11:37,452 - DEBUG - Starting forward pass with input shape: torch.Size([8, 3, 16, 112, 112])
2025-01-18 22:11:37,452 - ERROR - Error processing batch in train phase: too many values to unpack (expected 5)
2025-01-18 22:11:37,738 - DEBUG - Starting forward pass with input shape: torch.Size([8, 3, 16, 112, 112])
2025-01-18 22:11:37,739 - ERROR - Error processing batch in train phase: too many values to unpack (expected 5)
2025-01-18 22:11:38,010 - DEBUG - Starting forward pass with input shape: torch.Size([8, 3, 16, 112, 112])
2025-01-18 22:11:38,010 - ERROR - Error processing batch in train phase: too many values to unpack (expected 5)
2025-01-18 22:11:38,308 - DEBUG - Starting forward pass with input shape: torch.Size([8, 3, 16, 112, 112])
2025-01-18 22:11:38,309 - ERROR - Error processing batch in train phase: too many values to unpack (expected 5)
2025-01-18 22:11:38,590 - DEBUG - Starting forward pass with input shape: torch.Size([8, 3, 16, 112, 112])
2025-01-18 22:11:38,591 - ERROR - Error processing batch in train phase: too many values to unpack (expected 5)
2025-01-18 22:11:38,886 - DEBUG - Starting forward pass with input shape: torch.Size([8, 3, 16, 112, 112])
2025-01-18 22:11:38,887 - ERROR - Error processing batch in train phase: too many values to unpack (expected 5)
2025-01-18 22:11:39,157 - DEBUG - Starting forward pass with input shape: torch.Size([8, 3, 16, 112, 112])
2025-01-18 22:11:39,158 - ERROR - Error processing batch in train phase: too many values to unpack (expected 5)
2025-01-18 22:11:39,443 - DEBUG - Starting forward pass with input shape: torch.Size([8, 3, 16, 112, 112])
2025-01-18 22:11:39,443 - ERROR - Error processing batch in train phase: too many values to unpack (expected 5)
2025-01-18 22:11:39,724 - DEBUG - Starting forward pass with input shape: torch.Size([8, 3, 16, 112, 112])
2025-01-18 22:11:39,725 - ERROR - Error processing batch in train phase: too many values to unpack (expected 5)
2025-01-18 22:11:40,015 - DEBUG - Starting forward pass with input shape: torch.Size([8, 3, 16, 112, 112])
2025-01-18 22:11:40,016 - ERROR - Error processing batch in train phase: too many values to unpack (expected 5)
2025-01-18 22:11:40,302 - DEBUG - Starting forward pass with input shape: torch.Size([8, 3, 16, 112, 112])
2025-01-18 22:11:40,303 - ERROR - Error processing batch in train phase: too many values to unpack (expected 5)
2025-01-18 22:11:40,569 - DEBUG - Starting forward pass with input shape: torch.Size([8, 3, 16, 112, 112])
2025-01-18 22:11:40,569 - ERROR - Error processing batch in train phase: too many values to unpack (expected 5)
2025-01-18 22:11:40,867 - DEBUG - Starting forward pass with input shape: torch.Size([8, 3, 16, 112, 112])
2025-01-18 22:11:40,867 - ERROR - Error processing batch in train phase: too many values to unpack (expected 5)
2025-01-18 22:11:41,142 - DEBUG - Starting forward pass with input shape: torch.Size([8, 3, 16, 112, 112])
2025-01-18 22:11:41,143 - ERROR - Error processing batch in train phase: too many values to unpack (expected 5)
2025-01-18 22:11:41,430 - DEBUG - Starting forward pass with input shape: torch.Size([8, 3, 16, 112, 112])
2025-01-18 22:11:41,430 - ERROR - Error processing batch in train phase: too many values to unpack (expected 5)
2025-01-18 22:11:41,716 - DEBUG - Starting forward pass with input shape: torch.Size([8, 3, 16, 112, 112])
2025-01-18 22:11:41,717 - ERROR - Error processing batch in train phase: too many values to unpack (expected 5)
2025-01-18 22:11:42,000 - DEBUG - Starting forward pass with input shape: torch.Size([8, 3, 16, 112, 112])
2025-01-18 22:11:42,001 - ERROR - Error processing batch in train phase: too many values to unpack (expected 5)
2025-01-18 22:11:42,278 - DEBUG - Starting forward pass with input shape: torch.Size([8, 3, 16, 112, 112])
2025-01-18 22:11:42,278 - ERROR - Error processing batch in train phase: too many values to unpack (expected 5)
2025-01-18 22:11:42,559 - DEBUG - Starting forward pass with input shape: torch.Size([8, 3, 16, 112, 112])
2025-01-18 22:11:42,559 - ERROR - Error processing batch in train phase: too many values to unpack (expected 5)
2025-01-18 22:11:42,850 - DEBUG - Starting forward pass with input shape: torch.Size([8, 3, 16, 112, 112])
2025-01-18 22:11:42,851 - ERROR - Error processing batch in train phase: too many values to unpack (expected 5)
2025-01-18 22:11:43,143 - DEBUG - Starting forward pass with input shape: torch.Size([8, 3, 16, 112, 112])
2025-01-18 22:11:43,144 - ERROR - Error processing batch in train phase: too many values to unpack (expected 5)
2025-01-18 22:11:43,443 - DEBUG - Starting forward pass with input shape: torch.Size([8, 3, 16, 112, 112])
2025-01-18 22:11:43,444 - ERROR - Error processing batch in train phase: too many values to unpack (expected 5)
2025-01-18 22:11:43,728 - DEBUG - Starting forward pass with input shape: torch.Size([8, 3, 16, 112, 112])
2025-01-18 22:11:43,729 - ERROR - Error processing batch in train phase: too many values to unpack (expected 5)
2025-01-18 22:11:44,020 - DEBUG - Starting forward pass with input shape: torch.Size([8, 3, 16, 112, 112])
2025-01-18 22:11:44,020 - ERROR - Error processing batch in train phase: too many values to unpack (expected 5)
2025-01-18 22:11:44,310 - DEBUG - Starting forward pass with input shape: torch.Size([8, 3, 16, 112, 112])
2025-01-18 22:11:44,311 - ERROR - Error processing batch in train phase: too many values to unpack (expected 5)
2025-01-18 22:11:44,598 - DEBUG - Starting forward pass with input shape: torch.Size([8, 3, 16, 112, 112])
2025-01-18 22:11:44,598 - ERROR - Error processing batch in train phase: too many values to unpack (expected 5)
2025-01-18 22:11:44,874 - DEBUG - Starting forward pass with input shape: torch.Size([8, 3, 16, 112, 112])
2025-01-18 22:11:44,874 - ERROR - Error processing batch in train phase: too many values to unpack (expected 5)
2025-01-18 22:11:45,171 - DEBUG - Starting forward pass with input shape: torch.Size([8, 3, 16, 112, 112])
2025-01-18 22:11:45,172 - ERROR - Error processing batch in train phase: too many values to unpack (expected 5)
2025-01-18 22:11:45,469 - DEBUG - Starting forward pass with input shape: torch.Size([8, 3, 16, 112, 112])
2025-01-18 22:11:45,470 - ERROR - Error processing batch in train phase: too many values to unpack (expected 5)
2025-01-18 22:11:45,768 - DEBUG - Starting forward pass with input shape: torch.Size([8, 3, 16, 112, 112])
2025-01-18 22:11:45,768 - ERROR - Error processing batch in train phase: too many values to unpack (expected 5)
2025-01-18 22:11:46,060 - DEBUG - Starting forward pass with input shape: torch.Size([8, 3, 16, 112, 112])
2025-01-18 22:11:46,061 - ERROR - Error processing batch in train phase: too many values to unpack (expected 5)
2025-01-18 22:11:46,348 - DEBUG - Starting forward pass with input shape: torch.Size([8, 3, 16, 112, 112])
2025-01-18 22:11:46,349 - ERROR - Error processing batch in train phase: too many values to unpack (expected 5)
2025-01-18 22:11:46,650 - DEBUG - Starting forward pass with input shape: torch.Size([8, 3, 16, 112, 112])
2025-01-18 22:11:46,650 - ERROR - Error processing batch in train phase: too many values to unpack (expected 5)
2025-01-18 22:11:46,950 - DEBUG - Starting forward pass with input shape: torch.Size([8, 3, 16, 112, 112])
2025-01-18 22:11:46,951 - ERROR - Error processing batch in train phase: too many values to unpack (expected 5)
2025-01-18 22:11:47,233 - DEBUG - Starting forward pass with input shape: torch.Size([8, 3, 16, 112, 112])
2025-01-18 22:11:47,234 - ERROR - Error processing batch in train phase: too many values to unpack (expected 5)
2025-01-18 22:11:47,525 - DEBUG - Starting forward pass with input shape: torch.Size([8, 3, 16, 112, 112])
2025-01-18 22:11:47,526 - ERROR - Error processing batch in train phase: too many values to unpack (expected 5)
2025-01-18 22:11:47,818 - DEBUG - Starting forward pass with input shape: torch.Size([8, 3, 16, 112, 112])
2025-01-18 22:11:47,819 - ERROR - Error processing batch in train phase: too many values to unpack (expected 5)
2025-01-18 22:11:48,100 - DEBUG - Starting forward pass with input shape: torch.Size([8, 3, 16, 112, 112])
2025-01-18 22:11:48,101 - ERROR - Error processing batch in train phase: too many values to unpack (expected 5)
2025-01-18 22:11:48,383 - DEBUG - Starting forward pass with input shape: torch.Size([8, 3, 16, 112, 112])
2025-01-18 22:11:48,383 - ERROR - Error processing batch in train phase: too many values to unpack (expected 5)
2025-01-18 22:11:48,673 - DEBUG - Starting forward pass with input shape: torch.Size([8, 3, 16, 112, 112])
2025-01-18 22:11:48,673 - ERROR - Error processing batch in train phase: too many values to unpack (expected 5)
2025-01-18 22:11:48,953 - DEBUG - Starting forward pass with input shape: torch.Size([8, 3, 16, 112, 112])
2025-01-18 22:11:48,953 - ERROR - Error processing batch in train phase: too many values to unpack (expected 5)
2025-01-18 22:11:49,230 - DEBUG - Starting forward pass with input shape: torch.Size([8, 3, 16, 112, 112])
2025-01-18 22:11:49,230 - ERROR - Error processing batch in train phase: too many values to unpack (expected 5)
2025-01-18 22:11:49,496 - DEBUG - Starting forward pass with input shape: torch.Size([8, 3, 16, 112, 112])
2025-01-18 22:11:49,497 - ERROR - Error processing batch in train phase: too many values to unpack (expected 5)
2025-01-18 22:11:49,806 - DEBUG - Starting forward pass with input shape: torch.Size([8, 3, 16, 112, 112])
2025-01-18 22:11:49,807 - ERROR - Error processing batch in train phase: too many values to unpack (expected 5)
2025-01-18 22:11:50,107 - DEBUG - Starting forward pass with input shape: torch.Size([8, 3, 16, 112, 112])
2025-01-18 22:11:50,108 - ERROR - Error processing batch in train phase: too many values to unpack (expected 5)
2025-01-18 22:11:50,384 - DEBUG - Starting forward pass with input shape: torch.Size([8, 3, 16, 112, 112])
2025-01-18 22:11:50,384 - ERROR - Error processing batch in train phase: too many values to unpack (expected 5)
2025-01-18 22:11:50,661 - DEBUG - Starting forward pass with input shape: torch.Size([8, 3, 16, 112, 112])
2025-01-18 22:11:50,661 - ERROR - Error processing batch in train phase: too many values to unpack (expected 5)
2025-01-18 22:11:50,949 - DEBUG - Starting forward pass with input shape: torch.Size([8, 3, 16, 112, 112])
2025-01-18 22:11:50,949 - ERROR - Error processing batch in train phase: too many values to unpack (expected 5)
2025-01-18 22:11:51,243 - DEBUG - Starting forward pass with input shape: torch.Size([8, 3, 16, 112, 112])
2025-01-18 22:11:51,244 - ERROR - Error processing batch in train phase: too many values to unpack (expected 5)
2025-01-18 22:11:51,534 - DEBUG - Starting forward pass with input shape: torch.Size([8, 3, 16, 112, 112])
2025-01-18 22:11:51,535 - ERROR - Error processing batch in train phase: too many values to unpack (expected 5)
2025-01-18 22:11:51,807 - DEBUG - Starting forward pass with input shape: torch.Size([8, 3, 16, 112, 112])
2025-01-18 22:11:51,807 - ERROR - Error processing batch in train phase: too many values to unpack (expected 5)
2025-01-18 22:11:52,097 - DEBUG - Starting forward pass with input shape: torch.Size([8, 3, 16, 112, 112])
2025-01-18 22:11:52,098 - ERROR - Error processing batch in train phase: too many values to unpack (expected 5)
2025-01-18 22:11:52,390 - DEBUG - Starting forward pass with input shape: torch.Size([8, 3, 16, 112, 112])
2025-01-18 22:11:52,391 - ERROR - Error processing batch in train phase: too many values to unpack (expected 5)
2025-01-18 22:11:52,674 - DEBUG - Starting forward pass with input shape: torch.Size([8, 3, 16, 112, 112])
2025-01-18 22:11:52,675 - ERROR - Error processing batch in train phase: too many values to unpack (expected 5)
2025-01-18 22:11:52,951 - DEBUG - Starting forward pass with input shape: torch.Size([8, 3, 16, 112, 112])
2025-01-18 22:11:52,951 - ERROR - Error processing batch in train phase: too many values to unpack (expected 5)
2025-01-18 22:11:53,249 - DEBUG - Starting forward pass with input shape: torch.Size([8, 3, 16, 112, 112])
2025-01-18 22:11:53,250 - ERROR - Error processing batch in train phase: too many values to unpack (expected 5)
2025-01-18 22:11:53,539 - DEBUG - Starting forward pass with input shape: torch.Size([8, 3, 16, 112, 112])
2025-01-18 22:11:53,539 - ERROR - Error processing batch in train phase: too many values to unpack (expected 5)
2025-01-18 22:11:53,826 - DEBUG - Starting forward pass with input shape: torch.Size([8, 3, 16, 112, 112])
2025-01-18 22:11:53,827 - ERROR - Error processing batch in train phase: too many values to unpack (expected 5)
2025-01-18 22:11:54,098 - DEBUG - Starting forward pass with input shape: torch.Size([8, 3, 16, 112, 112])
2025-01-18 22:11:54,098 - ERROR - Error processing batch in train phase: too many values to unpack (expected 5)
2025-01-18 22:11:54,381 - DEBUG - Starting forward pass with input shape: torch.Size([8, 3, 16, 112, 112])
2025-01-18 22:11:54,381 - ERROR - Error processing batch in train phase: too many values to unpack (expected 5)
2025-01-18 22:11:54,670 - DEBUG - Starting forward pass with input shape: torch.Size([8, 3, 16, 112, 112])
2025-01-18 22:11:54,671 - ERROR - Error processing batch in train phase: too many values to unpack (expected 5)
2025-01-18 22:11:54,951 - DEBUG - Starting forward pass with input shape: torch.Size([8, 3, 16, 112, 112])
2025-01-18 22:11:54,952 - ERROR - Error processing batch in train phase: too many values to unpack (expected 5)
2025-01-18 22:11:55,234 - DEBUG - Starting forward pass with input shape: torch.Size([8, 3, 16, 112, 112])
2025-01-18 22:11:55,234 - ERROR - Error processing batch in train phase: too many values to unpack (expected 5)
2025-01-18 22:11:55,547 - DEBUG - Starting forward pass with input shape: torch.Size([8, 3, 16, 112, 112])
2025-01-18 22:11:55,548 - ERROR - Error processing batch in train phase: too many values to unpack (expected 5)
2025-01-18 22:11:55,837 - DEBUG - Starting forward pass with input shape: torch.Size([8, 3, 16, 112, 112])
2025-01-18 22:11:55,838 - ERROR - Error processing batch in train phase: too many values to unpack (expected 5)
2025-01-18 22:11:56,136 - DEBUG - Starting forward pass with input shape: torch.Size([8, 3, 16, 112, 112])
2025-01-18 22:11:56,137 - ERROR - Error processing batch in train phase: too many values to unpack (expected 5)
2025-01-18 22:11:56,425 - DEBUG - Starting forward pass with input shape: torch.Size([8, 3, 16, 112, 112])
2025-01-18 22:11:56,425 - ERROR - Error processing batch in train phase: too many values to unpack (expected 5)
2025-01-18 22:11:56,692 - DEBUG - Starting forward pass with input shape: torch.Size([8, 3, 16, 112, 112])
2025-01-18 22:11:56,693 - ERROR - Error processing batch in train phase: too many values to unpack (expected 5)
2025-01-18 22:11:56,977 - DEBUG - Starting forward pass with input shape: torch.Size([8, 3, 16, 112, 112])
2025-01-18 22:11:56,977 - ERROR - Error processing batch in train phase: too many values to unpack (expected 5)
2025-01-18 22:11:57,267 - DEBUG - Starting forward pass with input shape: torch.Size([8, 3, 16, 112, 112])
2025-01-18 22:11:57,267 - ERROR - Error processing batch in train phase: too many values to unpack (expected 5)
2025-01-18 22:11:57,567 - DEBUG - Starting forward pass with input shape: torch.Size([8, 3, 16, 112, 112])
2025-01-18 22:11:57,567 - ERROR - Error processing batch in train phase: too many values to unpack (expected 5)
2025-01-18 22:11:57,857 - DEBUG - Starting forward pass with input shape: torch.Size([8, 3, 16, 112, 112])
2025-01-18 22:11:57,858 - ERROR - Error processing batch in train phase: too many values to unpack (expected 5)
2025-01-18 22:11:58,161 - DEBUG - Starting forward pass with input shape: torch.Size([8, 3, 16, 112, 112])
2025-01-18 22:11:58,161 - ERROR - Error processing batch in train phase: too many values to unpack (expected 5)
2025-01-18 22:11:58,436 - DEBUG - Starting forward pass with input shape: torch.Size([8, 3, 16, 112, 112])
2025-01-18 22:11:58,436 - ERROR - Error processing batch in train phase: too many values to unpack (expected 5)
2025-01-18 22:11:58,723 - DEBUG - Starting forward pass with input shape: torch.Size([8, 3, 16, 112, 112])
2025-01-18 22:11:58,724 - ERROR - Error processing batch in train phase: too many values to unpack (expected 5)
2025-01-18 22:11:59,015 - DEBUG - Starting forward pass with input shape: torch.Size([8, 3, 16, 112, 112])
2025-01-18 22:11:59,016 - ERROR - Error processing batch in train phase: too many values to unpack (expected 5)
2025-01-18 22:11:59,306 - DEBUG - Starting forward pass with input shape: torch.Size([8, 3, 16, 112, 112])
2025-01-18 22:11:59,306 - ERROR - Error processing batch in train phase: too many values to unpack (expected 5)
2025-01-18 22:11:59,586 - DEBUG - Starting forward pass with input shape: torch.Size([8, 3, 16, 112, 112])
2025-01-18 22:11:59,586 - ERROR - Error processing batch in train phase: too many values to unpack (expected 5)
2025-01-18 22:11:59,861 - DEBUG - Starting forward pass with input shape: torch.Size([8, 3, 16, 112, 112])
2025-01-18 22:11:59,862 - ERROR - Error processing batch in train phase: too many values to unpack (expected 5)
2025-01-18 22:12:00,163 - DEBUG - Starting forward pass with input shape: torch.Size([8, 3, 16, 112, 112])
2025-01-18 22:12:00,164 - ERROR - Error processing batch in train phase: too many values to unpack (expected 5)
2025-01-18 22:12:00,470 - DEBUG - Starting forward pass with input shape: torch.Size([8, 3, 16, 112, 112])
2025-01-18 22:12:00,471 - ERROR - Error processing batch in train phase: too many values to unpack (expected 5)
2025-01-18 22:12:00,763 - DEBUG - Starting forward pass with input shape: torch.Size([8, 3, 16, 112, 112])
2025-01-18 22:12:00,764 - ERROR - Error processing batch in train phase: too many values to unpack (expected 5)
2025-01-18 22:12:01,049 - DEBUG - Starting forward pass with input shape: torch.Size([8, 3, 16, 112, 112])
2025-01-18 22:12:01,049 - ERROR - Error processing batch in train phase: too many values to unpack (expected 5)
2025-01-18 22:12:01,357 - DEBUG - Starting forward pass with input shape: torch.Size([8, 3, 16, 112, 112])
2025-01-18 22:12:01,358 - ERROR - Error processing batch in train phase: too many values to unpack (expected 5)
2025-01-18 22:12:01,660 - DEBUG - Starting forward pass with input shape: torch.Size([8, 3, 16, 112, 112])
2025-01-18 22:12:01,660 - ERROR - Error processing batch in train phase: too many values to unpack (expected 5)
2025-01-18 22:12:01,942 - DEBUG - Starting forward pass with input shape: torch.Size([8, 3, 16, 112, 112])
2025-01-18 22:12:01,943 - ERROR - Error processing batch in train phase: too many values to unpack (expected 5)
2025-01-18 22:12:02,238 - DEBUG - Starting forward pass with input shape: torch.Size([8, 3, 16, 112, 112])
2025-01-18 22:12:02,239 - ERROR - Error processing batch in train phase: too many values to unpack (expected 5)
2025-01-18 22:12:02,526 - DEBUG - Starting forward pass with input shape: torch.Size([8, 3, 16, 112, 112])
2025-01-18 22:12:02,526 - ERROR - Error processing batch in train phase: too many values to unpack (expected 5)
2025-01-18 22:12:02,827 - DEBUG - Starting forward pass with input shape: torch.Size([8, 3, 16, 112, 112])
2025-01-18 22:12:02,828 - ERROR - Error processing batch in train phase: too many values to unpack (expected 5)
2025-01-18 22:12:03,120 - DEBUG - Starting forward pass with input shape: torch.Size([8, 3, 16, 112, 112])
2025-01-18 22:12:03,121 - ERROR - Error processing batch in train phase: too many values to unpack (expected 5)
2025-01-18 22:12:03,415 - DEBUG - Starting forward pass with input shape: torch.Size([8, 3, 16, 112, 112])
2025-01-18 22:12:03,416 - ERROR - Error processing batch in train phase: too many values to unpack (expected 5)
2025-01-18 22:12:03,719 - DEBUG - Starting forward pass with input shape: torch.Size([8, 3, 16, 112, 112])
2025-01-18 22:12:03,720 - ERROR - Error processing batch in train phase: too many values to unpack (expected 5)
2025-01-18 22:12:04,022 - DEBUG - Starting forward pass with input shape: torch.Size([8, 3, 16, 112, 112])
2025-01-18 22:12:04,023 - ERROR - Error processing batch in train phase: too many values to unpack (expected 5)
2025-01-18 22:12:04,314 - DEBUG - Starting forward pass with input shape: torch.Size([8, 3, 16, 112, 112])
2025-01-18 22:12:04,314 - ERROR - Error processing batch in train phase: too many values to unpack (expected 5)
2025-01-18 22:12:04,593 - DEBUG - Starting forward pass with input shape: torch.Size([8, 3, 16, 112, 112])
2025-01-18 22:12:04,593 - ERROR - Error processing batch in train phase: too many values to unpack (expected 5)
2025-01-18 22:12:04,884 - DEBUG - Starting forward pass with input shape: torch.Size([8, 3, 16, 112, 112])
2025-01-18 22:12:04,885 - ERROR - Error processing batch in train phase: too many values to unpack (expected 5)
2025-01-18 22:12:05,184 - DEBUG - Starting forward pass with input shape: torch.Size([8, 3, 16, 112, 112])
2025-01-18 22:12:05,184 - ERROR - Error processing batch in train phase: too many values to unpack (expected 5)
2025-01-18 22:12:05,468 - DEBUG - Starting forward pass with input shape: torch.Size([8, 3, 16, 112, 112])
2025-01-18 22:12:05,469 - ERROR - Error processing batch in train phase: too many values to unpack (expected 5)
2025-01-18 22:12:05,750 - DEBUG - Starting forward pass with input shape: torch.Size([8, 3, 16, 112, 112])
2025-01-18 22:12:05,751 - ERROR - Error processing batch in train phase: too many values to unpack (expected 5)
2025-01-18 22:12:06,044 - DEBUG - Starting forward pass with input shape: torch.Size([8, 3, 16, 112, 112])
2025-01-18 22:12:06,044 - ERROR - Error processing batch in train phase: too many values to unpack (expected 5)
2025-01-18 22:12:06,346 - DEBUG - Starting forward pass with input shape: torch.Size([8, 3, 16, 112, 112])
2025-01-18 22:12:06,347 - ERROR - Error processing batch in train phase: too many values to unpack (expected 5)
2025-01-18 22:12:06,624 - DEBUG - Starting forward pass with input shape: torch.Size([8, 3, 16, 112, 112])
2025-01-18 22:12:06,625 - ERROR - Error processing batch in train phase: too many values to unpack (expected 5)
2025-01-18 22:12:06,912 - DEBUG - Starting forward pass with input shape: torch.Size([8, 3, 16, 112, 112])
2025-01-18 22:12:06,912 - ERROR - Error processing batch in train phase: too many values to unpack (expected 5)
2025-01-18 22:12:07,187 - DEBUG - Starting forward pass with input shape: torch.Size([8, 3, 16, 112, 112])
2025-01-18 22:12:07,188 - ERROR - Error processing batch in train phase: too many values to unpack (expected 5)
2025-01-18 22:12:07,464 - DEBUG - Starting forward pass with input shape: torch.Size([8, 3, 16, 112, 112])
2025-01-18 22:12:07,465 - ERROR - Error processing batch in train phase: too many values to unpack (expected 5)
2025-01-18 22:12:07,753 - DEBUG - Starting forward pass with input shape: torch.Size([8, 3, 16, 112, 112])
2025-01-18 22:12:07,754 - ERROR - Error processing batch in train phase: too many values to unpack (expected 5)
2025-01-18 22:12:08,046 - DEBUG - Starting forward pass with input shape: torch.Size([8, 3, 16, 112, 112])
2025-01-18 22:12:08,046 - ERROR - Error processing batch in train phase: too many values to unpack (expected 5)
2025-01-18 22:12:08,354 - DEBUG - Starting forward pass with input shape: torch.Size([8, 3, 16, 112, 112])
2025-01-18 22:12:08,355 - ERROR - Error processing batch in train phase: too many values to unpack (expected 5)
2025-01-18 22:12:08,655 - DEBUG - Starting forward pass with input shape: torch.Size([8, 3, 16, 112, 112])
2025-01-18 22:12:08,656 - ERROR - Error processing batch in train phase: too many values to unpack (expected 5)
2025-01-18 22:12:08,942 - DEBUG - Starting forward pass with input shape: torch.Size([8, 3, 16, 112, 112])
2025-01-18 22:12:08,943 - ERROR - Error processing batch in train phase: too many values to unpack (expected 5)
2025-01-18 22:12:09,231 - DEBUG - Starting forward pass with input shape: torch.Size([8, 3, 16, 112, 112])
2025-01-18 22:12:09,231 - ERROR - Error processing batch in train phase: too many values to unpack (expected 5)
2025-01-18 22:12:09,501 - DEBUG - Starting forward pass with input shape: torch.Size([8, 3, 16, 112, 112])
2025-01-18 22:12:09,501 - ERROR - Error processing batch in train phase: too many values to unpack (expected 5)
2025-01-18 22:12:09,791 - DEBUG - Starting forward pass with input shape: torch.Size([8, 3, 16, 112, 112])
2025-01-18 22:12:09,791 - ERROR - Error processing batch in train phase: too many values to unpack (expected 5)
2025-01-18 22:12:10,072 - DEBUG - Starting forward pass with input shape: torch.Size([8, 3, 16, 112, 112])
2025-01-18 22:12:10,073 - ERROR - Error processing batch in train phase: too many values to unpack (expected 5)
2025-01-18 22:12:10,363 - DEBUG - Starting forward pass with input shape: torch.Size([8, 3, 16, 112, 112])
2025-01-18 22:12:10,363 - ERROR - Error processing batch in train phase: too many values to unpack (expected 5)
2025-01-18 22:12:10,641 - DEBUG - Starting forward pass with input shape: torch.Size([8, 3, 16, 112, 112])
2025-01-18 22:12:10,641 - ERROR - Error processing batch in train phase: too many values to unpack (expected 5)
2025-01-18 22:12:10,936 - DEBUG - Starting forward pass with input shape: torch.Size([8, 3, 16, 112, 112])
2025-01-18 22:12:10,936 - ERROR - Error processing batch in train phase: too many values to unpack (expected 5)
2025-01-18 22:12:11,224 - DEBUG - Starting forward pass with input shape: torch.Size([8, 3, 16, 112, 112])
2025-01-18 22:12:11,225 - ERROR - Error processing batch in train phase: too many values to unpack (expected 5)
2025-01-18 22:12:11,530 - DEBUG - Starting forward pass with input shape: torch.Size([8, 3, 16, 112, 112])
2025-01-18 22:12:11,530 - ERROR - Error processing batch in train phase: too many values to unpack (expected 5)
2025-01-18 22:12:11,797 - DEBUG - Starting forward pass with input shape: torch.Size([8, 3, 16, 112, 112])
2025-01-18 22:12:11,798 - ERROR - Error processing batch in train phase: too many values to unpack (expected 5)
2025-01-18 22:12:12,085 - DEBUG - Starting forward pass with input shape: torch.Size([8, 3, 16, 112, 112])
2025-01-18 22:12:12,086 - ERROR - Error processing batch in train phase: too many values to unpack (expected 5)
2025-01-18 22:12:12,382 - DEBUG - Starting forward pass with input shape: torch.Size([8, 3, 16, 112, 112])
2025-01-18 22:12:12,383 - ERROR - Error processing batch in train phase: too many values to unpack (expected 5)
2025-01-18 22:12:12,674 - DEBUG - Starting forward pass with input shape: torch.Size([8, 3, 16, 112, 112])
2025-01-18 22:12:12,675 - ERROR - Error processing batch in train phase: too many values to unpack (expected 5)
2025-01-18 22:12:12,952 - DEBUG - Starting forward pass with input shape: torch.Size([8, 3, 16, 112, 112])
2025-01-18 22:12:12,953 - ERROR - Error processing batch in train phase: too many values to unpack (expected 5)
2025-01-18 22:12:13,251 - DEBUG - Starting forward pass with input shape: torch.Size([8, 3, 16, 112, 112])
2025-01-18 22:12:13,251 - ERROR - Error processing batch in train phase: too many values to unpack (expected 5)
2025-01-18 22:12:13,540 - DEBUG - Starting forward pass with input shape: torch.Size([8, 3, 16, 112, 112])
2025-01-18 22:12:13,540 - ERROR - Error processing batch in train phase: too many values to unpack (expected 5)
2025-01-18 22:12:13,816 - DEBUG - Starting forward pass with input shape: torch.Size([8, 3, 16, 112, 112])
2025-01-18 22:12:13,817 - ERROR - Error processing batch in train phase: too many values to unpack (expected 5)
2025-01-18 22:12:14,090 - DEBUG - Starting forward pass with input shape: torch.Size([8, 3, 16, 112, 112])
2025-01-18 22:12:14,091 - ERROR - Error processing batch in train phase: too many values to unpack (expected 5)
2025-01-18 22:12:14,376 - DEBUG - Starting forward pass with input shape: torch.Size([8, 3, 16, 112, 112])
2025-01-18 22:12:14,376 - ERROR - Error processing batch in train phase: too many values to unpack (expected 5)
2025-01-18 22:12:14,658 - DEBUG - Starting forward pass with input shape: torch.Size([8, 3, 16, 112, 112])
2025-01-18 22:12:14,658 - ERROR - Error processing batch in train phase: too many values to unpack (expected 5)
2025-01-18 22:12:14,933 - DEBUG - Starting forward pass with input shape: torch.Size([8, 3, 16, 112, 112])
2025-01-18 22:12:14,933 - ERROR - Error processing batch in train phase: too many values to unpack (expected 5)
2025-01-18 22:12:15,209 - DEBUG - Starting forward pass with input shape: torch.Size([8, 3, 16, 112, 112])
2025-01-18 22:12:15,210 - ERROR - Error processing batch in train phase: too many values to unpack (expected 5)
2025-01-18 22:12:15,489 - DEBUG - Starting forward pass with input shape: torch.Size([8, 3, 16, 112, 112])
2025-01-18 22:12:15,489 - ERROR - Error processing batch in train phase: too many values to unpack (expected 5)
2025-01-18 22:12:15,784 - DEBUG - Starting forward pass with input shape: torch.Size([8, 3, 16, 112, 112])
2025-01-18 22:12:15,785 - ERROR - Error processing batch in train phase: too many values to unpack (expected 5)
2025-01-18 22:12:16,075 - DEBUG - Starting forward pass with input shape: torch.Size([8, 3, 16, 112, 112])
2025-01-18 22:12:16,076 - ERROR - Error processing batch in train phase: too many values to unpack (expected 5)
2025-01-18 22:12:16,362 - DEBUG - Starting forward pass with input shape: torch.Size([8, 3, 16, 112, 112])
2025-01-18 22:12:16,362 - ERROR - Error processing batch in train phase: too many values to unpack (expected 5)
2025-01-18 22:12:16,661 - DEBUG - Starting forward pass with input shape: torch.Size([8, 3, 16, 112, 112])
2025-01-18 22:12:16,661 - ERROR - Error processing batch in train phase: too many values to unpack (expected 5)
2025-01-18 22:12:16,942 - DEBUG - Starting forward pass with input shape: torch.Size([8, 3, 16, 112, 112])
2025-01-18 22:12:16,942 - ERROR - Error processing batch in train phase: too many values to unpack (expected 5)
2025-01-18 22:12:17,222 - DEBUG - Starting forward pass with input shape: torch.Size([8, 3, 16, 112, 112])
2025-01-18 22:12:17,223 - ERROR - Error processing batch in train phase: too many values to unpack (expected 5)
2025-01-18 22:12:17,513 - DEBUG - Starting forward pass with input shape: torch.Size([8, 3, 16, 112, 112])
2025-01-18 22:12:17,514 - ERROR - Error processing batch in train phase: too many values to unpack (expected 5)
2025-01-18 22:12:17,816 - DEBUG - Starting forward pass with input shape: torch.Size([8, 3, 16, 112, 112])
2025-01-18 22:12:17,816 - ERROR - Error processing batch in train phase: too many values to unpack (expected 5)
2025-01-18 22:12:18,109 - DEBUG - Starting forward pass with input shape: torch.Size([8, 3, 16, 112, 112])
2025-01-18 22:12:18,109 - ERROR - Error processing batch in train phase: too many values to unpack (expected 5)
2025-01-18 22:12:18,401 - DEBUG - Starting forward pass with input shape: torch.Size([8, 3, 16, 112, 112])
2025-01-18 22:12:18,401 - ERROR - Error processing batch in train phase: too many values to unpack (expected 5)
2025-01-18 22:12:18,701 - DEBUG - Starting forward pass with input shape: torch.Size([8, 3, 16, 112, 112])
2025-01-18 22:12:18,702 - ERROR - Error processing batch in train phase: too many values to unpack (expected 5)
2025-01-18 22:12:18,990 - DEBUG - Starting forward pass with input shape: torch.Size([8, 3, 16, 112, 112])
2025-01-18 22:12:18,991 - ERROR - Error processing batch in train phase: too many values to unpack (expected 5)
2025-01-18 22:12:19,267 - DEBUG - Starting forward pass with input shape: torch.Size([8, 3, 16, 112, 112])
2025-01-18 22:12:19,267 - ERROR - Error processing batch in train phase: too many values to unpack (expected 5)
2025-01-18 22:12:19,560 - DEBUG - Starting forward pass with input shape: torch.Size([8, 3, 16, 112, 112])
2025-01-18 22:12:19,560 - ERROR - Error processing batch in train phase: too many values to unpack (expected 5)
2025-01-18 22:12:19,855 - DEBUG - Starting forward pass with input shape: torch.Size([8, 3, 16, 112, 112])
2025-01-18 22:12:19,855 - ERROR - Error processing batch in train phase: too many values to unpack (expected 5)
2025-01-18 22:12:20,152 - DEBUG - Starting forward pass with input shape: torch.Size([8, 3, 16, 112, 112])
2025-01-18 22:12:20,153 - ERROR - Error processing batch in train phase: too many values to unpack (expected 5)
2025-01-18 22:12:20,432 - DEBUG - Starting forward pass with input shape: torch.Size([8, 3, 16, 112, 112])
2025-01-18 22:12:20,432 - ERROR - Error processing batch in train phase: too many values to unpack (expected 5)
2025-01-18 22:12:20,705 - DEBUG - Starting forward pass with input shape: torch.Size([8, 3, 16, 112, 112])
2025-01-18 22:12:20,706 - ERROR - Error processing batch in train phase: too many values to unpack (expected 5)
2025-01-18 22:12:21,005 - DEBUG - Starting forward pass with input shape: torch.Size([8, 3, 16, 112, 112])
2025-01-18 22:12:21,006 - ERROR - Error processing batch in train phase: too many values to unpack (expected 5)
2025-01-18 22:12:21,312 - DEBUG - Starting forward pass with input shape: torch.Size([8, 3, 16, 112, 112])
2025-01-18 22:12:21,312 - ERROR - Error processing batch in train phase: too many values to unpack (expected 5)
2025-01-18 22:12:21,606 - DEBUG - Starting forward pass with input shape: torch.Size([8, 3, 16, 112, 112])
2025-01-18 22:12:21,606 - ERROR - Error processing batch in train phase: too many values to unpack (expected 5)
2025-01-18 22:12:21,891 - DEBUG - Starting forward pass with input shape: torch.Size([8, 3, 16, 112, 112])
2025-01-18 22:12:21,892 - ERROR - Error processing batch in train phase: too many values to unpack (expected 5)
2025-01-18 22:12:22,186 - DEBUG - Starting forward pass with input shape: torch.Size([8, 3, 16, 112, 112])
2025-01-18 22:12:22,187 - ERROR - Error processing batch in train phase: too many values to unpack (expected 5)
2025-01-18 22:12:22,491 - DEBUG - Starting forward pass with input shape: torch.Size([8, 3, 16, 112, 112])
2025-01-18 22:12:22,492 - ERROR - Error processing batch in train phase: too many values to unpack (expected 5)
2025-01-18 22:12:22,775 - DEBUG - Starting forward pass with input shape: torch.Size([8, 3, 16, 112, 112])
2025-01-18 22:12:22,776 - ERROR - Error processing batch in train phase: too many values to unpack (expected 5)
2025-01-18 22:12:23,063 - DEBUG - Starting forward pass with input shape: torch.Size([8, 3, 16, 112, 112])
2025-01-18 22:12:23,064 - ERROR - Error processing batch in train phase: too many values to unpack (expected 5)
2025-01-18 22:12:23,351 - DEBUG - Starting forward pass with input shape: torch.Size([8, 3, 16, 112, 112])
2025-01-18 22:12:23,351 - ERROR - Error processing batch in train phase: too many values to unpack (expected 5)
2025-01-18 22:12:23,644 - DEBUG - Starting forward pass with input shape: torch.Size([8, 3, 16, 112, 112])
2025-01-18 22:12:23,645 - ERROR - Error processing batch in train phase: too many values to unpack (expected 5)
2025-01-18 22:12:23,920 - DEBUG - Starting forward pass with input shape: torch.Size([8, 3, 16, 112, 112])
2025-01-18 22:12:23,920 - ERROR - Error processing batch in train phase: too many values to unpack (expected 5)
2025-01-18 22:12:24,198 - DEBUG - Starting forward pass with input shape: torch.Size([8, 3, 16, 112, 112])
2025-01-18 22:12:24,199 - ERROR - Error processing batch in train phase: too many values to unpack (expected 5)
2025-01-18 22:12:24,475 - DEBUG - Starting forward pass with input shape: torch.Size([8, 3, 16, 112, 112])
2025-01-18 22:12:24,476 - ERROR - Error processing batch in train phase: too many values to unpack (expected 5)
2025-01-18 22:12:24,764 - DEBUG - Starting forward pass with input shape: torch.Size([8, 3, 16, 112, 112])
2025-01-18 22:12:24,765 - ERROR - Error processing batch in train phase: too many values to unpack (expected 5)
2025-01-18 22:12:25,045 - DEBUG - Starting forward pass with input shape: torch.Size([8, 3, 16, 112, 112])
2025-01-18 22:12:25,046 - ERROR - Error processing batch in train phase: too many values to unpack (expected 5)
2025-01-18 22:12:25,334 - DEBUG - Starting forward pass with input shape: torch.Size([8, 3, 16, 112, 112])
2025-01-18 22:12:25,335 - ERROR - Error processing batch in train phase: too many values to unpack (expected 5)
2025-01-18 22:12:25,624 - DEBUG - Starting forward pass with input shape: torch.Size([8, 3, 16, 112, 112])
2025-01-18 22:12:25,624 - ERROR - Error processing batch in train phase: too many values to unpack (expected 5)
2025-01-18 22:12:25,906 - DEBUG - Starting forward pass with input shape: torch.Size([8, 3, 16, 112, 112])
2025-01-18 22:12:25,906 - ERROR - Error processing batch in train phase: too many values to unpack (expected 5)
2025-01-18 22:12:26,185 - DEBUG - Starting forward pass with input shape: torch.Size([8, 3, 16, 112, 112])
2025-01-18 22:12:26,185 - ERROR - Error processing batch in train phase: too many values to unpack (expected 5)
2025-01-18 22:12:26,447 - DEBUG - Starting forward pass with input shape: torch.Size([8, 3, 16, 112, 112])
2025-01-18 22:12:26,447 - ERROR - Error processing batch in train phase: too many values to unpack (expected 5)
2025-01-18 22:12:26,731 - DEBUG - Starting forward pass with input shape: torch.Size([8, 3, 16, 112, 112])
2025-01-18 22:12:26,732 - ERROR - Error processing batch in train phase: too many values to unpack (expected 5)
2025-01-18 22:12:27,020 - DEBUG - Starting forward pass with input shape: torch.Size([8, 3, 16, 112, 112])
2025-01-18 22:12:27,020 - ERROR - Error processing batch in train phase: too many values to unpack (expected 5)
2025-01-18 22:12:27,315 - DEBUG - Starting forward pass with input shape: torch.Size([8, 3, 16, 112, 112])
2025-01-18 22:12:27,315 - ERROR - Error processing batch in train phase: too many values to unpack (expected 5)
2025-01-18 22:12:27,598 - DEBUG - Starting forward pass with input shape: torch.Size([8, 3, 16, 112, 112])
2025-01-18 22:12:27,599 - ERROR - Error processing batch in train phase: too many values to unpack (expected 5)
