2025-01-18 20:13:14,631 - INFO - Logging initialized. Log file: /usr/users/volterrakernel/lepretre_cle/volterra/logs/v2/VNN-Fusion-v2-train-run-2025-01-18-20-13-14.log
2025-01-18 20:13:14,631 - INFO - Model version: v2
2025-01-18 20:13:14,694 - INFO - Using device: cuda:0
2025-01-18 20:13:14,695 - DEBUG - Initializing architecture configuration.
2025-01-18 20:13:14,695 - DEBUG - Calculating feature dimensions dynamically.
2025-01-18 20:13:14,695 - DEBUG - Initial input dimensions: 16x112x112
2025-01-18 20:13:14,695 - DEBUG - After layer with stride 1: 16x112x112
2025-01-18 20:13:14,695 - DEBUG - After layer with stride 2: 8x56x56
2025-01-18 20:13:14,695 - DEBUG - After layer with stride 1: 8x56x56
2025-01-18 20:13:14,695 - DEBUG - After layer with stride 2: 4x28x28
2025-01-18 20:13:14,695 - DEBUG - Initializing layers.
2025-01-18 20:13:14,736 - DEBUG - Initialized eta_1 with shape: torch.Size([3, 27, 16, 112, 112])
2025-01-18 20:13:14,751 - DEBUG - Initialized eta_2 with shape: torch.Size([3, 27, 16, 112, 112])
2025-01-18 20:13:14,766 - DEBUG - Initialized eta_3 with shape: torch.Size([3, 27, 16, 112, 112])
2025-01-18 20:13:14,780 - DEBUG - Initialized eta_4 with shape: torch.Size([3, 27, 16, 112, 112])
2025-01-18 20:13:14,783 - DEBUG - Initialized BatchNorm3d and Dropout3d for layer 1
2025-01-18 20:13:14,783 - DEBUG - Initialized BatchNorm3d and Dropout3d for layer 2
2025-01-18 20:13:14,784 - DEBUG - Initialized BatchNorm3d and Dropout3d for layer 3
2025-01-18 20:13:14,784 - DEBUG - Initialized BatchNorm3d and Dropout3d for layer 4
2025-01-18 20:13:14,784 - DEBUG - Initializing weights for all layers.
2025-01-18 20:13:14,784 - DEBUG - Initializing architecture configuration.
2025-01-18 20:13:14,784 - DEBUG - Calculating feature dimensions dynamically.
2025-01-18 20:13:14,784 - DEBUG - Initial input dimensions: 16x112x112
2025-01-18 20:13:14,784 - DEBUG - After layer with stride 1: 16x112x112
2025-01-18 20:13:14,784 - DEBUG - After layer with stride 2: 8x56x56
2025-01-18 20:13:14,784 - DEBUG - After layer with stride 1: 8x56x56
2025-01-18 20:13:14,784 - DEBUG - After layer with stride 2: 4x28x28
2025-01-18 20:13:14,784 - DEBUG - Initializing layers.
2025-01-18 20:13:14,793 - DEBUG - Initialized eta_1 with shape: torch.Size([2, 27, 16, 112, 112])
2025-01-18 20:13:14,802 - DEBUG - Initialized eta_2 with shape: torch.Size([2, 27, 16, 112, 112])
2025-01-18 20:13:14,811 - DEBUG - Initialized eta_3 with shape: torch.Size([2, 27, 16, 112, 112])
2025-01-18 20:13:14,820 - DEBUG - Initialized eta_4 with shape: torch.Size([2, 27, 16, 112, 112])
2025-01-18 20:13:14,821 - DEBUG - Initialized BatchNorm3d and Dropout3d for layer 1
2025-01-18 20:13:14,821 - DEBUG - Initialized BatchNorm3d and Dropout3d for layer 2
2025-01-18 20:13:14,821 - DEBUG - Initialized BatchNorm3d and Dropout3d for layer 3
2025-01-18 20:13:14,821 - DEBUG - Initialized BatchNorm3d and Dropout3d for layer 4
2025-01-18 20:13:14,821 - DEBUG - Initializing weights for all layers.
2025-01-18 20:13:17,002 - INFO - Total model parameters: 121.97M
2025-01-18 20:13:17,412 - INFO - TensorBoard log directory: /usr/users/volterrakernel/lepretre_cle/volterra/models/Jan18_20-13-17_sh00
2025-01-18 20:13:17,412 - INFO - Dataset: hmdb51, Root: ./data/HMDB51/videos, Output: ./data/HMDB51/preprocessed
2025-01-18 20:13:17,413 - DEBUG - Checking preprocessing for hmdb51
2025-01-18 20:13:17,587 - DEBUG - Preprocessing check passed
2025-01-18 20:13:17,618 - INFO - Number of train videos: 4289
2025-01-18 20:13:17,624 - INFO - Dataset: hmdb51, Root: ./data/HMDB51/videos, Output: ./data/HMDB51/preprocessed
2025-01-18 20:13:17,624 - DEBUG - Checking preprocessing for hmdb51
2025-01-18 20:13:17,772 - DEBUG - Preprocessing check passed
2025-01-18 20:13:17,796 - INFO - Number of val videos: 1101
2025-01-18 20:13:17,801 - INFO - Dataset: hmdb51, Root: ./data/HMDB51/videos, Output: ./data/HMDB51/preprocessed
2025-01-18 20:13:17,802 - DEBUG - Checking preprocessing for hmdb51
2025-01-18 20:13:17,995 - DEBUG - Preprocessing check passed
2025-01-18 20:13:18,032 - INFO - Number of test videos: 1376
2025-01-18 20:13:18,038 - INFO - Starting epoch 1/100
2025-01-18 20:13:19,329 - DEBUG - Starting forward pass with input shape: torch.Size([8, 3, 16, 112, 112])
2025-01-18 20:13:19,355 - DEBUG - Input x shape: torch.Size([8, 3, 27, 16, 112, 112])
2025-01-18 20:13:19,355 - DEBUG - Input y shape: torch.Size([8, 3, 16, 112, 112])
2025-01-18 20:13:19,356 - DEBUG - Initialized output tensor with shape: torch.Size([8, 3, 16, 112, 112])
2025-01-18 20:13:19,356 - DEBUG - Reshaped x for kernel application: torch.Size([8, 3, 27, 16, 112, 112])
2025-01-18 20:13:19,356 - DEBUG - Input x1 shape: torch.Size([8, 3, 27, 16, 112, 112])
2025-01-18 20:13:19,356 - DEBUG - Input x2 shape: torch.Size([8, 3, 27, 16, 112, 112])
2025-01-18 20:13:19,359 - ERROR - Error processing batch in train phase: Dimension out of range (expected to be in range of [-6, 5], but got 6)
2025-01-18 20:13:19,638 - DEBUG - Starting forward pass with input shape: torch.Size([8, 3, 16, 112, 112])
2025-01-18 20:13:19,639 - DEBUG - Input x shape: torch.Size([8, 3, 27, 16, 112, 112])
2025-01-18 20:13:19,639 - DEBUG - Input y shape: torch.Size([8, 3, 16, 112, 112])
2025-01-18 20:13:19,639 - DEBUG - Initialized output tensor with shape: torch.Size([8, 3, 16, 112, 112])
2025-01-18 20:13:19,639 - DEBUG - Reshaped x for kernel application: torch.Size([8, 3, 27, 16, 112, 112])
2025-01-18 20:13:19,639 - DEBUG - Input x1 shape: torch.Size([8, 3, 27, 16, 112, 112])
2025-01-18 20:13:19,639 - DEBUG - Input x2 shape: torch.Size([8, 3, 27, 16, 112, 112])
2025-01-18 20:13:19,639 - ERROR - Error processing batch in train phase: Dimension out of range (expected to be in range of [-6, 5], but got 6)
2025-01-18 20:13:19,911 - DEBUG - Starting forward pass with input shape: torch.Size([8, 3, 16, 112, 112])
2025-01-18 20:13:19,912 - DEBUG - Input x shape: torch.Size([8, 3, 27, 16, 112, 112])
2025-01-18 20:13:19,912 - DEBUG - Input y shape: torch.Size([8, 3, 16, 112, 112])
2025-01-18 20:13:19,912 - DEBUG - Initialized output tensor with shape: torch.Size([8, 3, 16, 112, 112])
2025-01-18 20:13:19,912 - DEBUG - Reshaped x for kernel application: torch.Size([8, 3, 27, 16, 112, 112])
2025-01-18 20:13:19,912 - DEBUG - Input x1 shape: torch.Size([8, 3, 27, 16, 112, 112])
2025-01-18 20:13:19,912 - DEBUG - Input x2 shape: torch.Size([8, 3, 27, 16, 112, 112])
2025-01-18 20:13:19,912 - ERROR - Error processing batch in train phase: Dimension out of range (expected to be in range of [-6, 5], but got 6)
2025-01-18 20:13:20,186 - DEBUG - Starting forward pass with input shape: torch.Size([8, 3, 16, 112, 112])
2025-01-18 20:13:20,186 - DEBUG - Input x shape: torch.Size([8, 3, 27, 16, 112, 112])
2025-01-18 20:13:20,186 - DEBUG - Input y shape: torch.Size([8, 3, 16, 112, 112])
2025-01-18 20:13:20,186 - DEBUG - Initialized output tensor with shape: torch.Size([8, 3, 16, 112, 112])
2025-01-18 20:13:20,186 - DEBUG - Reshaped x for kernel application: torch.Size([8, 3, 27, 16, 112, 112])
2025-01-18 20:13:20,186 - DEBUG - Input x1 shape: torch.Size([8, 3, 27, 16, 112, 112])
2025-01-18 20:13:20,186 - DEBUG - Input x2 shape: torch.Size([8, 3, 27, 16, 112, 112])
2025-01-18 20:13:20,186 - ERROR - Error processing batch in train phase: Dimension out of range (expected to be in range of [-6, 5], but got 6)
2025-01-18 20:13:20,447 - DEBUG - Starting forward pass with input shape: torch.Size([8, 3, 16, 112, 112])
2025-01-18 20:13:20,448 - DEBUG - Input x shape: torch.Size([8, 3, 27, 16, 112, 112])
2025-01-18 20:13:20,448 - DEBUG - Input y shape: torch.Size([8, 3, 16, 112, 112])
2025-01-18 20:13:20,448 - DEBUG - Initialized output tensor with shape: torch.Size([8, 3, 16, 112, 112])
2025-01-18 20:13:20,448 - DEBUG - Reshaped x for kernel application: torch.Size([8, 3, 27, 16, 112, 112])
2025-01-18 20:13:20,448 - DEBUG - Input x1 shape: torch.Size([8, 3, 27, 16, 112, 112])
2025-01-18 20:13:20,448 - DEBUG - Input x2 shape: torch.Size([8, 3, 27, 16, 112, 112])
2025-01-18 20:13:20,448 - ERROR - Error processing batch in train phase: Dimension out of range (expected to be in range of [-6, 5], but got 6)
2025-01-18 20:13:20,732 - DEBUG - Starting forward pass with input shape: torch.Size([8, 3, 16, 112, 112])
2025-01-18 20:13:20,732 - DEBUG - Input x shape: torch.Size([8, 3, 27, 16, 112, 112])
2025-01-18 20:13:20,733 - DEBUG - Input y shape: torch.Size([8, 3, 16, 112, 112])
2025-01-18 20:13:20,733 - DEBUG - Initialized output tensor with shape: torch.Size([8, 3, 16, 112, 112])
2025-01-18 20:13:20,733 - DEBUG - Reshaped x for kernel application: torch.Size([8, 3, 27, 16, 112, 112])
2025-01-18 20:13:20,733 - DEBUG - Input x1 shape: torch.Size([8, 3, 27, 16, 112, 112])
2025-01-18 20:13:20,733 - DEBUG - Input x2 shape: torch.Size([8, 3, 27, 16, 112, 112])
2025-01-18 20:13:20,733 - ERROR - Error processing batch in train phase: Dimension out of range (expected to be in range of [-6, 5], but got 6)
2025-01-18 20:13:21,003 - DEBUG - Starting forward pass with input shape: torch.Size([8, 3, 16, 112, 112])
2025-01-18 20:13:21,004 - DEBUG - Input x shape: torch.Size([8, 3, 27, 16, 112, 112])
2025-01-18 20:13:21,004 - DEBUG - Input y shape: torch.Size([8, 3, 16, 112, 112])
2025-01-18 20:13:21,004 - DEBUG - Initialized output tensor with shape: torch.Size([8, 3, 16, 112, 112])
2025-01-18 20:13:21,004 - DEBUG - Reshaped x for kernel application: torch.Size([8, 3, 27, 16, 112, 112])
2025-01-18 20:13:21,004 - DEBUG - Input x1 shape: torch.Size([8, 3, 27, 16, 112, 112])
2025-01-18 20:13:21,004 - DEBUG - Input x2 shape: torch.Size([8, 3, 27, 16, 112, 112])
2025-01-18 20:13:21,004 - ERROR - Error processing batch in train phase: Dimension out of range (expected to be in range of [-6, 5], but got 6)
2025-01-18 20:13:21,288 - DEBUG - Starting forward pass with input shape: torch.Size([8, 3, 16, 112, 112])
2025-01-18 20:13:21,288 - DEBUG - Input x shape: torch.Size([8, 3, 27, 16, 112, 112])
2025-01-18 20:13:21,288 - DEBUG - Input y shape: torch.Size([8, 3, 16, 112, 112])
2025-01-18 20:13:21,288 - DEBUG - Initialized output tensor with shape: torch.Size([8, 3, 16, 112, 112])
2025-01-18 20:13:21,289 - DEBUG - Reshaped x for kernel application: torch.Size([8, 3, 27, 16, 112, 112])
2025-01-18 20:13:21,289 - DEBUG - Input x1 shape: torch.Size([8, 3, 27, 16, 112, 112])
2025-01-18 20:13:21,289 - DEBUG - Input x2 shape: torch.Size([8, 3, 27, 16, 112, 112])
2025-01-18 20:13:21,289 - ERROR - Error processing batch in train phase: Dimension out of range (expected to be in range of [-6, 5], but got 6)
2025-01-18 20:13:21,583 - DEBUG - Starting forward pass with input shape: torch.Size([8, 3, 16, 112, 112])
2025-01-18 20:13:21,584 - DEBUG - Input x shape: torch.Size([8, 3, 27, 16, 112, 112])
2025-01-18 20:13:21,584 - DEBUG - Input y shape: torch.Size([8, 3, 16, 112, 112])
2025-01-18 20:13:21,584 - DEBUG - Initialized output tensor with shape: torch.Size([8, 3, 16, 112, 112])
2025-01-18 20:13:21,584 - DEBUG - Reshaped x for kernel application: torch.Size([8, 3, 27, 16, 112, 112])
2025-01-18 20:13:21,584 - DEBUG - Input x1 shape: torch.Size([8, 3, 27, 16, 112, 112])
2025-01-18 20:13:21,584 - DEBUG - Input x2 shape: torch.Size([8, 3, 27, 16, 112, 112])
2025-01-18 20:13:21,584 - ERROR - Error processing batch in train phase: Dimension out of range (expected to be in range of [-6, 5], but got 6)
2025-01-18 20:13:21,853 - DEBUG - Starting forward pass with input shape: torch.Size([8, 3, 16, 112, 112])
2025-01-18 20:13:21,854 - DEBUG - Input x shape: torch.Size([8, 3, 27, 16, 112, 112])
2025-01-18 20:13:21,854 - DEBUG - Input y shape: torch.Size([8, 3, 16, 112, 112])
2025-01-18 20:13:21,854 - DEBUG - Initialized output tensor with shape: torch.Size([8, 3, 16, 112, 112])
2025-01-18 20:13:21,854 - DEBUG - Reshaped x for kernel application: torch.Size([8, 3, 27, 16, 112, 112])
2025-01-18 20:13:21,854 - DEBUG - Input x1 shape: torch.Size([8, 3, 27, 16, 112, 112])
2025-01-18 20:13:21,855 - DEBUG - Input x2 shape: torch.Size([8, 3, 27, 16, 112, 112])
2025-01-18 20:13:21,855 - ERROR - Error processing batch in train phase: Dimension out of range (expected to be in range of [-6, 5], but got 6)
2025-01-18 20:13:22,132 - DEBUG - Starting forward pass with input shape: torch.Size([8, 3, 16, 112, 112])
2025-01-18 20:13:22,132 - DEBUG - Input x shape: torch.Size([8, 3, 27, 16, 112, 112])
2025-01-18 20:13:22,132 - DEBUG - Input y shape: torch.Size([8, 3, 16, 112, 112])
2025-01-18 20:13:22,132 - DEBUG - Initialized output tensor with shape: torch.Size([8, 3, 16, 112, 112])
2025-01-18 20:13:22,132 - DEBUG - Reshaped x for kernel application: torch.Size([8, 3, 27, 16, 112, 112])
2025-01-18 20:13:22,132 - DEBUG - Input x1 shape: torch.Size([8, 3, 27, 16, 112, 112])
2025-01-18 20:13:22,132 - DEBUG - Input x2 shape: torch.Size([8, 3, 27, 16, 112, 112])
2025-01-18 20:13:22,133 - ERROR - Error processing batch in train phase: Dimension out of range (expected to be in range of [-6, 5], but got 6)
2025-01-18 20:13:22,404 - DEBUG - Starting forward pass with input shape: torch.Size([8, 3, 16, 112, 112])
2025-01-18 20:13:22,404 - DEBUG - Input x shape: torch.Size([8, 3, 27, 16, 112, 112])
2025-01-18 20:13:22,404 - DEBUG - Input y shape: torch.Size([8, 3, 16, 112, 112])
2025-01-18 20:13:22,404 - DEBUG - Initialized output tensor with shape: torch.Size([8, 3, 16, 112, 112])
2025-01-18 20:13:22,404 - DEBUG - Reshaped x for kernel application: torch.Size([8, 3, 27, 16, 112, 112])
2025-01-18 20:13:22,404 - DEBUG - Input x1 shape: torch.Size([8, 3, 27, 16, 112, 112])
2025-01-18 20:13:22,404 - DEBUG - Input x2 shape: torch.Size([8, 3, 27, 16, 112, 112])
2025-01-18 20:13:22,404 - ERROR - Error processing batch in train phase: Dimension out of range (expected to be in range of [-6, 5], but got 6)
2025-01-18 20:13:22,699 - DEBUG - Starting forward pass with input shape: torch.Size([8, 3, 16, 112, 112])
2025-01-18 20:13:22,700 - DEBUG - Input x shape: torch.Size([8, 3, 27, 16, 112, 112])
2025-01-18 20:13:22,700 - DEBUG - Input y shape: torch.Size([8, 3, 16, 112, 112])
2025-01-18 20:13:22,700 - DEBUG - Initialized output tensor with shape: torch.Size([8, 3, 16, 112, 112])
2025-01-18 20:13:22,700 - DEBUG - Reshaped x for kernel application: torch.Size([8, 3, 27, 16, 112, 112])
2025-01-18 20:13:22,700 - DEBUG - Input x1 shape: torch.Size([8, 3, 27, 16, 112, 112])
2025-01-18 20:13:22,700 - DEBUG - Input x2 shape: torch.Size([8, 3, 27, 16, 112, 112])
2025-01-18 20:13:22,700 - ERROR - Error processing batch in train phase: Dimension out of range (expected to be in range of [-6, 5], but got 6)
2025-01-18 20:13:22,969 - DEBUG - Starting forward pass with input shape: torch.Size([8, 3, 16, 112, 112])
2025-01-18 20:13:22,970 - DEBUG - Input x shape: torch.Size([8, 3, 27, 16, 112, 112])
2025-01-18 20:13:22,970 - DEBUG - Input y shape: torch.Size([8, 3, 16, 112, 112])
2025-01-18 20:13:22,970 - DEBUG - Initialized output tensor with shape: torch.Size([8, 3, 16, 112, 112])
2025-01-18 20:13:22,970 - DEBUG - Reshaped x for kernel application: torch.Size([8, 3, 27, 16, 112, 112])
2025-01-18 20:13:22,970 - DEBUG - Input x1 shape: torch.Size([8, 3, 27, 16, 112, 112])
2025-01-18 20:13:22,970 - DEBUG - Input x2 shape: torch.Size([8, 3, 27, 16, 112, 112])
2025-01-18 20:13:22,970 - ERROR - Error processing batch in train phase: Dimension out of range (expected to be in range of [-6, 5], but got 6)
2025-01-18 20:13:23,252 - DEBUG - Starting forward pass with input shape: torch.Size([8, 3, 16, 112, 112])
2025-01-18 20:13:23,252 - DEBUG - Input x shape: torch.Size([8, 3, 27, 16, 112, 112])
2025-01-18 20:13:23,252 - DEBUG - Input y shape: torch.Size([8, 3, 16, 112, 112])
2025-01-18 20:13:23,252 - DEBUG - Initialized output tensor with shape: torch.Size([8, 3, 16, 112, 112])
2025-01-18 20:13:23,252 - DEBUG - Reshaped x for kernel application: torch.Size([8, 3, 27, 16, 112, 112])
2025-01-18 20:13:23,252 - DEBUG - Input x1 shape: torch.Size([8, 3, 27, 16, 112, 112])
2025-01-18 20:13:23,252 - DEBUG - Input x2 shape: torch.Size([8, 3, 27, 16, 112, 112])
2025-01-18 20:13:23,252 - ERROR - Error processing batch in train phase: Dimension out of range (expected to be in range of [-6, 5], but got 6)
2025-01-18 20:13:23,527 - DEBUG - Starting forward pass with input shape: torch.Size([8, 3, 16, 112, 112])
2025-01-18 20:13:23,527 - DEBUG - Input x shape: torch.Size([8, 3, 27, 16, 112, 112])
2025-01-18 20:13:23,527 - DEBUG - Input y shape: torch.Size([8, 3, 16, 112, 112])
2025-01-18 20:13:23,527 - DEBUG - Initialized output tensor with shape: torch.Size([8, 3, 16, 112, 112])
2025-01-18 20:13:23,527 - DEBUG - Reshaped x for kernel application: torch.Size([8, 3, 27, 16, 112, 112])
2025-01-18 20:13:23,527 - DEBUG - Input x1 shape: torch.Size([8, 3, 27, 16, 112, 112])
2025-01-18 20:13:23,527 - DEBUG - Input x2 shape: torch.Size([8, 3, 27, 16, 112, 112])
2025-01-18 20:13:23,528 - ERROR - Error processing batch in train phase: Dimension out of range (expected to be in range of [-6, 5], but got 6)
2025-01-18 20:13:23,811 - DEBUG - Starting forward pass with input shape: torch.Size([8, 3, 16, 112, 112])
2025-01-18 20:13:23,812 - DEBUG - Input x shape: torch.Size([8, 3, 27, 16, 112, 112])
2025-01-18 20:13:23,812 - DEBUG - Input y shape: torch.Size([8, 3, 16, 112, 112])
2025-01-18 20:13:23,812 - DEBUG - Initialized output tensor with shape: torch.Size([8, 3, 16, 112, 112])
2025-01-18 20:13:23,812 - DEBUG - Reshaped x for kernel application: torch.Size([8, 3, 27, 16, 112, 112])
2025-01-18 20:13:23,812 - DEBUG - Input x1 shape: torch.Size([8, 3, 27, 16, 112, 112])
2025-01-18 20:13:23,812 - DEBUG - Input x2 shape: torch.Size([8, 3, 27, 16, 112, 112])
2025-01-18 20:13:23,812 - ERROR - Error processing batch in train phase: Dimension out of range (expected to be in range of [-6, 5], but got 6)
2025-01-18 20:13:24,093 - DEBUG - Starting forward pass with input shape: torch.Size([8, 3, 16, 112, 112])
2025-01-18 20:13:24,093 - DEBUG - Input x shape: torch.Size([8, 3, 27, 16, 112, 112])
2025-01-18 20:13:24,093 - DEBUG - Input y shape: torch.Size([8, 3, 16, 112, 112])
2025-01-18 20:13:24,093 - DEBUG - Initialized output tensor with shape: torch.Size([8, 3, 16, 112, 112])
2025-01-18 20:13:24,093 - DEBUG - Reshaped x for kernel application: torch.Size([8, 3, 27, 16, 112, 112])
2025-01-18 20:13:24,093 - DEBUG - Input x1 shape: torch.Size([8, 3, 27, 16, 112, 112])
2025-01-18 20:13:24,094 - DEBUG - Input x2 shape: torch.Size([8, 3, 27, 16, 112, 112])
2025-01-18 20:13:24,094 - ERROR - Error processing batch in train phase: Dimension out of range (expected to be in range of [-6, 5], but got 6)
2025-01-18 20:13:24,368 - DEBUG - Starting forward pass with input shape: torch.Size([8, 3, 16, 112, 112])
2025-01-18 20:13:24,368 - DEBUG - Input x shape: torch.Size([8, 3, 27, 16, 112, 112])
2025-01-18 20:13:24,368 - DEBUG - Input y shape: torch.Size([8, 3, 16, 112, 112])
2025-01-18 20:13:24,368 - DEBUG - Initialized output tensor with shape: torch.Size([8, 3, 16, 112, 112])
2025-01-18 20:13:24,368 - DEBUG - Reshaped x for kernel application: torch.Size([8, 3, 27, 16, 112, 112])
2025-01-18 20:13:24,368 - DEBUG - Input x1 shape: torch.Size([8, 3, 27, 16, 112, 112])
2025-01-18 20:13:24,368 - DEBUG - Input x2 shape: torch.Size([8, 3, 27, 16, 112, 112])
2025-01-18 20:13:24,368 - ERROR - Error processing batch in train phase: Dimension out of range (expected to be in range of [-6, 5], but got 6)
2025-01-18 20:13:24,652 - DEBUG - Starting forward pass with input shape: torch.Size([8, 3, 16, 112, 112])
2025-01-18 20:13:24,652 - DEBUG - Input x shape: torch.Size([8, 3, 27, 16, 112, 112])
2025-01-18 20:13:24,652 - DEBUG - Input y shape: torch.Size([8, 3, 16, 112, 112])
2025-01-18 20:13:24,653 - DEBUG - Initialized output tensor with shape: torch.Size([8, 3, 16, 112, 112])
2025-01-18 20:13:24,653 - DEBUG - Reshaped x for kernel application: torch.Size([8, 3, 27, 16, 112, 112])
2025-01-18 20:13:24,653 - DEBUG - Input x1 shape: torch.Size([8, 3, 27, 16, 112, 112])
2025-01-18 20:13:24,653 - DEBUG - Input x2 shape: torch.Size([8, 3, 27, 16, 112, 112])
2025-01-18 20:13:24,653 - ERROR - Error processing batch in train phase: Dimension out of range (expected to be in range of [-6, 5], but got 6)
2025-01-18 20:13:24,929 - DEBUG - Starting forward pass with input shape: torch.Size([8, 3, 16, 112, 112])
2025-01-18 20:13:24,929 - DEBUG - Input x shape: torch.Size([8, 3, 27, 16, 112, 112])
2025-01-18 20:13:24,929 - DEBUG - Input y shape: torch.Size([8, 3, 16, 112, 112])
2025-01-18 20:13:24,929 - DEBUG - Initialized output tensor with shape: torch.Size([8, 3, 16, 112, 112])
2025-01-18 20:13:24,930 - DEBUG - Reshaped x for kernel application: torch.Size([8, 3, 27, 16, 112, 112])
2025-01-18 20:13:24,930 - DEBUG - Input x1 shape: torch.Size([8, 3, 27, 16, 112, 112])
2025-01-18 20:13:24,930 - DEBUG - Input x2 shape: torch.Size([8, 3, 27, 16, 112, 112])
2025-01-18 20:13:24,930 - ERROR - Error processing batch in train phase: Dimension out of range (expected to be in range of [-6, 5], but got 6)
2025-01-18 20:13:25,196 - DEBUG - Starting forward pass with input shape: torch.Size([8, 3, 16, 112, 112])
2025-01-18 20:13:25,196 - DEBUG - Input x shape: torch.Size([8, 3, 27, 16, 112, 112])
2025-01-18 20:13:25,196 - DEBUG - Input y shape: torch.Size([8, 3, 16, 112, 112])
2025-01-18 20:13:25,196 - DEBUG - Initialized output tensor with shape: torch.Size([8, 3, 16, 112, 112])
2025-01-18 20:13:25,197 - DEBUG - Reshaped x for kernel application: torch.Size([8, 3, 27, 16, 112, 112])
2025-01-18 20:13:25,197 - DEBUG - Input x1 shape: torch.Size([8, 3, 27, 16, 112, 112])
2025-01-18 20:13:25,197 - DEBUG - Input x2 shape: torch.Size([8, 3, 27, 16, 112, 112])
2025-01-18 20:13:25,197 - ERROR - Error processing batch in train phase: Dimension out of range (expected to be in range of [-6, 5], but got 6)
2025-01-18 20:13:25,472 - DEBUG - Starting forward pass with input shape: torch.Size([8, 3, 16, 112, 112])
2025-01-18 20:13:25,472 - DEBUG - Input x shape: torch.Size([8, 3, 27, 16, 112, 112])
2025-01-18 20:13:25,472 - DEBUG - Input y shape: torch.Size([8, 3, 16, 112, 112])
2025-01-18 20:13:25,472 - DEBUG - Initialized output tensor with shape: torch.Size([8, 3, 16, 112, 112])
2025-01-18 20:13:25,472 - DEBUG - Reshaped x for kernel application: torch.Size([8, 3, 27, 16, 112, 112])
2025-01-18 20:13:25,473 - DEBUG - Input x1 shape: torch.Size([8, 3, 27, 16, 112, 112])
2025-01-18 20:13:25,473 - DEBUG - Input x2 shape: torch.Size([8, 3, 27, 16, 112, 112])
2025-01-18 20:13:25,473 - ERROR - Error processing batch in train phase: Dimension out of range (expected to be in range of [-6, 5], but got 6)
2025-01-18 20:13:25,742 - DEBUG - Starting forward pass with input shape: torch.Size([8, 3, 16, 112, 112])
2025-01-18 20:13:25,742 - DEBUG - Input x shape: torch.Size([8, 3, 27, 16, 112, 112])
2025-01-18 20:13:25,742 - DEBUG - Input y shape: torch.Size([8, 3, 16, 112, 112])
2025-01-18 20:13:25,742 - DEBUG - Initialized output tensor with shape: torch.Size([8, 3, 16, 112, 112])
2025-01-18 20:13:25,742 - DEBUG - Reshaped x for kernel application: torch.Size([8, 3, 27, 16, 112, 112])
2025-01-18 20:13:25,742 - DEBUG - Input x1 shape: torch.Size([8, 3, 27, 16, 112, 112])
2025-01-18 20:13:25,743 - DEBUG - Input x2 shape: torch.Size([8, 3, 27, 16, 112, 112])
2025-01-18 20:13:25,743 - ERROR - Error processing batch in train phase: Dimension out of range (expected to be in range of [-6, 5], but got 6)
2025-01-18 20:13:26,046 - DEBUG - Starting forward pass with input shape: torch.Size([8, 3, 16, 112, 112])
2025-01-18 20:13:26,046 - DEBUG - Input x shape: torch.Size([8, 3, 27, 16, 112, 112])
2025-01-18 20:13:26,046 - DEBUG - Input y shape: torch.Size([8, 3, 16, 112, 112])
2025-01-18 20:13:26,046 - DEBUG - Initialized output tensor with shape: torch.Size([8, 3, 16, 112, 112])
2025-01-18 20:13:26,047 - DEBUG - Reshaped x for kernel application: torch.Size([8, 3, 27, 16, 112, 112])
2025-01-18 20:13:26,047 - DEBUG - Input x1 shape: torch.Size([8, 3, 27, 16, 112, 112])
2025-01-18 20:13:26,047 - DEBUG - Input x2 shape: torch.Size([8, 3, 27, 16, 112, 112])
2025-01-18 20:13:26,047 - ERROR - Error processing batch in train phase: Dimension out of range (expected to be in range of [-6, 5], but got 6)
2025-01-18 20:13:26,316 - DEBUG - Starting forward pass with input shape: torch.Size([8, 3, 16, 112, 112])
2025-01-18 20:13:26,316 - DEBUG - Input x shape: torch.Size([8, 3, 27, 16, 112, 112])
2025-01-18 20:13:26,317 - DEBUG - Input y shape: torch.Size([8, 3, 16, 112, 112])
2025-01-18 20:13:26,317 - DEBUG - Initialized output tensor with shape: torch.Size([8, 3, 16, 112, 112])
2025-01-18 20:13:26,317 - DEBUG - Reshaped x for kernel application: torch.Size([8, 3, 27, 16, 112, 112])
2025-01-18 20:13:26,317 - DEBUG - Input x1 shape: torch.Size([8, 3, 27, 16, 112, 112])
2025-01-18 20:13:26,317 - DEBUG - Input x2 shape: torch.Size([8, 3, 27, 16, 112, 112])
2025-01-18 20:13:26,317 - ERROR - Error processing batch in train phase: Dimension out of range (expected to be in range of [-6, 5], but got 6)
2025-01-18 20:13:26,594 - DEBUG - Starting forward pass with input shape: torch.Size([8, 3, 16, 112, 112])
2025-01-18 20:13:26,594 - DEBUG - Input x shape: torch.Size([8, 3, 27, 16, 112, 112])
2025-01-18 20:13:26,594 - DEBUG - Input y shape: torch.Size([8, 3, 16, 112, 112])
2025-01-18 20:13:26,595 - DEBUG - Initialized output tensor with shape: torch.Size([8, 3, 16, 112, 112])
2025-01-18 20:13:26,595 - DEBUG - Reshaped x for kernel application: torch.Size([8, 3, 27, 16, 112, 112])
2025-01-18 20:13:26,595 - DEBUG - Input x1 shape: torch.Size([8, 3, 27, 16, 112, 112])
2025-01-18 20:13:26,595 - DEBUG - Input x2 shape: torch.Size([8, 3, 27, 16, 112, 112])
2025-01-18 20:13:26,595 - ERROR - Error processing batch in train phase: Dimension out of range (expected to be in range of [-6, 5], but got 6)
2025-01-18 20:13:26,861 - DEBUG - Starting forward pass with input shape: torch.Size([8, 3, 16, 112, 112])
2025-01-18 20:13:26,861 - DEBUG - Input x shape: torch.Size([8, 3, 27, 16, 112, 112])
2025-01-18 20:13:26,861 - DEBUG - Input y shape: torch.Size([8, 3, 16, 112, 112])
2025-01-18 20:13:26,861 - DEBUG - Initialized output tensor with shape: torch.Size([8, 3, 16, 112, 112])
2025-01-18 20:13:26,861 - DEBUG - Reshaped x for kernel application: torch.Size([8, 3, 27, 16, 112, 112])
2025-01-18 20:13:26,861 - DEBUG - Input x1 shape: torch.Size([8, 3, 27, 16, 112, 112])
2025-01-18 20:13:26,862 - DEBUG - Input x2 shape: torch.Size([8, 3, 27, 16, 112, 112])
2025-01-18 20:13:26,862 - ERROR - Error processing batch in train phase: Dimension out of range (expected to be in range of [-6, 5], but got 6)
2025-01-18 20:13:27,145 - DEBUG - Starting forward pass with input shape: torch.Size([8, 3, 16, 112, 112])
2025-01-18 20:13:27,146 - DEBUG - Input x shape: torch.Size([8, 3, 27, 16, 112, 112])
2025-01-18 20:13:27,146 - DEBUG - Input y shape: torch.Size([8, 3, 16, 112, 112])
2025-01-18 20:13:27,146 - DEBUG - Initialized output tensor with shape: torch.Size([8, 3, 16, 112, 112])
2025-01-18 20:13:27,147 - DEBUG - Reshaped x for kernel application: torch.Size([8, 3, 27, 16, 112, 112])
2025-01-18 20:13:27,147 - DEBUG - Input x1 shape: torch.Size([8, 3, 27, 16, 112, 112])
2025-01-18 20:13:27,147 - DEBUG - Input x2 shape: torch.Size([8, 3, 27, 16, 112, 112])
2025-01-18 20:13:27,147 - ERROR - Error processing batch in train phase: Dimension out of range (expected to be in range of [-6, 5], but got 6)
2025-01-18 20:13:27,423 - DEBUG - Starting forward pass with input shape: torch.Size([8, 3, 16, 112, 112])
2025-01-18 20:13:27,424 - DEBUG - Input x shape: torch.Size([8, 3, 27, 16, 112, 112])
2025-01-18 20:13:27,424 - DEBUG - Input y shape: torch.Size([8, 3, 16, 112, 112])
2025-01-18 20:13:27,424 - DEBUG - Initialized output tensor with shape: torch.Size([8, 3, 16, 112, 112])
2025-01-18 20:13:27,424 - DEBUG - Reshaped x for kernel application: torch.Size([8, 3, 27, 16, 112, 112])
2025-01-18 20:13:27,424 - DEBUG - Input x1 shape: torch.Size([8, 3, 27, 16, 112, 112])
2025-01-18 20:13:27,424 - DEBUG - Input x2 shape: torch.Size([8, 3, 27, 16, 112, 112])
2025-01-18 20:13:27,424 - ERROR - Error processing batch in train phase: Dimension out of range (expected to be in range of [-6, 5], but got 6)
2025-01-18 20:13:27,695 - DEBUG - Starting forward pass with input shape: torch.Size([8, 3, 16, 112, 112])
2025-01-18 20:13:27,695 - DEBUG - Input x shape: torch.Size([8, 3, 27, 16, 112, 112])
2025-01-18 20:13:27,695 - DEBUG - Input y shape: torch.Size([8, 3, 16, 112, 112])
2025-01-18 20:13:27,695 - DEBUG - Initialized output tensor with shape: torch.Size([8, 3, 16, 112, 112])
2025-01-18 20:13:27,695 - DEBUG - Reshaped x for kernel application: torch.Size([8, 3, 27, 16, 112, 112])
2025-01-18 20:13:27,695 - DEBUG - Input x1 shape: torch.Size([8, 3, 27, 16, 112, 112])
2025-01-18 20:13:27,695 - DEBUG - Input x2 shape: torch.Size([8, 3, 27, 16, 112, 112])
2025-01-18 20:13:27,696 - ERROR - Error processing batch in train phase: Dimension out of range (expected to be in range of [-6, 5], but got 6)
2025-01-18 20:13:27,975 - DEBUG - Starting forward pass with input shape: torch.Size([8, 3, 16, 112, 112])
2025-01-18 20:13:27,975 - DEBUG - Input x shape: torch.Size([8, 3, 27, 16, 112, 112])
2025-01-18 20:13:27,975 - DEBUG - Input y shape: torch.Size([8, 3, 16, 112, 112])
2025-01-18 20:13:27,975 - DEBUG - Initialized output tensor with shape: torch.Size([8, 3, 16, 112, 112])
2025-01-18 20:13:27,975 - DEBUG - Reshaped x for kernel application: torch.Size([8, 3, 27, 16, 112, 112])
2025-01-18 20:13:27,975 - DEBUG - Input x1 shape: torch.Size([8, 3, 27, 16, 112, 112])
2025-01-18 20:13:27,975 - DEBUG - Input x2 shape: torch.Size([8, 3, 27, 16, 112, 112])
2025-01-18 20:13:27,975 - ERROR - Error processing batch in train phase: Dimension out of range (expected to be in range of [-6, 5], but got 6)
2025-01-18 20:13:28,270 - DEBUG - Starting forward pass with input shape: torch.Size([8, 3, 16, 112, 112])
2025-01-18 20:13:28,271 - DEBUG - Input x shape: torch.Size([8, 3, 27, 16, 112, 112])
2025-01-18 20:13:28,271 - DEBUG - Input y shape: torch.Size([8, 3, 16, 112, 112])
2025-01-18 20:13:28,271 - DEBUG - Initialized output tensor with shape: torch.Size([8, 3, 16, 112, 112])
2025-01-18 20:13:28,271 - DEBUG - Reshaped x for kernel application: torch.Size([8, 3, 27, 16, 112, 112])
2025-01-18 20:13:28,271 - DEBUG - Input x1 shape: torch.Size([8, 3, 27, 16, 112, 112])
2025-01-18 20:13:28,271 - DEBUG - Input x2 shape: torch.Size([8, 3, 27, 16, 112, 112])
2025-01-18 20:13:28,271 - ERROR - Error processing batch in train phase: Dimension out of range (expected to be in range of [-6, 5], but got 6)
2025-01-18 20:13:28,552 - DEBUG - Starting forward pass with input shape: torch.Size([8, 3, 16, 112, 112])
2025-01-18 20:13:28,553 - DEBUG - Input x shape: torch.Size([8, 3, 27, 16, 112, 112])
2025-01-18 20:13:28,553 - DEBUG - Input y shape: torch.Size([8, 3, 16, 112, 112])
2025-01-18 20:13:28,553 - DEBUG - Initialized output tensor with shape: torch.Size([8, 3, 16, 112, 112])
2025-01-18 20:13:28,553 - DEBUG - Reshaped x for kernel application: torch.Size([8, 3, 27, 16, 112, 112])
2025-01-18 20:13:28,553 - DEBUG - Input x1 shape: torch.Size([8, 3, 27, 16, 112, 112])
2025-01-18 20:13:28,553 - DEBUG - Input x2 shape: torch.Size([8, 3, 27, 16, 112, 112])
2025-01-18 20:13:28,553 - ERROR - Error processing batch in train phase: Dimension out of range (expected to be in range of [-6, 5], but got 6)
2025-01-18 20:13:28,824 - DEBUG - Starting forward pass with input shape: torch.Size([8, 3, 16, 112, 112])
2025-01-18 20:13:28,825 - DEBUG - Input x shape: torch.Size([8, 3, 27, 16, 112, 112])
2025-01-18 20:13:28,825 - DEBUG - Input y shape: torch.Size([8, 3, 16, 112, 112])
2025-01-18 20:13:28,825 - DEBUG - Initialized output tensor with shape: torch.Size([8, 3, 16, 112, 112])
2025-01-18 20:13:28,825 - DEBUG - Reshaped x for kernel application: torch.Size([8, 3, 27, 16, 112, 112])
2025-01-18 20:13:28,825 - DEBUG - Input x1 shape: torch.Size([8, 3, 27, 16, 112, 112])
2025-01-18 20:13:28,825 - DEBUG - Input x2 shape: torch.Size([8, 3, 27, 16, 112, 112])
2025-01-18 20:13:28,825 - ERROR - Error processing batch in train phase: Dimension out of range (expected to be in range of [-6, 5], but got 6)
2025-01-18 20:13:29,105 - DEBUG - Starting forward pass with input shape: torch.Size([8, 3, 16, 112, 112])
2025-01-18 20:13:29,106 - DEBUG - Input x shape: torch.Size([8, 3, 27, 16, 112, 112])
2025-01-18 20:13:29,107 - DEBUG - Input y shape: torch.Size([8, 3, 16, 112, 112])
2025-01-18 20:13:29,107 - DEBUG - Initialized output tensor with shape: torch.Size([8, 3, 16, 112, 112])
2025-01-18 20:13:29,107 - DEBUG - Reshaped x for kernel application: torch.Size([8, 3, 27, 16, 112, 112])
2025-01-18 20:13:29,107 - DEBUG - Input x1 shape: torch.Size([8, 3, 27, 16, 112, 112])
2025-01-18 20:13:29,107 - DEBUG - Input x2 shape: torch.Size([8, 3, 27, 16, 112, 112])
2025-01-18 20:13:29,107 - ERROR - Error processing batch in train phase: Dimension out of range (expected to be in range of [-6, 5], but got 6)
2025-01-18 20:13:29,406 - DEBUG - Starting forward pass with input shape: torch.Size([8, 3, 16, 112, 112])
2025-01-18 20:13:29,407 - DEBUG - Input x shape: torch.Size([8, 3, 27, 16, 112, 112])
2025-01-18 20:13:29,407 - DEBUG - Input y shape: torch.Size([8, 3, 16, 112, 112])
2025-01-18 20:13:29,407 - DEBUG - Initialized output tensor with shape: torch.Size([8, 3, 16, 112, 112])
2025-01-18 20:13:29,407 - DEBUG - Reshaped x for kernel application: torch.Size([8, 3, 27, 16, 112, 112])
2025-01-18 20:13:29,407 - DEBUG - Input x1 shape: torch.Size([8, 3, 27, 16, 112, 112])
2025-01-18 20:13:29,407 - DEBUG - Input x2 shape: torch.Size([8, 3, 27, 16, 112, 112])
2025-01-18 20:13:29,408 - ERROR - Error processing batch in train phase: Dimension out of range (expected to be in range of [-6, 5], but got 6)
2025-01-18 20:13:29,684 - DEBUG - Starting forward pass with input shape: torch.Size([8, 3, 16, 112, 112])
2025-01-18 20:13:29,684 - DEBUG - Input x shape: torch.Size([8, 3, 27, 16, 112, 112])
2025-01-18 20:13:29,684 - DEBUG - Input y shape: torch.Size([8, 3, 16, 112, 112])
2025-01-18 20:13:29,684 - DEBUG - Initialized output tensor with shape: torch.Size([8, 3, 16, 112, 112])
2025-01-18 20:13:29,684 - DEBUG - Reshaped x for kernel application: torch.Size([8, 3, 27, 16, 112, 112])
2025-01-18 20:13:29,684 - DEBUG - Input x1 shape: torch.Size([8, 3, 27, 16, 112, 112])
2025-01-18 20:13:29,684 - DEBUG - Input x2 shape: torch.Size([8, 3, 27, 16, 112, 112])
2025-01-18 20:13:29,685 - ERROR - Error processing batch in train phase: Dimension out of range (expected to be in range of [-6, 5], but got 6)
2025-01-18 20:13:29,949 - DEBUG - Starting forward pass with input shape: torch.Size([8, 3, 16, 112, 112])
2025-01-18 20:13:29,949 - DEBUG - Input x shape: torch.Size([8, 3, 27, 16, 112, 112])
2025-01-18 20:13:29,949 - DEBUG - Input y shape: torch.Size([8, 3, 16, 112, 112])
2025-01-18 20:13:29,949 - DEBUG - Initialized output tensor with shape: torch.Size([8, 3, 16, 112, 112])
2025-01-18 20:13:29,949 - DEBUG - Reshaped x for kernel application: torch.Size([8, 3, 27, 16, 112, 112])
2025-01-18 20:13:29,949 - DEBUG - Input x1 shape: torch.Size([8, 3, 27, 16, 112, 112])
2025-01-18 20:13:29,949 - DEBUG - Input x2 shape: torch.Size([8, 3, 27, 16, 112, 112])
2025-01-18 20:13:29,950 - ERROR - Error processing batch in train phase: Dimension out of range (expected to be in range of [-6, 5], but got 6)
2025-01-18 20:13:30,231 - DEBUG - Starting forward pass with input shape: torch.Size([8, 3, 16, 112, 112])
2025-01-18 20:13:30,232 - DEBUG - Input x shape: torch.Size([8, 3, 27, 16, 112, 112])
2025-01-18 20:13:30,232 - DEBUG - Input y shape: torch.Size([8, 3, 16, 112, 112])
2025-01-18 20:13:30,232 - DEBUG - Initialized output tensor with shape: torch.Size([8, 3, 16, 112, 112])
2025-01-18 20:13:30,232 - DEBUG - Reshaped x for kernel application: torch.Size([8, 3, 27, 16, 112, 112])
2025-01-18 20:13:30,232 - DEBUG - Input x1 shape: torch.Size([8, 3, 27, 16, 112, 112])
2025-01-18 20:13:30,232 - DEBUG - Input x2 shape: torch.Size([8, 3, 27, 16, 112, 112])
2025-01-18 20:13:30,232 - ERROR - Error processing batch in train phase: Dimension out of range (expected to be in range of [-6, 5], but got 6)
2025-01-18 20:13:30,517 - DEBUG - Starting forward pass with input shape: torch.Size([8, 3, 16, 112, 112])
2025-01-18 20:13:30,518 - DEBUG - Input x shape: torch.Size([8, 3, 27, 16, 112, 112])
2025-01-18 20:13:30,518 - DEBUG - Input y shape: torch.Size([8, 3, 16, 112, 112])
2025-01-18 20:13:30,518 - DEBUG - Initialized output tensor with shape: torch.Size([8, 3, 16, 112, 112])
2025-01-18 20:13:30,518 - DEBUG - Reshaped x for kernel application: torch.Size([8, 3, 27, 16, 112, 112])
2025-01-18 20:13:30,518 - DEBUG - Input x1 shape: torch.Size([8, 3, 27, 16, 112, 112])
2025-01-18 20:13:30,518 - DEBUG - Input x2 shape: torch.Size([8, 3, 27, 16, 112, 112])
2025-01-18 20:13:30,518 - ERROR - Error processing batch in train phase: Dimension out of range (expected to be in range of [-6, 5], but got 6)
2025-01-18 20:13:30,804 - DEBUG - Starting forward pass with input shape: torch.Size([8, 3, 16, 112, 112])
2025-01-18 20:13:30,805 - DEBUG - Input x shape: torch.Size([8, 3, 27, 16, 112, 112])
2025-01-18 20:13:30,805 - DEBUG - Input y shape: torch.Size([8, 3, 16, 112, 112])
2025-01-18 20:13:30,805 - DEBUG - Initialized output tensor with shape: torch.Size([8, 3, 16, 112, 112])
2025-01-18 20:13:30,805 - DEBUG - Reshaped x for kernel application: torch.Size([8, 3, 27, 16, 112, 112])
2025-01-18 20:13:30,805 - DEBUG - Input x1 shape: torch.Size([8, 3, 27, 16, 112, 112])
2025-01-18 20:13:30,805 - DEBUG - Input x2 shape: torch.Size([8, 3, 27, 16, 112, 112])
2025-01-18 20:13:30,805 - ERROR - Error processing batch in train phase: Dimension out of range (expected to be in range of [-6, 5], but got 6)
2025-01-18 20:13:31,080 - DEBUG - Starting forward pass with input shape: torch.Size([8, 3, 16, 112, 112])
2025-01-18 20:13:31,080 - DEBUG - Input x shape: torch.Size([8, 3, 27, 16, 112, 112])
2025-01-18 20:13:31,080 - DEBUG - Input y shape: torch.Size([8, 3, 16, 112, 112])
2025-01-18 20:13:31,081 - DEBUG - Initialized output tensor with shape: torch.Size([8, 3, 16, 112, 112])
2025-01-18 20:13:31,081 - DEBUG - Reshaped x for kernel application: torch.Size([8, 3, 27, 16, 112, 112])
2025-01-18 20:13:31,081 - DEBUG - Input x1 shape: torch.Size([8, 3, 27, 16, 112, 112])
2025-01-18 20:13:31,081 - DEBUG - Input x2 shape: torch.Size([8, 3, 27, 16, 112, 112])
2025-01-18 20:13:31,081 - ERROR - Error processing batch in train phase: Dimension out of range (expected to be in range of [-6, 5], but got 6)
2025-01-18 20:13:31,361 - DEBUG - Starting forward pass with input shape: torch.Size([8, 3, 16, 112, 112])
2025-01-18 20:13:31,362 - DEBUG - Input x shape: torch.Size([8, 3, 27, 16, 112, 112])
2025-01-18 20:13:31,362 - DEBUG - Input y shape: torch.Size([8, 3, 16, 112, 112])
2025-01-18 20:13:31,362 - DEBUG - Initialized output tensor with shape: torch.Size([8, 3, 16, 112, 112])
2025-01-18 20:13:31,362 - DEBUG - Reshaped x for kernel application: torch.Size([8, 3, 27, 16, 112, 112])
2025-01-18 20:13:31,362 - DEBUG - Input x1 shape: torch.Size([8, 3, 27, 16, 112, 112])
2025-01-18 20:13:31,362 - DEBUG - Input x2 shape: torch.Size([8, 3, 27, 16, 112, 112])
2025-01-18 20:13:31,362 - ERROR - Error processing batch in train phase: Dimension out of range (expected to be in range of [-6, 5], but got 6)
2025-01-18 20:13:31,657 - DEBUG - Starting forward pass with input shape: torch.Size([8, 3, 16, 112, 112])
2025-01-18 20:13:31,657 - DEBUG - Input x shape: torch.Size([8, 3, 27, 16, 112, 112])
2025-01-18 20:13:31,658 - DEBUG - Input y shape: torch.Size([8, 3, 16, 112, 112])
2025-01-18 20:13:31,658 - DEBUG - Initialized output tensor with shape: torch.Size([8, 3, 16, 112, 112])
2025-01-18 20:13:31,658 - DEBUG - Reshaped x for kernel application: torch.Size([8, 3, 27, 16, 112, 112])
2025-01-18 20:13:31,658 - DEBUG - Input x1 shape: torch.Size([8, 3, 27, 16, 112, 112])
2025-01-18 20:13:31,658 - DEBUG - Input x2 shape: torch.Size([8, 3, 27, 16, 112, 112])
2025-01-18 20:13:31,658 - ERROR - Error processing batch in train phase: Dimension out of range (expected to be in range of [-6, 5], but got 6)
2025-01-18 20:13:31,917 - DEBUG - Starting forward pass with input shape: torch.Size([8, 3, 16, 112, 112])
2025-01-18 20:13:31,917 - DEBUG - Input x shape: torch.Size([8, 3, 27, 16, 112, 112])
2025-01-18 20:13:31,917 - DEBUG - Input y shape: torch.Size([8, 3, 16, 112, 112])
2025-01-18 20:13:31,917 - DEBUG - Initialized output tensor with shape: torch.Size([8, 3, 16, 112, 112])
2025-01-18 20:13:31,917 - DEBUG - Reshaped x for kernel application: torch.Size([8, 3, 27, 16, 112, 112])
2025-01-18 20:13:31,918 - DEBUG - Input x1 shape: torch.Size([8, 3, 27, 16, 112, 112])
2025-01-18 20:13:31,918 - DEBUG - Input x2 shape: torch.Size([8, 3, 27, 16, 112, 112])
2025-01-18 20:13:31,918 - ERROR - Error processing batch in train phase: Dimension out of range (expected to be in range of [-6, 5], but got 6)
2025-01-18 20:13:32,187 - DEBUG - Starting forward pass with input shape: torch.Size([8, 3, 16, 112, 112])
2025-01-18 20:13:32,188 - DEBUG - Input x shape: torch.Size([8, 3, 27, 16, 112, 112])
2025-01-18 20:13:32,188 - DEBUG - Input y shape: torch.Size([8, 3, 16, 112, 112])
2025-01-18 20:13:32,188 - DEBUG - Initialized output tensor with shape: torch.Size([8, 3, 16, 112, 112])
2025-01-18 20:13:32,188 - DEBUG - Reshaped x for kernel application: torch.Size([8, 3, 27, 16, 112, 112])
2025-01-18 20:13:32,188 - DEBUG - Input x1 shape: torch.Size([8, 3, 27, 16, 112, 112])
2025-01-18 20:13:32,188 - DEBUG - Input x2 shape: torch.Size([8, 3, 27, 16, 112, 112])
2025-01-18 20:13:32,188 - ERROR - Error processing batch in train phase: Dimension out of range (expected to be in range of [-6, 5], but got 6)
2025-01-18 20:13:32,447 - DEBUG - Starting forward pass with input shape: torch.Size([8, 3, 16, 112, 112])
2025-01-18 20:13:32,448 - DEBUG - Input x shape: torch.Size([8, 3, 27, 16, 112, 112])
2025-01-18 20:13:32,448 - DEBUG - Input y shape: torch.Size([8, 3, 16, 112, 112])
2025-01-18 20:13:32,448 - DEBUG - Initialized output tensor with shape: torch.Size([8, 3, 16, 112, 112])
2025-01-18 20:13:32,448 - DEBUG - Reshaped x for kernel application: torch.Size([8, 3, 27, 16, 112, 112])
2025-01-18 20:13:32,448 - DEBUG - Input x1 shape: torch.Size([8, 3, 27, 16, 112, 112])
2025-01-18 20:13:32,448 - DEBUG - Input x2 shape: torch.Size([8, 3, 27, 16, 112, 112])
2025-01-18 20:13:32,448 - ERROR - Error processing batch in train phase: Dimension out of range (expected to be in range of [-6, 5], but got 6)
2025-01-18 20:13:32,752 - DEBUG - Starting forward pass with input shape: torch.Size([8, 3, 16, 112, 112])
2025-01-18 20:13:32,753 - DEBUG - Input x shape: torch.Size([8, 3, 27, 16, 112, 112])
2025-01-18 20:13:32,753 - DEBUG - Input y shape: torch.Size([8, 3, 16, 112, 112])
2025-01-18 20:13:32,753 - DEBUG - Initialized output tensor with shape: torch.Size([8, 3, 16, 112, 112])
2025-01-18 20:13:32,753 - DEBUG - Reshaped x for kernel application: torch.Size([8, 3, 27, 16, 112, 112])
2025-01-18 20:13:32,753 - DEBUG - Input x1 shape: torch.Size([8, 3, 27, 16, 112, 112])
2025-01-18 20:13:32,753 - DEBUG - Input x2 shape: torch.Size([8, 3, 27, 16, 112, 112])
2025-01-18 20:13:32,753 - ERROR - Error processing batch in train phase: Dimension out of range (expected to be in range of [-6, 5], but got 6)
2025-01-18 20:13:33,028 - DEBUG - Starting forward pass with input shape: torch.Size([8, 3, 16, 112, 112])
2025-01-18 20:13:33,029 - DEBUG - Input x shape: torch.Size([8, 3, 27, 16, 112, 112])
2025-01-18 20:13:33,029 - DEBUG - Input y shape: torch.Size([8, 3, 16, 112, 112])
2025-01-18 20:13:33,029 - DEBUG - Initialized output tensor with shape: torch.Size([8, 3, 16, 112, 112])
2025-01-18 20:13:33,029 - DEBUG - Reshaped x for kernel application: torch.Size([8, 3, 27, 16, 112, 112])
2025-01-18 20:13:33,029 - DEBUG - Input x1 shape: torch.Size([8, 3, 27, 16, 112, 112])
2025-01-18 20:13:33,029 - DEBUG - Input x2 shape: torch.Size([8, 3, 27, 16, 112, 112])
2025-01-18 20:13:33,029 - ERROR - Error processing batch in train phase: Dimension out of range (expected to be in range of [-6, 5], but got 6)
2025-01-18 20:13:33,311 - DEBUG - Starting forward pass with input shape: torch.Size([8, 3, 16, 112, 112])
2025-01-18 20:13:33,312 - DEBUG - Input x shape: torch.Size([8, 3, 27, 16, 112, 112])
2025-01-18 20:13:33,312 - DEBUG - Input y shape: torch.Size([8, 3, 16, 112, 112])
2025-01-18 20:13:33,312 - DEBUG - Initialized output tensor with shape: torch.Size([8, 3, 16, 112, 112])
2025-01-18 20:13:33,312 - DEBUG - Reshaped x for kernel application: torch.Size([8, 3, 27, 16, 112, 112])
2025-01-18 20:13:33,312 - DEBUG - Input x1 shape: torch.Size([8, 3, 27, 16, 112, 112])
2025-01-18 20:13:33,312 - DEBUG - Input x2 shape: torch.Size([8, 3, 27, 16, 112, 112])
2025-01-18 20:13:33,312 - ERROR - Error processing batch in train phase: Dimension out of range (expected to be in range of [-6, 5], but got 6)
2025-01-18 20:13:33,588 - DEBUG - Starting forward pass with input shape: torch.Size([8, 3, 16, 112, 112])
2025-01-18 20:13:33,588 - DEBUG - Input x shape: torch.Size([8, 3, 27, 16, 112, 112])
2025-01-18 20:13:33,588 - DEBUG - Input y shape: torch.Size([8, 3, 16, 112, 112])
2025-01-18 20:13:33,588 - DEBUG - Initialized output tensor with shape: torch.Size([8, 3, 16, 112, 112])
2025-01-18 20:13:33,588 - DEBUG - Reshaped x for kernel application: torch.Size([8, 3, 27, 16, 112, 112])
2025-01-18 20:13:33,588 - DEBUG - Input x1 shape: torch.Size([8, 3, 27, 16, 112, 112])
2025-01-18 20:13:33,588 - DEBUG - Input x2 shape: torch.Size([8, 3, 27, 16, 112, 112])
2025-01-18 20:13:33,588 - ERROR - Error processing batch in train phase: Dimension out of range (expected to be in range of [-6, 5], but got 6)
2025-01-18 20:13:33,871 - DEBUG - Starting forward pass with input shape: torch.Size([8, 3, 16, 112, 112])
2025-01-18 20:13:33,871 - DEBUG - Input x shape: torch.Size([8, 3, 27, 16, 112, 112])
2025-01-18 20:13:33,871 - DEBUG - Input y shape: torch.Size([8, 3, 16, 112, 112])
2025-01-18 20:13:33,872 - DEBUG - Initialized output tensor with shape: torch.Size([8, 3, 16, 112, 112])
2025-01-18 20:13:33,872 - DEBUG - Reshaped x for kernel application: torch.Size([8, 3, 27, 16, 112, 112])
2025-01-18 20:13:33,872 - DEBUG - Input x1 shape: torch.Size([8, 3, 27, 16, 112, 112])
2025-01-18 20:13:33,872 - DEBUG - Input x2 shape: torch.Size([8, 3, 27, 16, 112, 112])
2025-01-18 20:13:33,872 - ERROR - Error processing batch in train phase: Dimension out of range (expected to be in range of [-6, 5], but got 6)
2025-01-18 20:13:34,131 - DEBUG - Starting forward pass with input shape: torch.Size([8, 3, 16, 112, 112])
2025-01-18 20:13:34,132 - DEBUG - Input x shape: torch.Size([8, 3, 27, 16, 112, 112])
2025-01-18 20:13:34,132 - DEBUG - Input y shape: torch.Size([8, 3, 16, 112, 112])
2025-01-18 20:13:34,132 - DEBUG - Initialized output tensor with shape: torch.Size([8, 3, 16, 112, 112])
2025-01-18 20:13:34,132 - DEBUG - Reshaped x for kernel application: torch.Size([8, 3, 27, 16, 112, 112])
2025-01-18 20:13:34,132 - DEBUG - Input x1 shape: torch.Size([8, 3, 27, 16, 112, 112])
2025-01-18 20:13:34,132 - DEBUG - Input x2 shape: torch.Size([8, 3, 27, 16, 112, 112])
2025-01-18 20:13:34,132 - ERROR - Error processing batch in train phase: Dimension out of range (expected to be in range of [-6, 5], but got 6)
2025-01-18 20:13:34,420 - DEBUG - Starting forward pass with input shape: torch.Size([8, 3, 16, 112, 112])
2025-01-18 20:13:34,420 - DEBUG - Input x shape: torch.Size([8, 3, 27, 16, 112, 112])
2025-01-18 20:13:34,420 - DEBUG - Input y shape: torch.Size([8, 3, 16, 112, 112])
2025-01-18 20:13:34,420 - DEBUG - Initialized output tensor with shape: torch.Size([8, 3, 16, 112, 112])
2025-01-18 20:13:34,420 - DEBUG - Reshaped x for kernel application: torch.Size([8, 3, 27, 16, 112, 112])
2025-01-18 20:13:34,420 - DEBUG - Input x1 shape: torch.Size([8, 3, 27, 16, 112, 112])
2025-01-18 20:13:34,420 - DEBUG - Input x2 shape: torch.Size([8, 3, 27, 16, 112, 112])
2025-01-18 20:13:34,420 - ERROR - Error processing batch in train phase: Dimension out of range (expected to be in range of [-6, 5], but got 6)
2025-01-18 20:13:34,672 - DEBUG - Starting forward pass with input shape: torch.Size([8, 3, 16, 112, 112])
2025-01-18 20:13:34,672 - DEBUG - Input x shape: torch.Size([8, 3, 27, 16, 112, 112])
2025-01-18 20:13:34,673 - DEBUG - Input y shape: torch.Size([8, 3, 16, 112, 112])
2025-01-18 20:13:34,673 - DEBUG - Initialized output tensor with shape: torch.Size([8, 3, 16, 112, 112])
2025-01-18 20:13:34,673 - DEBUG - Reshaped x for kernel application: torch.Size([8, 3, 27, 16, 112, 112])
2025-01-18 20:13:34,673 - DEBUG - Input x1 shape: torch.Size([8, 3, 27, 16, 112, 112])
2025-01-18 20:13:34,673 - DEBUG - Input x2 shape: torch.Size([8, 3, 27, 16, 112, 112])
2025-01-18 20:13:34,673 - ERROR - Error processing batch in train phase: Dimension out of range (expected to be in range of [-6, 5], but got 6)
2025-01-18 20:13:34,966 - DEBUG - Starting forward pass with input shape: torch.Size([8, 3, 16, 112, 112])
2025-01-18 20:13:34,966 - DEBUG - Input x shape: torch.Size([8, 3, 27, 16, 112, 112])
2025-01-18 20:13:34,967 - DEBUG - Input y shape: torch.Size([8, 3, 16, 112, 112])
2025-01-18 20:13:34,967 - DEBUG - Initialized output tensor with shape: torch.Size([8, 3, 16, 112, 112])
2025-01-18 20:13:34,967 - DEBUG - Reshaped x for kernel application: torch.Size([8, 3, 27, 16, 112, 112])
2025-01-18 20:13:34,967 - DEBUG - Input x1 shape: torch.Size([8, 3, 27, 16, 112, 112])
2025-01-18 20:13:34,967 - DEBUG - Input x2 shape: torch.Size([8, 3, 27, 16, 112, 112])
2025-01-18 20:13:34,967 - ERROR - Error processing batch in train phase: Dimension out of range (expected to be in range of [-6, 5], but got 6)
2025-01-18 20:13:35,238 - DEBUG - Starting forward pass with input shape: torch.Size([8, 3, 16, 112, 112])
2025-01-18 20:13:35,238 - DEBUG - Input x shape: torch.Size([8, 3, 27, 16, 112, 112])
2025-01-18 20:13:35,238 - DEBUG - Input y shape: torch.Size([8, 3, 16, 112, 112])
2025-01-18 20:13:35,238 - DEBUG - Initialized output tensor with shape: torch.Size([8, 3, 16, 112, 112])
2025-01-18 20:13:35,239 - DEBUG - Reshaped x for kernel application: torch.Size([8, 3, 27, 16, 112, 112])
2025-01-18 20:13:35,239 - DEBUG - Input x1 shape: torch.Size([8, 3, 27, 16, 112, 112])
2025-01-18 20:13:35,239 - DEBUG - Input x2 shape: torch.Size([8, 3, 27, 16, 112, 112])
2025-01-18 20:13:35,239 - ERROR - Error processing batch in train phase: Dimension out of range (expected to be in range of [-6, 5], but got 6)
2025-01-18 20:13:35,514 - DEBUG - Starting forward pass with input shape: torch.Size([8, 3, 16, 112, 112])
2025-01-18 20:13:35,515 - DEBUG - Input x shape: torch.Size([8, 3, 27, 16, 112, 112])
2025-01-18 20:13:35,515 - DEBUG - Input y shape: torch.Size([8, 3, 16, 112, 112])
2025-01-18 20:13:35,516 - DEBUG - Initialized output tensor with shape: torch.Size([8, 3, 16, 112, 112])
2025-01-18 20:13:35,516 - DEBUG - Reshaped x for kernel application: torch.Size([8, 3, 27, 16, 112, 112])
2025-01-18 20:13:35,516 - DEBUG - Input x1 shape: torch.Size([8, 3, 27, 16, 112, 112])
2025-01-18 20:13:35,516 - DEBUG - Input x2 shape: torch.Size([8, 3, 27, 16, 112, 112])
2025-01-18 20:13:35,516 - ERROR - Error processing batch in train phase: Dimension out of range (expected to be in range of [-6, 5], but got 6)
2025-01-18 20:13:35,786 - DEBUG - Starting forward pass with input shape: torch.Size([8, 3, 16, 112, 112])
2025-01-18 20:13:35,787 - DEBUG - Input x shape: torch.Size([8, 3, 27, 16, 112, 112])
2025-01-18 20:13:35,787 - DEBUG - Input y shape: torch.Size([8, 3, 16, 112, 112])
2025-01-18 20:13:35,787 - DEBUG - Initialized output tensor with shape: torch.Size([8, 3, 16, 112, 112])
2025-01-18 20:13:35,787 - DEBUG - Reshaped x for kernel application: torch.Size([8, 3, 27, 16, 112, 112])
2025-01-18 20:13:35,787 - DEBUG - Input x1 shape: torch.Size([8, 3, 27, 16, 112, 112])
2025-01-18 20:13:35,787 - DEBUG - Input x2 shape: torch.Size([8, 3, 27, 16, 112, 112])
2025-01-18 20:13:35,787 - ERROR - Error processing batch in train phase: Dimension out of range (expected to be in range of [-6, 5], but got 6)
2025-01-18 20:13:36,077 - DEBUG - Starting forward pass with input shape: torch.Size([8, 3, 16, 112, 112])
2025-01-18 20:13:36,078 - DEBUG - Input x shape: torch.Size([8, 3, 27, 16, 112, 112])
2025-01-18 20:13:36,078 - DEBUG - Input y shape: torch.Size([8, 3, 16, 112, 112])
2025-01-18 20:13:36,078 - DEBUG - Initialized output tensor with shape: torch.Size([8, 3, 16, 112, 112])
2025-01-18 20:13:36,078 - DEBUG - Reshaped x for kernel application: torch.Size([8, 3, 27, 16, 112, 112])
2025-01-18 20:13:36,078 - DEBUG - Input x1 shape: torch.Size([8, 3, 27, 16, 112, 112])
2025-01-18 20:13:36,078 - DEBUG - Input x2 shape: torch.Size([8, 3, 27, 16, 112, 112])
2025-01-18 20:13:36,078 - ERROR - Error processing batch in train phase: Dimension out of range (expected to be in range of [-6, 5], but got 6)
2025-01-18 20:13:36,358 - DEBUG - Starting forward pass with input shape: torch.Size([8, 3, 16, 112, 112])
2025-01-18 20:13:36,358 - DEBUG - Input x shape: torch.Size([8, 3, 27, 16, 112, 112])
2025-01-18 20:13:36,358 - DEBUG - Input y shape: torch.Size([8, 3, 16, 112, 112])
2025-01-18 20:13:36,358 - DEBUG - Initialized output tensor with shape: torch.Size([8, 3, 16, 112, 112])
2025-01-18 20:13:36,358 - DEBUG - Reshaped x for kernel application: torch.Size([8, 3, 27, 16, 112, 112])
2025-01-18 20:13:36,358 - DEBUG - Input x1 shape: torch.Size([8, 3, 27, 16, 112, 112])
2025-01-18 20:13:36,358 - DEBUG - Input x2 shape: torch.Size([8, 3, 27, 16, 112, 112])
2025-01-18 20:13:36,358 - ERROR - Error processing batch in train phase: Dimension out of range (expected to be in range of [-6, 5], but got 6)
2025-01-18 20:13:36,635 - DEBUG - Starting forward pass with input shape: torch.Size([8, 3, 16, 112, 112])
2025-01-18 20:13:36,636 - DEBUG - Input x shape: torch.Size([8, 3, 27, 16, 112, 112])
2025-01-18 20:13:36,636 - DEBUG - Input y shape: torch.Size([8, 3, 16, 112, 112])
2025-01-18 20:13:36,636 - DEBUG - Initialized output tensor with shape: torch.Size([8, 3, 16, 112, 112])
2025-01-18 20:13:36,636 - DEBUG - Reshaped x for kernel application: torch.Size([8, 3, 27, 16, 112, 112])
2025-01-18 20:13:36,636 - DEBUG - Input x1 shape: torch.Size([8, 3, 27, 16, 112, 112])
2025-01-18 20:13:36,636 - DEBUG - Input x2 shape: torch.Size([8, 3, 27, 16, 112, 112])
2025-01-18 20:13:36,636 - ERROR - Error processing batch in train phase: Dimension out of range (expected to be in range of [-6, 5], but got 6)
2025-01-18 20:13:36,923 - DEBUG - Starting forward pass with input shape: torch.Size([8, 3, 16, 112, 112])
2025-01-18 20:13:36,924 - DEBUG - Input x shape: torch.Size([8, 3, 27, 16, 112, 112])
2025-01-18 20:13:36,924 - DEBUG - Input y shape: torch.Size([8, 3, 16, 112, 112])
2025-01-18 20:13:36,924 - DEBUG - Initialized output tensor with shape: torch.Size([8, 3, 16, 112, 112])
2025-01-18 20:13:36,924 - DEBUG - Reshaped x for kernel application: torch.Size([8, 3, 27, 16, 112, 112])
2025-01-18 20:13:36,924 - DEBUG - Input x1 shape: torch.Size([8, 3, 27, 16, 112, 112])
2025-01-18 20:13:36,924 - DEBUG - Input x2 shape: torch.Size([8, 3, 27, 16, 112, 112])
2025-01-18 20:13:36,925 - ERROR - Error processing batch in train phase: Dimension out of range (expected to be in range of [-6, 5], but got 6)
2025-01-18 20:13:37,207 - DEBUG - Starting forward pass with input shape: torch.Size([8, 3, 16, 112, 112])
2025-01-18 20:13:37,208 - DEBUG - Input x shape: torch.Size([8, 3, 27, 16, 112, 112])
2025-01-18 20:13:37,208 - DEBUG - Input y shape: torch.Size([8, 3, 16, 112, 112])
2025-01-18 20:13:37,208 - DEBUG - Initialized output tensor with shape: torch.Size([8, 3, 16, 112, 112])
2025-01-18 20:13:37,208 - DEBUG - Reshaped x for kernel application: torch.Size([8, 3, 27, 16, 112, 112])
2025-01-18 20:13:37,208 - DEBUG - Input x1 shape: torch.Size([8, 3, 27, 16, 112, 112])
2025-01-18 20:13:37,208 - DEBUG - Input x2 shape: torch.Size([8, 3, 27, 16, 112, 112])
2025-01-18 20:13:37,208 - ERROR - Error processing batch in train phase: Dimension out of range (expected to be in range of [-6, 5], but got 6)
2025-01-18 20:13:37,481 - DEBUG - Starting forward pass with input shape: torch.Size([8, 3, 16, 112, 112])
2025-01-18 20:13:37,481 - DEBUG - Input x shape: torch.Size([8, 3, 27, 16, 112, 112])
2025-01-18 20:13:37,481 - DEBUG - Input y shape: torch.Size([8, 3, 16, 112, 112])
2025-01-18 20:13:37,481 - DEBUG - Initialized output tensor with shape: torch.Size([8, 3, 16, 112, 112])
2025-01-18 20:13:37,481 - DEBUG - Reshaped x for kernel application: torch.Size([8, 3, 27, 16, 112, 112])
2025-01-18 20:13:37,481 - DEBUG - Input x1 shape: torch.Size([8, 3, 27, 16, 112, 112])
2025-01-18 20:13:37,481 - DEBUG - Input x2 shape: torch.Size([8, 3, 27, 16, 112, 112])
2025-01-18 20:13:37,482 - ERROR - Error processing batch in train phase: Dimension out of range (expected to be in range of [-6, 5], but got 6)
2025-01-18 20:13:37,753 - DEBUG - Starting forward pass with input shape: torch.Size([8, 3, 16, 112, 112])
2025-01-18 20:13:37,753 - DEBUG - Input x shape: torch.Size([8, 3, 27, 16, 112, 112])
2025-01-18 20:13:37,754 - DEBUG - Input y shape: torch.Size([8, 3, 16, 112, 112])
2025-01-18 20:13:37,754 - DEBUG - Initialized output tensor with shape: torch.Size([8, 3, 16, 112, 112])
2025-01-18 20:13:37,754 - DEBUG - Reshaped x for kernel application: torch.Size([8, 3, 27, 16, 112, 112])
2025-01-18 20:13:37,754 - DEBUG - Input x1 shape: torch.Size([8, 3, 27, 16, 112, 112])
2025-01-18 20:13:37,754 - DEBUG - Input x2 shape: torch.Size([8, 3, 27, 16, 112, 112])
2025-01-18 20:13:37,754 - ERROR - Error processing batch in train phase: Dimension out of range (expected to be in range of [-6, 5], but got 6)
2025-01-18 20:13:38,017 - DEBUG - Starting forward pass with input shape: torch.Size([8, 3, 16, 112, 112])
2025-01-18 20:13:38,017 - DEBUG - Input x shape: torch.Size([8, 3, 27, 16, 112, 112])
2025-01-18 20:13:38,017 - DEBUG - Input y shape: torch.Size([8, 3, 16, 112, 112])
2025-01-18 20:13:38,018 - DEBUG - Initialized output tensor with shape: torch.Size([8, 3, 16, 112, 112])
2025-01-18 20:13:38,018 - DEBUG - Reshaped x for kernel application: torch.Size([8, 3, 27, 16, 112, 112])
2025-01-18 20:13:38,018 - DEBUG - Input x1 shape: torch.Size([8, 3, 27, 16, 112, 112])
2025-01-18 20:13:38,018 - DEBUG - Input x2 shape: torch.Size([8, 3, 27, 16, 112, 112])
2025-01-18 20:13:38,018 - ERROR - Error processing batch in train phase: Dimension out of range (expected to be in range of [-6, 5], but got 6)
2025-01-18 20:13:38,289 - DEBUG - Starting forward pass with input shape: torch.Size([8, 3, 16, 112, 112])
2025-01-18 20:13:38,289 - DEBUG - Input x shape: torch.Size([8, 3, 27, 16, 112, 112])
2025-01-18 20:13:38,290 - DEBUG - Input y shape: torch.Size([8, 3, 16, 112, 112])
2025-01-18 20:13:38,290 - DEBUG - Initialized output tensor with shape: torch.Size([8, 3, 16, 112, 112])
2025-01-18 20:13:38,290 - DEBUG - Reshaped x for kernel application: torch.Size([8, 3, 27, 16, 112, 112])
2025-01-18 20:13:38,290 - DEBUG - Input x1 shape: torch.Size([8, 3, 27, 16, 112, 112])
2025-01-18 20:13:38,290 - DEBUG - Input x2 shape: torch.Size([8, 3, 27, 16, 112, 112])
2025-01-18 20:13:38,290 - ERROR - Error processing batch in train phase: Dimension out of range (expected to be in range of [-6, 5], but got 6)
2025-01-18 20:13:38,561 - DEBUG - Starting forward pass with input shape: torch.Size([8, 3, 16, 112, 112])
2025-01-18 20:13:38,561 - DEBUG - Input x shape: torch.Size([8, 3, 27, 16, 112, 112])
2025-01-18 20:13:38,561 - DEBUG - Input y shape: torch.Size([8, 3, 16, 112, 112])
2025-01-18 20:13:38,561 - DEBUG - Initialized output tensor with shape: torch.Size([8, 3, 16, 112, 112])
2025-01-18 20:13:38,561 - DEBUG - Reshaped x for kernel application: torch.Size([8, 3, 27, 16, 112, 112])
2025-01-18 20:13:38,561 - DEBUG - Input x1 shape: torch.Size([8, 3, 27, 16, 112, 112])
2025-01-18 20:13:38,561 - DEBUG - Input x2 shape: torch.Size([8, 3, 27, 16, 112, 112])
2025-01-18 20:13:38,561 - ERROR - Error processing batch in train phase: Dimension out of range (expected to be in range of [-6, 5], but got 6)
2025-01-18 20:13:38,829 - DEBUG - Starting forward pass with input shape: torch.Size([8, 3, 16, 112, 112])
2025-01-18 20:13:38,829 - DEBUG - Input x shape: torch.Size([8, 3, 27, 16, 112, 112])
2025-01-18 20:13:38,829 - DEBUG - Input y shape: torch.Size([8, 3, 16, 112, 112])
2025-01-18 20:13:38,829 - DEBUG - Initialized output tensor with shape: torch.Size([8, 3, 16, 112, 112])
2025-01-18 20:13:38,829 - DEBUG - Reshaped x for kernel application: torch.Size([8, 3, 27, 16, 112, 112])
2025-01-18 20:13:38,829 - DEBUG - Input x1 shape: torch.Size([8, 3, 27, 16, 112, 112])
2025-01-18 20:13:38,829 - DEBUG - Input x2 shape: torch.Size([8, 3, 27, 16, 112, 112])
2025-01-18 20:13:38,830 - ERROR - Error processing batch in train phase: Dimension out of range (expected to be in range of [-6, 5], but got 6)
2025-01-18 20:13:39,092 - DEBUG - Starting forward pass with input shape: torch.Size([8, 3, 16, 112, 112])
2025-01-18 20:13:39,092 - DEBUG - Input x shape: torch.Size([8, 3, 27, 16, 112, 112])
2025-01-18 20:13:39,092 - DEBUG - Input y shape: torch.Size([8, 3, 16, 112, 112])
2025-01-18 20:13:39,092 - DEBUG - Initialized output tensor with shape: torch.Size([8, 3, 16, 112, 112])
2025-01-18 20:13:39,092 - DEBUG - Reshaped x for kernel application: torch.Size([8, 3, 27, 16, 112, 112])
2025-01-18 20:13:39,092 - DEBUG - Input x1 shape: torch.Size([8, 3, 27, 16, 112, 112])
2025-01-18 20:13:39,092 - DEBUG - Input x2 shape: torch.Size([8, 3, 27, 16, 112, 112])
2025-01-18 20:13:39,092 - ERROR - Error processing batch in train phase: Dimension out of range (expected to be in range of [-6, 5], but got 6)
2025-01-18 20:13:39,375 - DEBUG - Starting forward pass with input shape: torch.Size([8, 3, 16, 112, 112])
2025-01-18 20:13:39,375 - DEBUG - Input x shape: torch.Size([8, 3, 27, 16, 112, 112])
2025-01-18 20:13:39,375 - DEBUG - Input y shape: torch.Size([8, 3, 16, 112, 112])
2025-01-18 20:13:39,375 - DEBUG - Initialized output tensor with shape: torch.Size([8, 3, 16, 112, 112])
2025-01-18 20:13:39,375 - DEBUG - Reshaped x for kernel application: torch.Size([8, 3, 27, 16, 112, 112])
2025-01-18 20:13:39,375 - DEBUG - Input x1 shape: torch.Size([8, 3, 27, 16, 112, 112])
2025-01-18 20:13:39,375 - DEBUG - Input x2 shape: torch.Size([8, 3, 27, 16, 112, 112])
2025-01-18 20:13:39,375 - ERROR - Error processing batch in train phase: Dimension out of range (expected to be in range of [-6, 5], but got 6)
2025-01-18 20:13:39,654 - DEBUG - Starting forward pass with input shape: torch.Size([8, 3, 16, 112, 112])
2025-01-18 20:13:39,654 - DEBUG - Input x shape: torch.Size([8, 3, 27, 16, 112, 112])
2025-01-18 20:13:39,654 - DEBUG - Input y shape: torch.Size([8, 3, 16, 112, 112])
2025-01-18 20:13:39,654 - DEBUG - Initialized output tensor with shape: torch.Size([8, 3, 16, 112, 112])
2025-01-18 20:13:39,654 - DEBUG - Reshaped x for kernel application: torch.Size([8, 3, 27, 16, 112, 112])
2025-01-18 20:13:39,654 - DEBUG - Input x1 shape: torch.Size([8, 3, 27, 16, 112, 112])
2025-01-18 20:13:39,654 - DEBUG - Input x2 shape: torch.Size([8, 3, 27, 16, 112, 112])
2025-01-18 20:13:39,654 - ERROR - Error processing batch in train phase: Dimension out of range (expected to be in range of [-6, 5], but got 6)
2025-01-18 20:13:39,932 - DEBUG - Starting forward pass with input shape: torch.Size([8, 3, 16, 112, 112])
2025-01-18 20:13:39,932 - DEBUG - Input x shape: torch.Size([8, 3, 27, 16, 112, 112])
2025-01-18 20:13:39,933 - DEBUG - Input y shape: torch.Size([8, 3, 16, 112, 112])
2025-01-18 20:13:39,933 - DEBUG - Initialized output tensor with shape: torch.Size([8, 3, 16, 112, 112])
2025-01-18 20:13:39,933 - DEBUG - Reshaped x for kernel application: torch.Size([8, 3, 27, 16, 112, 112])
2025-01-18 20:13:39,933 - DEBUG - Input x1 shape: torch.Size([8, 3, 27, 16, 112, 112])
2025-01-18 20:13:39,933 - DEBUG - Input x2 shape: torch.Size([8, 3, 27, 16, 112, 112])
2025-01-18 20:13:39,933 - ERROR - Error processing batch in train phase: Dimension out of range (expected to be in range of [-6, 5], but got 6)
2025-01-18 20:13:40,205 - DEBUG - Starting forward pass with input shape: torch.Size([8, 3, 16, 112, 112])
2025-01-18 20:13:40,205 - DEBUG - Input x shape: torch.Size([8, 3, 27, 16, 112, 112])
2025-01-18 20:13:40,205 - DEBUG - Input y shape: torch.Size([8, 3, 16, 112, 112])
2025-01-18 20:13:40,205 - DEBUG - Initialized output tensor with shape: torch.Size([8, 3, 16, 112, 112])
2025-01-18 20:13:40,205 - DEBUG - Reshaped x for kernel application: torch.Size([8, 3, 27, 16, 112, 112])
2025-01-18 20:13:40,205 - DEBUG - Input x1 shape: torch.Size([8, 3, 27, 16, 112, 112])
2025-01-18 20:13:40,206 - DEBUG - Input x2 shape: torch.Size([8, 3, 27, 16, 112, 112])
2025-01-18 20:13:40,206 - ERROR - Error processing batch in train phase: Dimension out of range (expected to be in range of [-6, 5], but got 6)
2025-01-18 20:13:40,471 - DEBUG - Starting forward pass with input shape: torch.Size([8, 3, 16, 112, 112])
2025-01-18 20:13:40,472 - DEBUG - Input x shape: torch.Size([8, 3, 27, 16, 112, 112])
2025-01-18 20:13:40,472 - DEBUG - Input y shape: torch.Size([8, 3, 16, 112, 112])
2025-01-18 20:13:40,472 - DEBUG - Initialized output tensor with shape: torch.Size([8, 3, 16, 112, 112])
2025-01-18 20:13:40,472 - DEBUG - Reshaped x for kernel application: torch.Size([8, 3, 27, 16, 112, 112])
2025-01-18 20:13:40,472 - DEBUG - Input x1 shape: torch.Size([8, 3, 27, 16, 112, 112])
2025-01-18 20:13:40,472 - DEBUG - Input x2 shape: torch.Size([8, 3, 27, 16, 112, 112])
2025-01-18 20:13:40,473 - ERROR - Error processing batch in train phase: Dimension out of range (expected to be in range of [-6, 5], but got 6)
2025-01-18 20:13:40,753 - DEBUG - Starting forward pass with input shape: torch.Size([8, 3, 16, 112, 112])
2025-01-18 20:13:40,753 - DEBUG - Input x shape: torch.Size([8, 3, 27, 16, 112, 112])
2025-01-18 20:13:40,753 - DEBUG - Input y shape: torch.Size([8, 3, 16, 112, 112])
2025-01-18 20:13:40,753 - DEBUG - Initialized output tensor with shape: torch.Size([8, 3, 16, 112, 112])
2025-01-18 20:13:40,753 - DEBUG - Reshaped x for kernel application: torch.Size([8, 3, 27, 16, 112, 112])
2025-01-18 20:13:40,753 - DEBUG - Input x1 shape: torch.Size([8, 3, 27, 16, 112, 112])
2025-01-18 20:13:40,753 - DEBUG - Input x2 shape: torch.Size([8, 3, 27, 16, 112, 112])
2025-01-18 20:13:40,754 - ERROR - Error processing batch in train phase: Dimension out of range (expected to be in range of [-6, 5], but got 6)
2025-01-18 20:13:41,027 - DEBUG - Starting forward pass with input shape: torch.Size([8, 3, 16, 112, 112])
2025-01-18 20:13:41,027 - DEBUG - Input x shape: torch.Size([8, 3, 27, 16, 112, 112])
2025-01-18 20:13:41,027 - DEBUG - Input y shape: torch.Size([8, 3, 16, 112, 112])
2025-01-18 20:13:41,027 - DEBUG - Initialized output tensor with shape: torch.Size([8, 3, 16, 112, 112])
2025-01-18 20:13:41,027 - DEBUG - Reshaped x for kernel application: torch.Size([8, 3, 27, 16, 112, 112])
2025-01-18 20:13:41,027 - DEBUG - Input x1 shape: torch.Size([8, 3, 27, 16, 112, 112])
2025-01-18 20:13:41,027 - DEBUG - Input x2 shape: torch.Size([8, 3, 27, 16, 112, 112])
2025-01-18 20:13:41,027 - ERROR - Error processing batch in train phase: Dimension out of range (expected to be in range of [-6, 5], but got 6)
2025-01-18 20:13:41,278 - DEBUG - Starting forward pass with input shape: torch.Size([8, 3, 16, 112, 112])
2025-01-18 20:13:41,279 - DEBUG - Input x shape: torch.Size([8, 3, 27, 16, 112, 112])
2025-01-18 20:13:41,279 - DEBUG - Input y shape: torch.Size([8, 3, 16, 112, 112])
2025-01-18 20:13:41,279 - DEBUG - Initialized output tensor with shape: torch.Size([8, 3, 16, 112, 112])
2025-01-18 20:13:41,279 - DEBUG - Reshaped x for kernel application: torch.Size([8, 3, 27, 16, 112, 112])
2025-01-18 20:13:41,279 - DEBUG - Input x1 shape: torch.Size([8, 3, 27, 16, 112, 112])
2025-01-18 20:13:41,279 - DEBUG - Input x2 shape: torch.Size([8, 3, 27, 16, 112, 112])
2025-01-18 20:13:41,279 - ERROR - Error processing batch in train phase: Dimension out of range (expected to be in range of [-6, 5], but got 6)
2025-01-18 20:13:41,574 - DEBUG - Starting forward pass with input shape: torch.Size([8, 3, 16, 112, 112])
2025-01-18 20:13:41,575 - DEBUG - Input x shape: torch.Size([8, 3, 27, 16, 112, 112])
2025-01-18 20:13:41,575 - DEBUG - Input y shape: torch.Size([8, 3, 16, 112, 112])
2025-01-18 20:13:41,575 - DEBUG - Initialized output tensor with shape: torch.Size([8, 3, 16, 112, 112])
2025-01-18 20:13:41,575 - DEBUG - Reshaped x for kernel application: torch.Size([8, 3, 27, 16, 112, 112])
2025-01-18 20:13:41,575 - DEBUG - Input x1 shape: torch.Size([8, 3, 27, 16, 112, 112])
2025-01-18 20:13:41,575 - DEBUG - Input x2 shape: torch.Size([8, 3, 27, 16, 112, 112])
2025-01-18 20:13:41,575 - ERROR - Error processing batch in train phase: Dimension out of range (expected to be in range of [-6, 5], but got 6)
2025-01-18 20:13:41,862 - DEBUG - Starting forward pass with input shape: torch.Size([8, 3, 16, 112, 112])
2025-01-18 20:13:41,862 - DEBUG - Input x shape: torch.Size([8, 3, 27, 16, 112, 112])
2025-01-18 20:13:41,863 - DEBUG - Input y shape: torch.Size([8, 3, 16, 112, 112])
2025-01-18 20:13:41,863 - DEBUG - Initialized output tensor with shape: torch.Size([8, 3, 16, 112, 112])
2025-01-18 20:13:41,863 - DEBUG - Reshaped x for kernel application: torch.Size([8, 3, 27, 16, 112, 112])
2025-01-18 20:13:41,863 - DEBUG - Input x1 shape: torch.Size([8, 3, 27, 16, 112, 112])
2025-01-18 20:13:41,863 - DEBUG - Input x2 shape: torch.Size([8, 3, 27, 16, 112, 112])
2025-01-18 20:13:41,863 - ERROR - Error processing batch in train phase: Dimension out of range (expected to be in range of [-6, 5], but got 6)
2025-01-18 20:13:42,124 - DEBUG - Starting forward pass with input shape: torch.Size([8, 3, 16, 112, 112])
2025-01-18 20:13:42,125 - DEBUG - Input x shape: torch.Size([8, 3, 27, 16, 112, 112])
2025-01-18 20:13:42,125 - DEBUG - Input y shape: torch.Size([8, 3, 16, 112, 112])
2025-01-18 20:13:42,125 - DEBUG - Initialized output tensor with shape: torch.Size([8, 3, 16, 112, 112])
2025-01-18 20:13:42,125 - DEBUG - Reshaped x for kernel application: torch.Size([8, 3, 27, 16, 112, 112])
2025-01-18 20:13:42,125 - DEBUG - Input x1 shape: torch.Size([8, 3, 27, 16, 112, 112])
2025-01-18 20:13:42,125 - DEBUG - Input x2 shape: torch.Size([8, 3, 27, 16, 112, 112])
2025-01-18 20:13:42,125 - ERROR - Error processing batch in train phase: Dimension out of range (expected to be in range of [-6, 5], but got 6)
2025-01-18 20:13:42,388 - DEBUG - Starting forward pass with input shape: torch.Size([8, 3, 16, 112, 112])
2025-01-18 20:13:42,389 - DEBUG - Input x shape: torch.Size([8, 3, 27, 16, 112, 112])
2025-01-18 20:13:42,389 - DEBUG - Input y shape: torch.Size([8, 3, 16, 112, 112])
2025-01-18 20:13:42,389 - DEBUG - Initialized output tensor with shape: torch.Size([8, 3, 16, 112, 112])
2025-01-18 20:13:42,389 - DEBUG - Reshaped x for kernel application: torch.Size([8, 3, 27, 16, 112, 112])
2025-01-18 20:13:42,389 - DEBUG - Input x1 shape: torch.Size([8, 3, 27, 16, 112, 112])
2025-01-18 20:13:42,389 - DEBUG - Input x2 shape: torch.Size([8, 3, 27, 16, 112, 112])
2025-01-18 20:13:42,389 - ERROR - Error processing batch in train phase: Dimension out of range (expected to be in range of [-6, 5], but got 6)
2025-01-18 20:13:42,685 - DEBUG - Starting forward pass with input shape: torch.Size([8, 3, 16, 112, 112])
2025-01-18 20:13:42,686 - DEBUG - Input x shape: torch.Size([8, 3, 27, 16, 112, 112])
2025-01-18 20:13:42,686 - DEBUG - Input y shape: torch.Size([8, 3, 16, 112, 112])
2025-01-18 20:13:42,686 - DEBUG - Initialized output tensor with shape: torch.Size([8, 3, 16, 112, 112])
2025-01-18 20:13:42,686 - DEBUG - Reshaped x for kernel application: torch.Size([8, 3, 27, 16, 112, 112])
2025-01-18 20:13:42,686 - DEBUG - Input x1 shape: torch.Size([8, 3, 27, 16, 112, 112])
2025-01-18 20:13:42,686 - DEBUG - Input x2 shape: torch.Size([8, 3, 27, 16, 112, 112])
2025-01-18 20:13:42,686 - ERROR - Error processing batch in train phase: Dimension out of range (expected to be in range of [-6, 5], but got 6)
2025-01-18 20:13:42,958 - DEBUG - Starting forward pass with input shape: torch.Size([8, 3, 16, 112, 112])
2025-01-18 20:13:42,958 - DEBUG - Input x shape: torch.Size([8, 3, 27, 16, 112, 112])
2025-01-18 20:13:42,958 - DEBUG - Input y shape: torch.Size([8, 3, 16, 112, 112])
2025-01-18 20:13:42,958 - DEBUG - Initialized output tensor with shape: torch.Size([8, 3, 16, 112, 112])
2025-01-18 20:13:42,958 - DEBUG - Reshaped x for kernel application: torch.Size([8, 3, 27, 16, 112, 112])
2025-01-18 20:13:42,958 - DEBUG - Input x1 shape: torch.Size([8, 3, 27, 16, 112, 112])
2025-01-18 20:13:42,958 - DEBUG - Input x2 shape: torch.Size([8, 3, 27, 16, 112, 112])
2025-01-18 20:13:42,959 - ERROR - Error processing batch in train phase: Dimension out of range (expected to be in range of [-6, 5], but got 6)
2025-01-18 20:13:43,228 - DEBUG - Starting forward pass with input shape: torch.Size([8, 3, 16, 112, 112])
2025-01-18 20:13:43,228 - DEBUG - Input x shape: torch.Size([8, 3, 27, 16, 112, 112])
2025-01-18 20:13:43,229 - DEBUG - Input y shape: torch.Size([8, 3, 16, 112, 112])
2025-01-18 20:13:43,229 - DEBUG - Initialized output tensor with shape: torch.Size([8, 3, 16, 112, 112])
2025-01-18 20:13:43,229 - DEBUG - Reshaped x for kernel application: torch.Size([8, 3, 27, 16, 112, 112])
2025-01-18 20:13:43,229 - DEBUG - Input x1 shape: torch.Size([8, 3, 27, 16, 112, 112])
2025-01-18 20:13:43,229 - DEBUG - Input x2 shape: torch.Size([8, 3, 27, 16, 112, 112])
2025-01-18 20:13:43,229 - ERROR - Error processing batch in train phase: Dimension out of range (expected to be in range of [-6, 5], but got 6)
2025-01-18 20:13:43,489 - DEBUG - Starting forward pass with input shape: torch.Size([8, 3, 16, 112, 112])
2025-01-18 20:13:43,489 - DEBUG - Input x shape: torch.Size([8, 3, 27, 16, 112, 112])
2025-01-18 20:13:43,489 - DEBUG - Input y shape: torch.Size([8, 3, 16, 112, 112])
2025-01-18 20:13:43,489 - DEBUG - Initialized output tensor with shape: torch.Size([8, 3, 16, 112, 112])
2025-01-18 20:13:43,489 - DEBUG - Reshaped x for kernel application: torch.Size([8, 3, 27, 16, 112, 112])
2025-01-18 20:13:43,489 - DEBUG - Input x1 shape: torch.Size([8, 3, 27, 16, 112, 112])
2025-01-18 20:13:43,489 - DEBUG - Input x2 shape: torch.Size([8, 3, 27, 16, 112, 112])
2025-01-18 20:13:43,490 - ERROR - Error processing batch in train phase: Dimension out of range (expected to be in range of [-6, 5], but got 6)
2025-01-18 20:13:43,772 - DEBUG - Starting forward pass with input shape: torch.Size([8, 3, 16, 112, 112])
2025-01-18 20:13:43,772 - DEBUG - Input x shape: torch.Size([8, 3, 27, 16, 112, 112])
2025-01-18 20:13:43,772 - DEBUG - Input y shape: torch.Size([8, 3, 16, 112, 112])
2025-01-18 20:13:43,773 - DEBUG - Initialized output tensor with shape: torch.Size([8, 3, 16, 112, 112])
2025-01-18 20:13:43,773 - DEBUG - Reshaped x for kernel application: torch.Size([8, 3, 27, 16, 112, 112])
2025-01-18 20:13:43,773 - DEBUG - Input x1 shape: torch.Size([8, 3, 27, 16, 112, 112])
2025-01-18 20:13:43,773 - DEBUG - Input x2 shape: torch.Size([8, 3, 27, 16, 112, 112])
2025-01-18 20:13:43,773 - ERROR - Error processing batch in train phase: Dimension out of range (expected to be in range of [-6, 5], but got 6)
2025-01-18 20:13:44,056 - DEBUG - Starting forward pass with input shape: torch.Size([8, 3, 16, 112, 112])
2025-01-18 20:13:44,057 - DEBUG - Input x shape: torch.Size([8, 3, 27, 16, 112, 112])
2025-01-18 20:13:44,057 - DEBUG - Input y shape: torch.Size([8, 3, 16, 112, 112])
2025-01-18 20:13:44,057 - DEBUG - Initialized output tensor with shape: torch.Size([8, 3, 16, 112, 112])
2025-01-18 20:13:44,057 - DEBUG - Reshaped x for kernel application: torch.Size([8, 3, 27, 16, 112, 112])
2025-01-18 20:13:44,057 - DEBUG - Input x1 shape: torch.Size([8, 3, 27, 16, 112, 112])
2025-01-18 20:13:44,057 - DEBUG - Input x2 shape: torch.Size([8, 3, 27, 16, 112, 112])
2025-01-18 20:13:44,057 - ERROR - Error processing batch in train phase: Dimension out of range (expected to be in range of [-6, 5], but got 6)
2025-01-18 20:13:44,320 - DEBUG - Starting forward pass with input shape: torch.Size([8, 3, 16, 112, 112])
2025-01-18 20:13:44,321 - DEBUG - Input x shape: torch.Size([8, 3, 27, 16, 112, 112])
2025-01-18 20:13:44,321 - DEBUG - Input y shape: torch.Size([8, 3, 16, 112, 112])
2025-01-18 20:13:44,321 - DEBUG - Initialized output tensor with shape: torch.Size([8, 3, 16, 112, 112])
2025-01-18 20:13:44,321 - DEBUG - Reshaped x for kernel application: torch.Size([8, 3, 27, 16, 112, 112])
2025-01-18 20:13:44,321 - DEBUG - Input x1 shape: torch.Size([8, 3, 27, 16, 112, 112])
2025-01-18 20:13:44,321 - DEBUG - Input x2 shape: torch.Size([8, 3, 27, 16, 112, 112])
2025-01-18 20:13:44,321 - ERROR - Error processing batch in train phase: Dimension out of range (expected to be in range of [-6, 5], but got 6)
2025-01-18 20:13:44,580 - DEBUG - Starting forward pass with input shape: torch.Size([8, 3, 16, 112, 112])
2025-01-18 20:13:44,581 - DEBUG - Input x shape: torch.Size([8, 3, 27, 16, 112, 112])
2025-01-18 20:13:44,581 - DEBUG - Input y shape: torch.Size([8, 3, 16, 112, 112])
2025-01-18 20:13:44,581 - DEBUG - Initialized output tensor with shape: torch.Size([8, 3, 16, 112, 112])
2025-01-18 20:13:44,581 - DEBUG - Reshaped x for kernel application: torch.Size([8, 3, 27, 16, 112, 112])
2025-01-18 20:13:44,581 - DEBUG - Input x1 shape: torch.Size([8, 3, 27, 16, 112, 112])
2025-01-18 20:13:44,582 - DEBUG - Input x2 shape: torch.Size([8, 3, 27, 16, 112, 112])
2025-01-18 20:13:44,582 - ERROR - Error processing batch in train phase: Dimension out of range (expected to be in range of [-6, 5], but got 6)
2025-01-18 20:13:44,861 - DEBUG - Starting forward pass with input shape: torch.Size([8, 3, 16, 112, 112])
2025-01-18 20:13:44,861 - DEBUG - Input x shape: torch.Size([8, 3, 27, 16, 112, 112])
2025-01-18 20:13:44,862 - DEBUG - Input y shape: torch.Size([8, 3, 16, 112, 112])
2025-01-18 20:13:44,862 - DEBUG - Initialized output tensor with shape: torch.Size([8, 3, 16, 112, 112])
2025-01-18 20:13:44,862 - DEBUG - Reshaped x for kernel application: torch.Size([8, 3, 27, 16, 112, 112])
2025-01-18 20:13:44,862 - DEBUG - Input x1 shape: torch.Size([8, 3, 27, 16, 112, 112])
2025-01-18 20:13:44,862 - DEBUG - Input x2 shape: torch.Size([8, 3, 27, 16, 112, 112])
2025-01-18 20:13:44,862 - ERROR - Error processing batch in train phase: Dimension out of range (expected to be in range of [-6, 5], but got 6)
2025-01-18 20:13:45,143 - DEBUG - Starting forward pass with input shape: torch.Size([8, 3, 16, 112, 112])
2025-01-18 20:13:45,144 - DEBUG - Input x shape: torch.Size([8, 3, 27, 16, 112, 112])
2025-01-18 20:13:45,144 - DEBUG - Input y shape: torch.Size([8, 3, 16, 112, 112])
2025-01-18 20:13:45,144 - DEBUG - Initialized output tensor with shape: torch.Size([8, 3, 16, 112, 112])
2025-01-18 20:13:45,144 - DEBUG - Reshaped x for kernel application: torch.Size([8, 3, 27, 16, 112, 112])
2025-01-18 20:13:45,144 - DEBUG - Input x1 shape: torch.Size([8, 3, 27, 16, 112, 112])
2025-01-18 20:13:45,144 - DEBUG - Input x2 shape: torch.Size([8, 3, 27, 16, 112, 112])
2025-01-18 20:13:45,144 - ERROR - Error processing batch in train phase: Dimension out of range (expected to be in range of [-6, 5], but got 6)
2025-01-18 20:13:45,417 - DEBUG - Starting forward pass with input shape: torch.Size([8, 3, 16, 112, 112])
2025-01-18 20:13:45,418 - DEBUG - Input x shape: torch.Size([8, 3, 27, 16, 112, 112])
2025-01-18 20:13:45,418 - DEBUG - Input y shape: torch.Size([8, 3, 16, 112, 112])
2025-01-18 20:13:45,418 - DEBUG - Initialized output tensor with shape: torch.Size([8, 3, 16, 112, 112])
2025-01-18 20:13:45,418 - DEBUG - Reshaped x for kernel application: torch.Size([8, 3, 27, 16, 112, 112])
2025-01-18 20:13:45,418 - DEBUG - Input x1 shape: torch.Size([8, 3, 27, 16, 112, 112])
2025-01-18 20:13:45,418 - DEBUG - Input x2 shape: torch.Size([8, 3, 27, 16, 112, 112])
2025-01-18 20:13:45,418 - ERROR - Error processing batch in train phase: Dimension out of range (expected to be in range of [-6, 5], but got 6)
2025-01-18 20:13:45,690 - DEBUG - Starting forward pass with input shape: torch.Size([8, 3, 16, 112, 112])
2025-01-18 20:13:45,691 - DEBUG - Input x shape: torch.Size([8, 3, 27, 16, 112, 112])
2025-01-18 20:13:45,691 - DEBUG - Input y shape: torch.Size([8, 3, 16, 112, 112])
2025-01-18 20:13:45,691 - DEBUG - Initialized output tensor with shape: torch.Size([8, 3, 16, 112, 112])
2025-01-18 20:13:45,691 - DEBUG - Reshaped x for kernel application: torch.Size([8, 3, 27, 16, 112, 112])
2025-01-18 20:13:45,691 - DEBUG - Input x1 shape: torch.Size([8, 3, 27, 16, 112, 112])
2025-01-18 20:13:45,691 - DEBUG - Input x2 shape: torch.Size([8, 3, 27, 16, 112, 112])
2025-01-18 20:13:45,691 - ERROR - Error processing batch in train phase: Dimension out of range (expected to be in range of [-6, 5], but got 6)
2025-01-18 20:13:45,986 - DEBUG - Starting forward pass with input shape: torch.Size([8, 3, 16, 112, 112])
2025-01-18 20:13:45,986 - DEBUG - Input x shape: torch.Size([8, 3, 27, 16, 112, 112])
2025-01-18 20:13:45,986 - DEBUG - Input y shape: torch.Size([8, 3, 16, 112, 112])
2025-01-18 20:13:45,986 - DEBUG - Initialized output tensor with shape: torch.Size([8, 3, 16, 112, 112])
2025-01-18 20:13:45,986 - DEBUG - Reshaped x for kernel application: torch.Size([8, 3, 27, 16, 112, 112])
2025-01-18 20:13:45,986 - DEBUG - Input x1 shape: torch.Size([8, 3, 27, 16, 112, 112])
2025-01-18 20:13:45,986 - DEBUG - Input x2 shape: torch.Size([8, 3, 27, 16, 112, 112])
2025-01-18 20:13:45,987 - ERROR - Error processing batch in train phase: Dimension out of range (expected to be in range of [-6, 5], but got 6)
2025-01-18 20:13:46,263 - DEBUG - Starting forward pass with input shape: torch.Size([8, 3, 16, 112, 112])
2025-01-18 20:13:46,263 - DEBUG - Input x shape: torch.Size([8, 3, 27, 16, 112, 112])
2025-01-18 20:13:46,263 - DEBUG - Input y shape: torch.Size([8, 3, 16, 112, 112])
2025-01-18 20:13:46,263 - DEBUG - Initialized output tensor with shape: torch.Size([8, 3, 16, 112, 112])
2025-01-18 20:13:46,263 - DEBUG - Reshaped x for kernel application: torch.Size([8, 3, 27, 16, 112, 112])
2025-01-18 20:13:46,263 - DEBUG - Input x1 shape: torch.Size([8, 3, 27, 16, 112, 112])
2025-01-18 20:13:46,264 - DEBUG - Input x2 shape: torch.Size([8, 3, 27, 16, 112, 112])
2025-01-18 20:13:46,264 - ERROR - Error processing batch in train phase: Dimension out of range (expected to be in range of [-6, 5], but got 6)
2025-01-18 20:13:46,535 - DEBUG - Starting forward pass with input shape: torch.Size([8, 3, 16, 112, 112])
2025-01-18 20:13:46,535 - DEBUG - Input x shape: torch.Size([8, 3, 27, 16, 112, 112])
2025-01-18 20:13:46,535 - DEBUG - Input y shape: torch.Size([8, 3, 16, 112, 112])
2025-01-18 20:13:46,535 - DEBUG - Initialized output tensor with shape: torch.Size([8, 3, 16, 112, 112])
2025-01-18 20:13:46,535 - DEBUG - Reshaped x for kernel application: torch.Size([8, 3, 27, 16, 112, 112])
2025-01-18 20:13:46,535 - DEBUG - Input x1 shape: torch.Size([8, 3, 27, 16, 112, 112])
2025-01-18 20:13:46,535 - DEBUG - Input x2 shape: torch.Size([8, 3, 27, 16, 112, 112])
2025-01-18 20:13:46,535 - ERROR - Error processing batch in train phase: Dimension out of range (expected to be in range of [-6, 5], but got 6)
2025-01-18 20:13:46,811 - DEBUG - Starting forward pass with input shape: torch.Size([8, 3, 16, 112, 112])
2025-01-18 20:13:46,812 - DEBUG - Input x shape: torch.Size([8, 3, 27, 16, 112, 112])
2025-01-18 20:13:46,812 - DEBUG - Input y shape: torch.Size([8, 3, 16, 112, 112])
2025-01-18 20:13:46,812 - DEBUG - Initialized output tensor with shape: torch.Size([8, 3, 16, 112, 112])
2025-01-18 20:13:46,812 - DEBUG - Reshaped x for kernel application: torch.Size([8, 3, 27, 16, 112, 112])
2025-01-18 20:13:46,812 - DEBUG - Input x1 shape: torch.Size([8, 3, 27, 16, 112, 112])
2025-01-18 20:13:46,812 - DEBUG - Input x2 shape: torch.Size([8, 3, 27, 16, 112, 112])
2025-01-18 20:13:46,812 - ERROR - Error processing batch in train phase: Dimension out of range (expected to be in range of [-6, 5], but got 6)
2025-01-18 20:13:47,107 - DEBUG - Starting forward pass with input shape: torch.Size([8, 3, 16, 112, 112])
2025-01-18 20:13:47,108 - DEBUG - Input x shape: torch.Size([8, 3, 27, 16, 112, 112])
2025-01-18 20:13:47,108 - DEBUG - Input y shape: torch.Size([8, 3, 16, 112, 112])
2025-01-18 20:13:47,108 - DEBUG - Initialized output tensor with shape: torch.Size([8, 3, 16, 112, 112])
2025-01-18 20:13:47,108 - DEBUG - Reshaped x for kernel application: torch.Size([8, 3, 27, 16, 112, 112])
2025-01-18 20:13:47,108 - DEBUG - Input x1 shape: torch.Size([8, 3, 27, 16, 112, 112])
2025-01-18 20:13:47,108 - DEBUG - Input x2 shape: torch.Size([8, 3, 27, 16, 112, 112])
2025-01-18 20:13:47,108 - ERROR - Error processing batch in train phase: Dimension out of range (expected to be in range of [-6, 5], but got 6)
