2025-01-18 14:02:39,335 - INFO - Logging initialized. Log file: /usr/users/volterrakernel/lepretre_cle/volterra/logs/v2/VNN-Fusion-v2-train-run-2025-01-18-14-02-39.log
2025-01-18 14:02:39,335 - INFO - Model version: v2
2025-01-18 14:02:39,402 - INFO - Using device: cuda:0
2025-01-18 14:02:39,402 - DEBUG - Initializing architecture configuration.
2025-01-18 14:02:39,403 - DEBUG - Calculating feature dimensions dynamically.
2025-01-18 14:02:39,403 - DEBUG - Initial input dimensions: 16x112x112
2025-01-18 14:02:39,403 - DEBUG - After layer with stride 1: 16x112x112
2025-01-18 14:02:39,403 - DEBUG - After layer with stride 2: 8x56x56
2025-01-18 14:02:39,403 - DEBUG - After layer with stride 1: 8x56x56
2025-01-18 14:02:39,403 - DEBUG - After layer with stride 2: 4x28x28
2025-01-18 14:02:39,403 - DEBUG - Initializing layers.
2025-01-18 14:02:39,417 - DEBUG - Initialized eta_1 with shape: torch.Size([24])
2025-01-18 14:02:39,417 - DEBUG - Initialized eta_2 with shape: torch.Size([32])
2025-01-18 14:02:39,417 - DEBUG - Initialized eta_3 with shape: torch.Size([64])
2025-01-18 14:02:39,417 - DEBUG - Initialized eta_4 with shape: torch.Size([96])
2025-01-18 14:02:39,418 - DEBUG - Initialized BatchNorm3d and Dropout3d for layer 1
2025-01-18 14:02:39,419 - DEBUG - Initialized BatchNorm3d and Dropout3d for layer 2
2025-01-18 14:02:39,419 - DEBUG - Initialized BatchNorm3d and Dropout3d for layer 3
2025-01-18 14:02:39,420 - DEBUG - Initialized BatchNorm3d and Dropout3d for layer 4
2025-01-18 14:02:39,420 - DEBUG - Initializing weights for all layers.
2025-01-18 14:02:39,420 - DEBUG - Initializing architecture configuration.
2025-01-18 14:02:39,421 - DEBUG - Calculating feature dimensions dynamically.
2025-01-18 14:02:39,421 - DEBUG - Initial input dimensions: 16x112x112
2025-01-18 14:02:39,421 - DEBUG - After layer with stride 1: 16x112x112
2025-01-18 14:02:39,421 - DEBUG - After layer with stride 2: 8x56x56
2025-01-18 14:02:39,421 - DEBUG - After layer with stride 1: 8x56x56
2025-01-18 14:02:39,421 - DEBUG - After layer with stride 2: 4x28x28
2025-01-18 14:02:39,421 - DEBUG - Initializing layers.
2025-01-18 14:02:39,421 - DEBUG - Initialized eta_1 with shape: torch.Size([24])
2025-01-18 14:02:39,422 - DEBUG - Initialized eta_2 with shape: torch.Size([32])
2025-01-18 14:02:39,422 - DEBUG - Initialized eta_3 with shape: torch.Size([64])
2025-01-18 14:02:39,422 - DEBUG - Initialized eta_4 with shape: torch.Size([96])
2025-01-18 14:02:39,423 - DEBUG - Initialized BatchNorm3d and Dropout3d for layer 1
2025-01-18 14:02:39,423 - DEBUG - Initialized BatchNorm3d and Dropout3d for layer 2
2025-01-18 14:02:39,424 - DEBUG - Initialized BatchNorm3d and Dropout3d for layer 3
2025-01-18 14:02:39,424 - DEBUG - Initialized BatchNorm3d and Dropout3d for layer 4
2025-01-18 14:02:39,424 - DEBUG - Initializing weights for all layers.
2025-01-18 14:02:41,473 - INFO - Total model parameters: 13.59M
2025-01-18 14:02:41,623 - INFO - TensorBoard log directory: /usr/users/volterrakernel/lepretre_cle/volterra/models/Jan18_14-02-41_sh05
2025-01-18 14:02:41,624 - INFO - Dataset: hmdb51, Root: ./data/HMDB51/videos, Output: ./data/HMDB51/preprocessed
2025-01-18 14:02:41,624 - DEBUG - Checking preprocessing for hmdb51
2025-01-18 14:02:42,727 - DEBUG - Preprocessing check passed
2025-01-18 14:02:42,774 - INFO - Number of train videos: 4289
2025-01-18 14:02:42,789 - INFO - Dataset: hmdb51, Root: ./data/HMDB51/videos, Output: ./data/HMDB51/preprocessed
2025-01-18 14:02:42,789 - DEBUG - Checking preprocessing for hmdb51
2025-01-18 14:02:43,032 - DEBUG - Preprocessing check passed
2025-01-18 14:02:43,055 - INFO - Number of val videos: 1101
2025-01-18 14:02:43,060 - INFO - Dataset: hmdb51, Root: ./data/HMDB51/videos, Output: ./data/HMDB51/preprocessed
2025-01-18 14:02:43,060 - DEBUG - Checking preprocessing for hmdb51
2025-01-18 14:02:43,547 - DEBUG - Preprocessing check passed
2025-01-18 14:02:43,576 - INFO - Number of test videos: 1376
2025-01-18 14:02:43,581 - INFO - Starting epoch 1/100
2025-01-18 14:02:44,941 - DEBUG - Starting forward pass with input shape: torch.Size([8, 3, 16, 112, 112])
2025-01-18 14:02:44,959 - DEBUG - Input x shape: torch.Size([8, 3, 27, 16, 112, 112])
2025-01-18 14:02:44,960 - DEBUG - Input y shape: torch.Size([8, 3, 27, 16, 112, 112])
2025-01-18 14:02:44,961 - ERROR - Error processing batch in train phase: view size is not compatible with input tensor's size and stride (at least one dimension spans across two contiguous subspaces). Use .reshape(...) instead.
2025-01-18 14:02:45,246 - DEBUG - Starting forward pass with input shape: torch.Size([8, 3, 16, 112, 112])
2025-01-18 14:02:45,246 - DEBUG - Input x shape: torch.Size([8, 3, 27, 16, 112, 112])
2025-01-18 14:02:45,246 - DEBUG - Input y shape: torch.Size([8, 3, 27, 16, 112, 112])
2025-01-18 14:02:45,246 - ERROR - Error processing batch in train phase: view size is not compatible with input tensor's size and stride (at least one dimension spans across two contiguous subspaces). Use .reshape(...) instead.
2025-01-18 14:02:45,521 - DEBUG - Starting forward pass with input shape: torch.Size([8, 3, 16, 112, 112])
2025-01-18 14:02:45,521 - DEBUG - Input x shape: torch.Size([8, 3, 27, 16, 112, 112])
2025-01-18 14:02:45,521 - DEBUG - Input y shape: torch.Size([8, 3, 27, 16, 112, 112])
2025-01-18 14:02:45,522 - ERROR - Error processing batch in train phase: view size is not compatible with input tensor's size and stride (at least one dimension spans across two contiguous subspaces). Use .reshape(...) instead.
2025-01-18 14:02:45,806 - DEBUG - Starting forward pass with input shape: torch.Size([8, 3, 16, 112, 112])
2025-01-18 14:02:45,806 - DEBUG - Input x shape: torch.Size([8, 3, 27, 16, 112, 112])
2025-01-18 14:02:45,806 - DEBUG - Input y shape: torch.Size([8, 3, 27, 16, 112, 112])
2025-01-18 14:02:45,807 - ERROR - Error processing batch in train phase: view size is not compatible with input tensor's size and stride (at least one dimension spans across two contiguous subspaces). Use .reshape(...) instead.
2025-01-18 14:02:46,093 - DEBUG - Starting forward pass with input shape: torch.Size([8, 3, 16, 112, 112])
2025-01-18 14:02:46,093 - DEBUG - Input x shape: torch.Size([8, 3, 27, 16, 112, 112])
2025-01-18 14:02:46,094 - DEBUG - Input y shape: torch.Size([8, 3, 27, 16, 112, 112])
2025-01-18 14:02:46,094 - ERROR - Error processing batch in train phase: view size is not compatible with input tensor's size and stride (at least one dimension spans across two contiguous subspaces). Use .reshape(...) instead.
2025-01-18 14:02:46,390 - DEBUG - Starting forward pass with input shape: torch.Size([8, 3, 16, 112, 112])
2025-01-18 14:02:46,390 - DEBUG - Input x shape: torch.Size([8, 3, 27, 16, 112, 112])
2025-01-18 14:02:46,390 - DEBUG - Input y shape: torch.Size([8, 3, 27, 16, 112, 112])
2025-01-18 14:02:46,391 - ERROR - Error processing batch in train phase: view size is not compatible with input tensor's size and stride (at least one dimension spans across two contiguous subspaces). Use .reshape(...) instead.
2025-01-18 14:02:46,678 - DEBUG - Starting forward pass with input shape: torch.Size([8, 3, 16, 112, 112])
2025-01-18 14:02:46,679 - DEBUG - Input x shape: torch.Size([8, 3, 27, 16, 112, 112])
2025-01-18 14:02:46,679 - DEBUG - Input y shape: torch.Size([8, 3, 27, 16, 112, 112])
2025-01-18 14:02:46,679 - ERROR - Error processing batch in train phase: view size is not compatible with input tensor's size and stride (at least one dimension spans across two contiguous subspaces). Use .reshape(...) instead.
2025-01-18 14:02:46,979 - DEBUG - Starting forward pass with input shape: torch.Size([8, 3, 16, 112, 112])
2025-01-18 14:02:46,980 - DEBUG - Input x shape: torch.Size([8, 3, 27, 16, 112, 112])
2025-01-18 14:02:46,980 - DEBUG - Input y shape: torch.Size([8, 3, 27, 16, 112, 112])
2025-01-18 14:02:46,980 - ERROR - Error processing batch in train phase: view size is not compatible with input tensor's size and stride (at least one dimension spans across two contiguous subspaces). Use .reshape(...) instead.
2025-01-18 14:02:47,274 - DEBUG - Starting forward pass with input shape: torch.Size([8, 3, 16, 112, 112])
2025-01-18 14:02:47,274 - DEBUG - Input x shape: torch.Size([8, 3, 27, 16, 112, 112])
2025-01-18 14:02:47,274 - DEBUG - Input y shape: torch.Size([8, 3, 27, 16, 112, 112])
2025-01-18 14:02:47,274 - ERROR - Error processing batch in train phase: view size is not compatible with input tensor's size and stride (at least one dimension spans across two contiguous subspaces). Use .reshape(...) instead.
2025-01-18 14:02:47,572 - DEBUG - Starting forward pass with input shape: torch.Size([8, 3, 16, 112, 112])
2025-01-18 14:02:47,572 - DEBUG - Input x shape: torch.Size([8, 3, 27, 16, 112, 112])
2025-01-18 14:02:47,572 - DEBUG - Input y shape: torch.Size([8, 3, 27, 16, 112, 112])
2025-01-18 14:02:47,573 - ERROR - Error processing batch in train phase: view size is not compatible with input tensor's size and stride (at least one dimension spans across two contiguous subspaces). Use .reshape(...) instead.
2025-01-18 14:02:47,860 - DEBUG - Starting forward pass with input shape: torch.Size([8, 3, 16, 112, 112])
2025-01-18 14:02:47,861 - DEBUG - Input x shape: torch.Size([8, 3, 27, 16, 112, 112])
2025-01-18 14:02:47,861 - DEBUG - Input y shape: torch.Size([8, 3, 27, 16, 112, 112])
2025-01-18 14:02:47,861 - ERROR - Error processing batch in train phase: view size is not compatible with input tensor's size and stride (at least one dimension spans across two contiguous subspaces). Use .reshape(...) instead.
2025-01-18 14:02:48,139 - DEBUG - Starting forward pass with input shape: torch.Size([8, 3, 16, 112, 112])
2025-01-18 14:02:48,139 - DEBUG - Input x shape: torch.Size([8, 3, 27, 16, 112, 112])
2025-01-18 14:02:48,139 - DEBUG - Input y shape: torch.Size([8, 3, 27, 16, 112, 112])
2025-01-18 14:02:48,140 - ERROR - Error processing batch in train phase: view size is not compatible with input tensor's size and stride (at least one dimension spans across two contiguous subspaces). Use .reshape(...) instead.
2025-01-18 14:02:48,436 - DEBUG - Starting forward pass with input shape: torch.Size([8, 3, 16, 112, 112])
2025-01-18 14:02:48,436 - DEBUG - Input x shape: torch.Size([8, 3, 27, 16, 112, 112])
2025-01-18 14:02:48,436 - DEBUG - Input y shape: torch.Size([8, 3, 27, 16, 112, 112])
2025-01-18 14:02:48,437 - ERROR - Error processing batch in train phase: view size is not compatible with input tensor's size and stride (at least one dimension spans across two contiguous subspaces). Use .reshape(...) instead.
2025-01-18 14:02:48,728 - DEBUG - Starting forward pass with input shape: torch.Size([8, 3, 16, 112, 112])
2025-01-18 14:02:48,728 - DEBUG - Input x shape: torch.Size([8, 3, 27, 16, 112, 112])
2025-01-18 14:02:48,728 - DEBUG - Input y shape: torch.Size([8, 3, 27, 16, 112, 112])
2025-01-18 14:02:48,728 - ERROR - Error processing batch in train phase: view size is not compatible with input tensor's size and stride (at least one dimension spans across two contiguous subspaces). Use .reshape(...) instead.
2025-01-18 14:02:49,020 - DEBUG - Starting forward pass with input shape: torch.Size([8, 3, 16, 112, 112])
2025-01-18 14:02:49,021 - DEBUG - Input x shape: torch.Size([8, 3, 27, 16, 112, 112])
2025-01-18 14:02:49,021 - DEBUG - Input y shape: torch.Size([8, 3, 27, 16, 112, 112])
2025-01-18 14:02:49,021 - ERROR - Error processing batch in train phase: view size is not compatible with input tensor's size and stride (at least one dimension spans across two contiguous subspaces). Use .reshape(...) instead.
2025-01-18 14:02:49,342 - DEBUG - Starting forward pass with input shape: torch.Size([8, 3, 16, 112, 112])
2025-01-18 14:02:49,342 - DEBUG - Input x shape: torch.Size([8, 3, 27, 16, 112, 112])
2025-01-18 14:02:49,342 - DEBUG - Input y shape: torch.Size([8, 3, 27, 16, 112, 112])
2025-01-18 14:02:49,343 - ERROR - Error processing batch in train phase: view size is not compatible with input tensor's size and stride (at least one dimension spans across two contiguous subspaces). Use .reshape(...) instead.
2025-01-18 14:02:49,645 - DEBUG - Starting forward pass with input shape: torch.Size([8, 3, 16, 112, 112])
2025-01-18 14:02:49,645 - DEBUG - Input x shape: torch.Size([8, 3, 27, 16, 112, 112])
2025-01-18 14:02:49,645 - DEBUG - Input y shape: torch.Size([8, 3, 27, 16, 112, 112])
2025-01-18 14:02:49,645 - ERROR - Error processing batch in train phase: view size is not compatible with input tensor's size and stride (at least one dimension spans across two contiguous subspaces). Use .reshape(...) instead.
2025-01-18 14:02:49,919 - DEBUG - Starting forward pass with input shape: torch.Size([8, 3, 16, 112, 112])
2025-01-18 14:02:49,919 - DEBUG - Input x shape: torch.Size([8, 3, 27, 16, 112, 112])
2025-01-18 14:02:49,919 - DEBUG - Input y shape: torch.Size([8, 3, 27, 16, 112, 112])
2025-01-18 14:02:49,920 - ERROR - Error processing batch in train phase: view size is not compatible with input tensor's size and stride (at least one dimension spans across two contiguous subspaces). Use .reshape(...) instead.
2025-01-18 14:02:50,216 - DEBUG - Starting forward pass with input shape: torch.Size([8, 3, 16, 112, 112])
2025-01-18 14:02:50,216 - DEBUG - Input x shape: torch.Size([8, 3, 27, 16, 112, 112])
2025-01-18 14:02:50,216 - DEBUG - Input y shape: torch.Size([8, 3, 27, 16, 112, 112])
2025-01-18 14:02:50,217 - ERROR - Error processing batch in train phase: view size is not compatible with input tensor's size and stride (at least one dimension spans across two contiguous subspaces). Use .reshape(...) instead.
2025-01-18 14:02:50,500 - DEBUG - Starting forward pass with input shape: torch.Size([8, 3, 16, 112, 112])
2025-01-18 14:02:50,500 - DEBUG - Input x shape: torch.Size([8, 3, 27, 16, 112, 112])
2025-01-18 14:02:50,500 - DEBUG - Input y shape: torch.Size([8, 3, 27, 16, 112, 112])
2025-01-18 14:02:50,501 - ERROR - Error processing batch in train phase: view size is not compatible with input tensor's size and stride (at least one dimension spans across two contiguous subspaces). Use .reshape(...) instead.
2025-01-18 14:02:50,797 - DEBUG - Starting forward pass with input shape: torch.Size([8, 3, 16, 112, 112])
2025-01-18 14:02:50,797 - DEBUG - Input x shape: torch.Size([8, 3, 27, 16, 112, 112])
2025-01-18 14:02:50,797 - DEBUG - Input y shape: torch.Size([8, 3, 27, 16, 112, 112])
2025-01-18 14:02:50,798 - ERROR - Error processing batch in train phase: view size is not compatible with input tensor's size and stride (at least one dimension spans across two contiguous subspaces). Use .reshape(...) instead.
2025-01-18 14:02:51,103 - DEBUG - Starting forward pass with input shape: torch.Size([8, 3, 16, 112, 112])
2025-01-18 14:02:51,104 - DEBUG - Input x shape: torch.Size([8, 3, 27, 16, 112, 112])
2025-01-18 14:02:51,104 - DEBUG - Input y shape: torch.Size([8, 3, 27, 16, 112, 112])
2025-01-18 14:02:51,104 - ERROR - Error processing batch in train phase: view size is not compatible with input tensor's size and stride (at least one dimension spans across two contiguous subspaces). Use .reshape(...) instead.
2025-01-18 14:02:51,385 - DEBUG - Starting forward pass with input shape: torch.Size([8, 3, 16, 112, 112])
2025-01-18 14:02:51,385 - DEBUG - Input x shape: torch.Size([8, 3, 27, 16, 112, 112])
2025-01-18 14:02:51,385 - DEBUG - Input y shape: torch.Size([8, 3, 27, 16, 112, 112])
2025-01-18 14:02:51,385 - ERROR - Error processing batch in train phase: view size is not compatible with input tensor's size and stride (at least one dimension spans across two contiguous subspaces). Use .reshape(...) instead.
2025-01-18 14:02:51,682 - DEBUG - Starting forward pass with input shape: torch.Size([8, 3, 16, 112, 112])
2025-01-18 14:02:51,682 - DEBUG - Input x shape: torch.Size([8, 3, 27, 16, 112, 112])
2025-01-18 14:02:51,683 - DEBUG - Input y shape: torch.Size([8, 3, 27, 16, 112, 112])
2025-01-18 14:02:51,683 - ERROR - Error processing batch in train phase: view size is not compatible with input tensor's size and stride (at least one dimension spans across two contiguous subspaces). Use .reshape(...) instead.
2025-01-18 14:02:51,979 - DEBUG - Starting forward pass with input shape: torch.Size([8, 3, 16, 112, 112])
2025-01-18 14:02:51,979 - DEBUG - Input x shape: torch.Size([8, 3, 27, 16, 112, 112])
2025-01-18 14:02:51,979 - DEBUG - Input y shape: torch.Size([8, 3, 27, 16, 112, 112])
2025-01-18 14:02:51,980 - ERROR - Error processing batch in train phase: view size is not compatible with input tensor's size and stride (at least one dimension spans across two contiguous subspaces). Use .reshape(...) instead.
2025-01-18 14:02:52,256 - DEBUG - Starting forward pass with input shape: torch.Size([8, 3, 16, 112, 112])
2025-01-18 14:02:52,257 - DEBUG - Input x shape: torch.Size([8, 3, 27, 16, 112, 112])
2025-01-18 14:02:52,257 - DEBUG - Input y shape: torch.Size([8, 3, 27, 16, 112, 112])
2025-01-18 14:02:52,257 - ERROR - Error processing batch in train phase: view size is not compatible with input tensor's size and stride (at least one dimension spans across two contiguous subspaces). Use .reshape(...) instead.
2025-01-18 14:02:52,544 - DEBUG - Starting forward pass with input shape: torch.Size([8, 3, 16, 112, 112])
2025-01-18 14:02:52,545 - DEBUG - Input x shape: torch.Size([8, 3, 27, 16, 112, 112])
2025-01-18 14:02:52,545 - DEBUG - Input y shape: torch.Size([8, 3, 27, 16, 112, 112])
2025-01-18 14:02:52,545 - ERROR - Error processing batch in train phase: view size is not compatible with input tensor's size and stride (at least one dimension spans across two contiguous subspaces). Use .reshape(...) instead.
2025-01-18 14:02:52,825 - DEBUG - Starting forward pass with input shape: torch.Size([8, 3, 16, 112, 112])
2025-01-18 14:02:52,825 - DEBUG - Input x shape: torch.Size([8, 3, 27, 16, 112, 112])
2025-01-18 14:02:52,825 - DEBUG - Input y shape: torch.Size([8, 3, 27, 16, 112, 112])
2025-01-18 14:02:52,826 - ERROR - Error processing batch in train phase: view size is not compatible with input tensor's size and stride (at least one dimension spans across two contiguous subspaces). Use .reshape(...) instead.
2025-01-18 14:02:53,107 - DEBUG - Starting forward pass with input shape: torch.Size([8, 3, 16, 112, 112])
2025-01-18 14:02:53,107 - DEBUG - Input x shape: torch.Size([8, 3, 27, 16, 112, 112])
2025-01-18 14:02:53,107 - DEBUG - Input y shape: torch.Size([8, 3, 27, 16, 112, 112])
2025-01-18 14:02:53,108 - ERROR - Error processing batch in train phase: view size is not compatible with input tensor's size and stride (at least one dimension spans across two contiguous subspaces). Use .reshape(...) instead.
2025-01-18 14:02:53,383 - DEBUG - Starting forward pass with input shape: torch.Size([8, 3, 16, 112, 112])
2025-01-18 14:02:53,383 - DEBUG - Input x shape: torch.Size([8, 3, 27, 16, 112, 112])
2025-01-18 14:02:53,383 - DEBUG - Input y shape: torch.Size([8, 3, 27, 16, 112, 112])
2025-01-18 14:02:53,384 - ERROR - Error processing batch in train phase: view size is not compatible with input tensor's size and stride (at least one dimension spans across two contiguous subspaces). Use .reshape(...) instead.
2025-01-18 14:02:53,679 - DEBUG - Starting forward pass with input shape: torch.Size([8, 3, 16, 112, 112])
2025-01-18 14:02:53,679 - DEBUG - Input x shape: torch.Size([8, 3, 27, 16, 112, 112])
2025-01-18 14:02:53,679 - DEBUG - Input y shape: torch.Size([8, 3, 27, 16, 112, 112])
2025-01-18 14:02:53,680 - ERROR - Error processing batch in train phase: view size is not compatible with input tensor's size and stride (at least one dimension spans across two contiguous subspaces). Use .reshape(...) instead.
2025-01-18 14:02:53,956 - DEBUG - Starting forward pass with input shape: torch.Size([8, 3, 16, 112, 112])
2025-01-18 14:02:53,957 - DEBUG - Input x shape: torch.Size([8, 3, 27, 16, 112, 112])
2025-01-18 14:02:53,957 - DEBUG - Input y shape: torch.Size([8, 3, 27, 16, 112, 112])
2025-01-18 14:02:53,957 - ERROR - Error processing batch in train phase: view size is not compatible with input tensor's size and stride (at least one dimension spans across two contiguous subspaces). Use .reshape(...) instead.
2025-01-18 14:02:54,244 - DEBUG - Starting forward pass with input shape: torch.Size([8, 3, 16, 112, 112])
2025-01-18 14:02:54,245 - DEBUG - Input x shape: torch.Size([8, 3, 27, 16, 112, 112])
2025-01-18 14:02:54,245 - DEBUG - Input y shape: torch.Size([8, 3, 27, 16, 112, 112])
2025-01-18 14:02:54,245 - ERROR - Error processing batch in train phase: view size is not compatible with input tensor's size and stride (at least one dimension spans across two contiguous subspaces). Use .reshape(...) instead.
2025-01-18 14:02:54,536 - DEBUG - Starting forward pass with input shape: torch.Size([8, 3, 16, 112, 112])
2025-01-18 14:02:54,537 - DEBUG - Input x shape: torch.Size([8, 3, 27, 16, 112, 112])
2025-01-18 14:02:54,537 - DEBUG - Input y shape: torch.Size([8, 3, 27, 16, 112, 112])
2025-01-18 14:02:54,537 - ERROR - Error processing batch in train phase: view size is not compatible with input tensor's size and stride (at least one dimension spans across two contiguous subspaces). Use .reshape(...) instead.
2025-01-18 14:02:54,815 - DEBUG - Starting forward pass with input shape: torch.Size([8, 3, 16, 112, 112])
2025-01-18 14:02:54,816 - DEBUG - Input x shape: torch.Size([8, 3, 27, 16, 112, 112])
2025-01-18 14:02:54,816 - DEBUG - Input y shape: torch.Size([8, 3, 27, 16, 112, 112])
2025-01-18 14:02:54,816 - ERROR - Error processing batch in train phase: view size is not compatible with input tensor's size and stride (at least one dimension spans across two contiguous subspaces). Use .reshape(...) instead.
2025-01-18 14:02:55,109 - DEBUG - Starting forward pass with input shape: torch.Size([8, 3, 16, 112, 112])
2025-01-18 14:02:55,109 - DEBUG - Input x shape: torch.Size([8, 3, 27, 16, 112, 112])
2025-01-18 14:02:55,109 - DEBUG - Input y shape: torch.Size([8, 3, 27, 16, 112, 112])
2025-01-18 14:02:55,110 - ERROR - Error processing batch in train phase: view size is not compatible with input tensor's size and stride (at least one dimension spans across two contiguous subspaces). Use .reshape(...) instead.
2025-01-18 14:02:55,387 - DEBUG - Starting forward pass with input shape: torch.Size([8, 3, 16, 112, 112])
2025-01-18 14:02:55,387 - DEBUG - Input x shape: torch.Size([8, 3, 27, 16, 112, 112])
2025-01-18 14:02:55,388 - DEBUG - Input y shape: torch.Size([8, 3, 27, 16, 112, 112])
2025-01-18 14:02:55,388 - ERROR - Error processing batch in train phase: view size is not compatible with input tensor's size and stride (at least one dimension spans across two contiguous subspaces). Use .reshape(...) instead.
2025-01-18 14:02:55,676 - DEBUG - Starting forward pass with input shape: torch.Size([8, 3, 16, 112, 112])
2025-01-18 14:02:55,676 - DEBUG - Input x shape: torch.Size([8, 3, 27, 16, 112, 112])
2025-01-18 14:02:55,677 - DEBUG - Input y shape: torch.Size([8, 3, 27, 16, 112, 112])
2025-01-18 14:02:55,677 - ERROR - Error processing batch in train phase: view size is not compatible with input tensor's size and stride (at least one dimension spans across two contiguous subspaces). Use .reshape(...) instead.
2025-01-18 14:02:55,935 - DEBUG - Starting forward pass with input shape: torch.Size([8, 3, 16, 112, 112])
2025-01-18 14:02:55,935 - DEBUG - Input x shape: torch.Size([8, 3, 27, 16, 112, 112])
2025-01-18 14:02:55,935 - DEBUG - Input y shape: torch.Size([8, 3, 27, 16, 112, 112])
2025-01-18 14:02:55,936 - ERROR - Error processing batch in train phase: view size is not compatible with input tensor's size and stride (at least one dimension spans across two contiguous subspaces). Use .reshape(...) instead.
2025-01-18 14:02:56,227 - DEBUG - Starting forward pass with input shape: torch.Size([8, 3, 16, 112, 112])
2025-01-18 14:02:56,227 - DEBUG - Input x shape: torch.Size([8, 3, 27, 16, 112, 112])
2025-01-18 14:02:56,227 - DEBUG - Input y shape: torch.Size([8, 3, 27, 16, 112, 112])
2025-01-18 14:02:56,228 - ERROR - Error processing batch in train phase: view size is not compatible with input tensor's size and stride (at least one dimension spans across two contiguous subspaces). Use .reshape(...) instead.
2025-01-18 14:02:56,522 - DEBUG - Starting forward pass with input shape: torch.Size([8, 3, 16, 112, 112])
2025-01-18 14:02:56,523 - DEBUG - Input x shape: torch.Size([8, 3, 27, 16, 112, 112])
2025-01-18 14:02:56,523 - DEBUG - Input y shape: torch.Size([8, 3, 27, 16, 112, 112])
2025-01-18 14:02:56,524 - ERROR - Error processing batch in train phase: view size is not compatible with input tensor's size and stride (at least one dimension spans across two contiguous subspaces). Use .reshape(...) instead.
2025-01-18 14:02:56,809 - DEBUG - Starting forward pass with input shape: torch.Size([8, 3, 16, 112, 112])
2025-01-18 14:02:56,809 - DEBUG - Input x shape: torch.Size([8, 3, 27, 16, 112, 112])
2025-01-18 14:02:56,809 - DEBUG - Input y shape: torch.Size([8, 3, 27, 16, 112, 112])
2025-01-18 14:02:56,810 - ERROR - Error processing batch in train phase: view size is not compatible with input tensor's size and stride (at least one dimension spans across two contiguous subspaces). Use .reshape(...) instead.
2025-01-18 14:02:57,107 - DEBUG - Starting forward pass with input shape: torch.Size([8, 3, 16, 112, 112])
2025-01-18 14:02:57,108 - DEBUG - Input x shape: torch.Size([8, 3, 27, 16, 112, 112])
2025-01-18 14:02:57,108 - DEBUG - Input y shape: torch.Size([8, 3, 27, 16, 112, 112])
2025-01-18 14:02:57,108 - ERROR - Error processing batch in train phase: view size is not compatible with input tensor's size and stride (at least one dimension spans across two contiguous subspaces). Use .reshape(...) instead.
2025-01-18 14:02:57,397 - DEBUG - Starting forward pass with input shape: torch.Size([8, 3, 16, 112, 112])
2025-01-18 14:02:57,398 - DEBUG - Input x shape: torch.Size([8, 3, 27, 16, 112, 112])
2025-01-18 14:02:57,398 - DEBUG - Input y shape: torch.Size([8, 3, 27, 16, 112, 112])
2025-01-18 14:02:57,399 - ERROR - Error processing batch in train phase: view size is not compatible with input tensor's size and stride (at least one dimension spans across two contiguous subspaces). Use .reshape(...) instead.
2025-01-18 14:02:57,693 - DEBUG - Starting forward pass with input shape: torch.Size([8, 3, 16, 112, 112])
2025-01-18 14:02:57,694 - DEBUG - Input x shape: torch.Size([8, 3, 27, 16, 112, 112])
2025-01-18 14:02:57,694 - DEBUG - Input y shape: torch.Size([8, 3, 27, 16, 112, 112])
2025-01-18 14:02:57,694 - ERROR - Error processing batch in train phase: view size is not compatible with input tensor's size and stride (at least one dimension spans across two contiguous subspaces). Use .reshape(...) instead.
2025-01-18 14:02:57,967 - DEBUG - Starting forward pass with input shape: torch.Size([8, 3, 16, 112, 112])
2025-01-18 14:02:57,967 - DEBUG - Input x shape: torch.Size([8, 3, 27, 16, 112, 112])
2025-01-18 14:02:57,967 - DEBUG - Input y shape: torch.Size([8, 3, 27, 16, 112, 112])
2025-01-18 14:02:57,967 - ERROR - Error processing batch in train phase: view size is not compatible with input tensor's size and stride (at least one dimension spans across two contiguous subspaces). Use .reshape(...) instead.
2025-01-18 14:02:58,262 - DEBUG - Starting forward pass with input shape: torch.Size([8, 3, 16, 112, 112])
2025-01-18 14:02:58,262 - DEBUG - Input x shape: torch.Size([8, 3, 27, 16, 112, 112])
2025-01-18 14:02:58,263 - DEBUG - Input y shape: torch.Size([8, 3, 27, 16, 112, 112])
2025-01-18 14:02:58,263 - ERROR - Error processing batch in train phase: view size is not compatible with input tensor's size and stride (at least one dimension spans across two contiguous subspaces). Use .reshape(...) instead.
2025-01-18 14:02:58,562 - DEBUG - Starting forward pass with input shape: torch.Size([8, 3, 16, 112, 112])
2025-01-18 14:02:58,562 - DEBUG - Input x shape: torch.Size([8, 3, 27, 16, 112, 112])
2025-01-18 14:02:58,562 - DEBUG - Input y shape: torch.Size([8, 3, 27, 16, 112, 112])
2025-01-18 14:02:58,563 - ERROR - Error processing batch in train phase: view size is not compatible with input tensor's size and stride (at least one dimension spans across two contiguous subspaces). Use .reshape(...) instead.
2025-01-18 14:02:58,851 - DEBUG - Starting forward pass with input shape: torch.Size([8, 3, 16, 112, 112])
2025-01-18 14:02:58,852 - DEBUG - Input x shape: torch.Size([8, 3, 27, 16, 112, 112])
2025-01-18 14:02:58,852 - DEBUG - Input y shape: torch.Size([8, 3, 27, 16, 112, 112])
2025-01-18 14:02:58,853 - ERROR - Error processing batch in train phase: view size is not compatible with input tensor's size and stride (at least one dimension spans across two contiguous subspaces). Use .reshape(...) instead.
2025-01-18 14:02:59,150 - DEBUG - Starting forward pass with input shape: torch.Size([8, 3, 16, 112, 112])
2025-01-18 14:02:59,150 - DEBUG - Input x shape: torch.Size([8, 3, 27, 16, 112, 112])
2025-01-18 14:02:59,150 - DEBUG - Input y shape: torch.Size([8, 3, 27, 16, 112, 112])
2025-01-18 14:02:59,150 - ERROR - Error processing batch in train phase: view size is not compatible with input tensor's size and stride (at least one dimension spans across two contiguous subspaces). Use .reshape(...) instead.
2025-01-18 14:02:59,437 - DEBUG - Starting forward pass with input shape: torch.Size([8, 3, 16, 112, 112])
2025-01-18 14:02:59,438 - DEBUG - Input x shape: torch.Size([8, 3, 27, 16, 112, 112])
2025-01-18 14:02:59,438 - DEBUG - Input y shape: torch.Size([8, 3, 27, 16, 112, 112])
2025-01-18 14:02:59,439 - ERROR - Error processing batch in train phase: view size is not compatible with input tensor's size and stride (at least one dimension spans across two contiguous subspaces). Use .reshape(...) instead.
2025-01-18 14:02:59,724 - DEBUG - Starting forward pass with input shape: torch.Size([8, 3, 16, 112, 112])
2025-01-18 14:02:59,724 - DEBUG - Input x shape: torch.Size([8, 3, 27, 16, 112, 112])
2025-01-18 14:02:59,724 - DEBUG - Input y shape: torch.Size([8, 3, 27, 16, 112, 112])
2025-01-18 14:02:59,725 - ERROR - Error processing batch in train phase: view size is not compatible with input tensor's size and stride (at least one dimension spans across two contiguous subspaces). Use .reshape(...) instead.
2025-01-18 14:03:00,022 - DEBUG - Starting forward pass with input shape: torch.Size([8, 3, 16, 112, 112])
2025-01-18 14:03:00,022 - DEBUG - Input x shape: torch.Size([8, 3, 27, 16, 112, 112])
2025-01-18 14:03:00,022 - DEBUG - Input y shape: torch.Size([8, 3, 27, 16, 112, 112])
2025-01-18 14:03:00,022 - ERROR - Error processing batch in train phase: view size is not compatible with input tensor's size and stride (at least one dimension spans across two contiguous subspaces). Use .reshape(...) instead.
2025-01-18 14:03:00,315 - DEBUG - Starting forward pass with input shape: torch.Size([8, 3, 16, 112, 112])
2025-01-18 14:03:00,316 - DEBUG - Input x shape: torch.Size([8, 3, 27, 16, 112, 112])
2025-01-18 14:03:00,316 - DEBUG - Input y shape: torch.Size([8, 3, 27, 16, 112, 112])
2025-01-18 14:03:00,316 - ERROR - Error processing batch in train phase: view size is not compatible with input tensor's size and stride (at least one dimension spans across two contiguous subspaces). Use .reshape(...) instead.
2025-01-18 14:03:00,591 - DEBUG - Starting forward pass with input shape: torch.Size([8, 3, 16, 112, 112])
2025-01-18 14:03:00,592 - DEBUG - Input x shape: torch.Size([8, 3, 27, 16, 112, 112])
2025-01-18 14:03:00,592 - DEBUG - Input y shape: torch.Size([8, 3, 27, 16, 112, 112])
2025-01-18 14:03:00,592 - ERROR - Error processing batch in train phase: view size is not compatible with input tensor's size and stride (at least one dimension spans across two contiguous subspaces). Use .reshape(...) instead.
2025-01-18 14:03:00,876 - DEBUG - Starting forward pass with input shape: torch.Size([8, 3, 16, 112, 112])
2025-01-18 14:03:00,877 - DEBUG - Input x shape: torch.Size([8, 3, 27, 16, 112, 112])
2025-01-18 14:03:00,877 - DEBUG - Input y shape: torch.Size([8, 3, 27, 16, 112, 112])
2025-01-18 14:03:00,877 - ERROR - Error processing batch in train phase: view size is not compatible with input tensor's size and stride (at least one dimension spans across two contiguous subspaces). Use .reshape(...) instead.
2025-01-18 14:03:01,171 - DEBUG - Starting forward pass with input shape: torch.Size([8, 3, 16, 112, 112])
2025-01-18 14:03:01,172 - DEBUG - Input x shape: torch.Size([8, 3, 27, 16, 112, 112])
2025-01-18 14:03:01,172 - DEBUG - Input y shape: torch.Size([8, 3, 27, 16, 112, 112])
2025-01-18 14:03:01,173 - ERROR - Error processing batch in train phase: view size is not compatible with input tensor's size and stride (at least one dimension spans across two contiguous subspaces). Use .reshape(...) instead.
2025-01-18 14:03:01,460 - DEBUG - Starting forward pass with input shape: torch.Size([8, 3, 16, 112, 112])
2025-01-18 14:03:01,461 - DEBUG - Input x shape: torch.Size([8, 3, 27, 16, 112, 112])
2025-01-18 14:03:01,461 - DEBUG - Input y shape: torch.Size([8, 3, 27, 16, 112, 112])
2025-01-18 14:03:01,461 - ERROR - Error processing batch in train phase: view size is not compatible with input tensor's size and stride (at least one dimension spans across two contiguous subspaces). Use .reshape(...) instead.
2025-01-18 14:03:01,730 - DEBUG - Starting forward pass with input shape: torch.Size([8, 3, 16, 112, 112])
2025-01-18 14:03:01,731 - DEBUG - Input x shape: torch.Size([8, 3, 27, 16, 112, 112])
2025-01-18 14:03:01,731 - DEBUG - Input y shape: torch.Size([8, 3, 27, 16, 112, 112])
2025-01-18 14:03:01,731 - ERROR - Error processing batch in train phase: view size is not compatible with input tensor's size and stride (at least one dimension spans across two contiguous subspaces). Use .reshape(...) instead.
2025-01-18 14:03:02,018 - DEBUG - Starting forward pass with input shape: torch.Size([8, 3, 16, 112, 112])
2025-01-18 14:03:02,019 - DEBUG - Input x shape: torch.Size([8, 3, 27, 16, 112, 112])
2025-01-18 14:03:02,019 - DEBUG - Input y shape: torch.Size([8, 3, 27, 16, 112, 112])
2025-01-18 14:03:02,019 - ERROR - Error processing batch in train phase: view size is not compatible with input tensor's size and stride (at least one dimension spans across two contiguous subspaces). Use .reshape(...) instead.
2025-01-18 14:03:02,317 - DEBUG - Starting forward pass with input shape: torch.Size([8, 3, 16, 112, 112])
2025-01-18 14:03:02,317 - DEBUG - Input x shape: torch.Size([8, 3, 27, 16, 112, 112])
2025-01-18 14:03:02,317 - DEBUG - Input y shape: torch.Size([8, 3, 27, 16, 112, 112])
2025-01-18 14:03:02,318 - ERROR - Error processing batch in train phase: view size is not compatible with input tensor's size and stride (at least one dimension spans across two contiguous subspaces). Use .reshape(...) instead.
2025-01-18 14:03:02,601 - DEBUG - Starting forward pass with input shape: torch.Size([8, 3, 16, 112, 112])
2025-01-18 14:03:02,602 - DEBUG - Input x shape: torch.Size([8, 3, 27, 16, 112, 112])
2025-01-18 14:03:02,602 - DEBUG - Input y shape: torch.Size([8, 3, 27, 16, 112, 112])
2025-01-18 14:03:02,603 - ERROR - Error processing batch in train phase: view size is not compatible with input tensor's size and stride (at least one dimension spans across two contiguous subspaces). Use .reshape(...) instead.
2025-01-18 14:03:02,887 - DEBUG - Starting forward pass with input shape: torch.Size([8, 3, 16, 112, 112])
2025-01-18 14:03:02,888 - DEBUG - Input x shape: torch.Size([8, 3, 27, 16, 112, 112])
2025-01-18 14:03:02,888 - DEBUG - Input y shape: torch.Size([8, 3, 27, 16, 112, 112])
2025-01-18 14:03:02,888 - ERROR - Error processing batch in train phase: view size is not compatible with input tensor's size and stride (at least one dimension spans across two contiguous subspaces). Use .reshape(...) instead.
2025-01-18 14:03:03,192 - DEBUG - Starting forward pass with input shape: torch.Size([8, 3, 16, 112, 112])
2025-01-18 14:03:03,193 - DEBUG - Input x shape: torch.Size([8, 3, 27, 16, 112, 112])
2025-01-18 14:03:03,193 - DEBUG - Input y shape: torch.Size([8, 3, 27, 16, 112, 112])
2025-01-18 14:03:03,193 - ERROR - Error processing batch in train phase: view size is not compatible with input tensor's size and stride (at least one dimension spans across two contiguous subspaces). Use .reshape(...) instead.
2025-01-18 14:03:03,485 - DEBUG - Starting forward pass with input shape: torch.Size([8, 3, 16, 112, 112])
2025-01-18 14:03:03,485 - DEBUG - Input x shape: torch.Size([8, 3, 27, 16, 112, 112])
2025-01-18 14:03:03,485 - DEBUG - Input y shape: torch.Size([8, 3, 27, 16, 112, 112])
2025-01-18 14:03:03,485 - ERROR - Error processing batch in train phase: view size is not compatible with input tensor's size and stride (at least one dimension spans across two contiguous subspaces). Use .reshape(...) instead.
2025-01-18 14:03:03,753 - DEBUG - Starting forward pass with input shape: torch.Size([8, 3, 16, 112, 112])
2025-01-18 14:03:03,754 - DEBUG - Input x shape: torch.Size([8, 3, 27, 16, 112, 112])
2025-01-18 14:03:03,754 - DEBUG - Input y shape: torch.Size([8, 3, 27, 16, 112, 112])
2025-01-18 14:03:03,754 - ERROR - Error processing batch in train phase: view size is not compatible with input tensor's size and stride (at least one dimension spans across two contiguous subspaces). Use .reshape(...) instead.
2025-01-18 14:03:04,046 - DEBUG - Starting forward pass with input shape: torch.Size([8, 3, 16, 112, 112])
2025-01-18 14:03:04,047 - DEBUG - Input x shape: torch.Size([8, 3, 27, 16, 112, 112])
2025-01-18 14:03:04,047 - DEBUG - Input y shape: torch.Size([8, 3, 27, 16, 112, 112])
2025-01-18 14:03:04,047 - ERROR - Error processing batch in train phase: view size is not compatible with input tensor's size and stride (at least one dimension spans across two contiguous subspaces). Use .reshape(...) instead.
2025-01-18 14:03:04,324 - DEBUG - Starting forward pass with input shape: torch.Size([8, 3, 16, 112, 112])
2025-01-18 14:03:04,324 - DEBUG - Input x shape: torch.Size([8, 3, 27, 16, 112, 112])
2025-01-18 14:03:04,325 - DEBUG - Input y shape: torch.Size([8, 3, 27, 16, 112, 112])
2025-01-18 14:03:04,325 - ERROR - Error processing batch in train phase: view size is not compatible with input tensor's size and stride (at least one dimension spans across two contiguous subspaces). Use .reshape(...) instead.
2025-01-18 14:03:04,607 - DEBUG - Starting forward pass with input shape: torch.Size([8, 3, 16, 112, 112])
2025-01-18 14:03:04,607 - DEBUG - Input x shape: torch.Size([8, 3, 27, 16, 112, 112])
2025-01-18 14:03:04,607 - DEBUG - Input y shape: torch.Size([8, 3, 27, 16, 112, 112])
2025-01-18 14:03:04,608 - ERROR - Error processing batch in train phase: view size is not compatible with input tensor's size and stride (at least one dimension spans across two contiguous subspaces). Use .reshape(...) instead.
2025-01-18 14:03:04,881 - DEBUG - Starting forward pass with input shape: torch.Size([8, 3, 16, 112, 112])
2025-01-18 14:03:04,881 - DEBUG - Input x shape: torch.Size([8, 3, 27, 16, 112, 112])
2025-01-18 14:03:04,881 - DEBUG - Input y shape: torch.Size([8, 3, 27, 16, 112, 112])
2025-01-18 14:03:04,882 - ERROR - Error processing batch in train phase: view size is not compatible with input tensor's size and stride (at least one dimension spans across two contiguous subspaces). Use .reshape(...) instead.
2025-01-18 14:03:05,152 - DEBUG - Starting forward pass with input shape: torch.Size([8, 3, 16, 112, 112])
2025-01-18 14:03:05,152 - DEBUG - Input x shape: torch.Size([8, 3, 27, 16, 112, 112])
2025-01-18 14:03:05,152 - DEBUG - Input y shape: torch.Size([8, 3, 27, 16, 112, 112])
2025-01-18 14:03:05,153 - ERROR - Error processing batch in train phase: view size is not compatible with input tensor's size and stride (at least one dimension spans across two contiguous subspaces). Use .reshape(...) instead.
2025-01-18 14:03:05,436 - DEBUG - Starting forward pass with input shape: torch.Size([8, 3, 16, 112, 112])
2025-01-18 14:03:05,437 - DEBUG - Input x shape: torch.Size([8, 3, 27, 16, 112, 112])
2025-01-18 14:03:05,437 - DEBUG - Input y shape: torch.Size([8, 3, 27, 16, 112, 112])
2025-01-18 14:03:05,437 - ERROR - Error processing batch in train phase: view size is not compatible with input tensor's size and stride (at least one dimension spans across two contiguous subspaces). Use .reshape(...) instead.
2025-01-18 14:03:05,731 - DEBUG - Starting forward pass with input shape: torch.Size([8, 3, 16, 112, 112])
2025-01-18 14:03:05,731 - DEBUG - Input x shape: torch.Size([8, 3, 27, 16, 112, 112])
2025-01-18 14:03:05,731 - DEBUG - Input y shape: torch.Size([8, 3, 27, 16, 112, 112])
2025-01-18 14:03:05,732 - ERROR - Error processing batch in train phase: view size is not compatible with input tensor's size and stride (at least one dimension spans across two contiguous subspaces). Use .reshape(...) instead.
2025-01-18 14:03:06,016 - DEBUG - Starting forward pass with input shape: torch.Size([8, 3, 16, 112, 112])
2025-01-18 14:03:06,016 - DEBUG - Input x shape: torch.Size([8, 3, 27, 16, 112, 112])
2025-01-18 14:03:06,016 - DEBUG - Input y shape: torch.Size([8, 3, 27, 16, 112, 112])
2025-01-18 14:03:06,016 - ERROR - Error processing batch in train phase: view size is not compatible with input tensor's size and stride (at least one dimension spans across two contiguous subspaces). Use .reshape(...) instead.
2025-01-18 14:03:06,295 - DEBUG - Starting forward pass with input shape: torch.Size([8, 3, 16, 112, 112])
2025-01-18 14:03:06,296 - DEBUG - Input x shape: torch.Size([8, 3, 27, 16, 112, 112])
2025-01-18 14:03:06,296 - DEBUG - Input y shape: torch.Size([8, 3, 27, 16, 112, 112])
2025-01-18 14:03:06,297 - ERROR - Error processing batch in train phase: view size is not compatible with input tensor's size and stride (at least one dimension spans across two contiguous subspaces). Use .reshape(...) instead.
2025-01-18 14:03:06,570 - DEBUG - Starting forward pass with input shape: torch.Size([8, 3, 16, 112, 112])
2025-01-18 14:03:06,570 - DEBUG - Input x shape: torch.Size([8, 3, 27, 16, 112, 112])
2025-01-18 14:03:06,570 - DEBUG - Input y shape: torch.Size([8, 3, 27, 16, 112, 112])
2025-01-18 14:03:06,571 - ERROR - Error processing batch in train phase: view size is not compatible with input tensor's size and stride (at least one dimension spans across two contiguous subspaces). Use .reshape(...) instead.
2025-01-18 14:03:06,846 - DEBUG - Starting forward pass with input shape: torch.Size([8, 3, 16, 112, 112])
2025-01-18 14:03:06,847 - DEBUG - Input x shape: torch.Size([8, 3, 27, 16, 112, 112])
2025-01-18 14:03:06,847 - DEBUG - Input y shape: torch.Size([8, 3, 27, 16, 112, 112])
2025-01-18 14:03:06,847 - ERROR - Error processing batch in train phase: view size is not compatible with input tensor's size and stride (at least one dimension spans across two contiguous subspaces). Use .reshape(...) instead.
2025-01-18 14:03:07,121 - DEBUG - Starting forward pass with input shape: torch.Size([8, 3, 16, 112, 112])
2025-01-18 14:03:07,122 - DEBUG - Input x shape: torch.Size([8, 3, 27, 16, 112, 112])
2025-01-18 14:03:07,122 - DEBUG - Input y shape: torch.Size([8, 3, 27, 16, 112, 112])
2025-01-18 14:03:07,123 - ERROR - Error processing batch in train phase: view size is not compatible with input tensor's size and stride (at least one dimension spans across two contiguous subspaces). Use .reshape(...) instead.
2025-01-18 14:03:07,398 - DEBUG - Starting forward pass with input shape: torch.Size([8, 3, 16, 112, 112])
2025-01-18 14:03:07,399 - DEBUG - Input x shape: torch.Size([8, 3, 27, 16, 112, 112])
2025-01-18 14:03:07,399 - DEBUG - Input y shape: torch.Size([8, 3, 27, 16, 112, 112])
2025-01-18 14:03:07,399 - ERROR - Error processing batch in train phase: view size is not compatible with input tensor's size and stride (at least one dimension spans across two contiguous subspaces). Use .reshape(...) instead.
2025-01-18 14:03:07,687 - DEBUG - Starting forward pass with input shape: torch.Size([8, 3, 16, 112, 112])
2025-01-18 14:03:07,687 - DEBUG - Input x shape: torch.Size([8, 3, 27, 16, 112, 112])
2025-01-18 14:03:07,688 - DEBUG - Input y shape: torch.Size([8, 3, 27, 16, 112, 112])
2025-01-18 14:03:07,688 - ERROR - Error processing batch in train phase: view size is not compatible with input tensor's size and stride (at least one dimension spans across two contiguous subspaces). Use .reshape(...) instead.
2025-01-18 14:03:07,982 - DEBUG - Starting forward pass with input shape: torch.Size([8, 3, 16, 112, 112])
2025-01-18 14:03:07,983 - DEBUG - Input x shape: torch.Size([8, 3, 27, 16, 112, 112])
2025-01-18 14:03:07,983 - DEBUG - Input y shape: torch.Size([8, 3, 27, 16, 112, 112])
2025-01-18 14:03:07,983 - ERROR - Error processing batch in train phase: view size is not compatible with input tensor's size and stride (at least one dimension spans across two contiguous subspaces). Use .reshape(...) instead.
2025-01-18 14:03:08,263 - DEBUG - Starting forward pass with input shape: torch.Size([8, 3, 16, 112, 112])
2025-01-18 14:03:08,264 - DEBUG - Input x shape: torch.Size([8, 3, 27, 16, 112, 112])
2025-01-18 14:03:08,264 - DEBUG - Input y shape: torch.Size([8, 3, 27, 16, 112, 112])
2025-01-18 14:03:08,264 - ERROR - Error processing batch in train phase: view size is not compatible with input tensor's size and stride (at least one dimension spans across two contiguous subspaces). Use .reshape(...) instead.
2025-01-18 14:03:08,551 - DEBUG - Starting forward pass with input shape: torch.Size([8, 3, 16, 112, 112])
2025-01-18 14:03:08,552 - DEBUG - Input x shape: torch.Size([8, 3, 27, 16, 112, 112])
2025-01-18 14:03:08,552 - DEBUG - Input y shape: torch.Size([8, 3, 27, 16, 112, 112])
2025-01-18 14:03:08,552 - ERROR - Error processing batch in train phase: view size is not compatible with input tensor's size and stride (at least one dimension spans across two contiguous subspaces). Use .reshape(...) instead.
2025-01-18 14:03:08,838 - DEBUG - Starting forward pass with input shape: torch.Size([8, 3, 16, 112, 112])
2025-01-18 14:03:08,839 - DEBUG - Input x shape: torch.Size([8, 3, 27, 16, 112, 112])
2025-01-18 14:03:08,839 - DEBUG - Input y shape: torch.Size([8, 3, 27, 16, 112, 112])
2025-01-18 14:03:08,839 - ERROR - Error processing batch in train phase: view size is not compatible with input tensor's size and stride (at least one dimension spans across two contiguous subspaces). Use .reshape(...) instead.
2025-01-18 14:03:09,115 - DEBUG - Starting forward pass with input shape: torch.Size([8, 3, 16, 112, 112])
2025-01-18 14:03:09,116 - DEBUG - Input x shape: torch.Size([8, 3, 27, 16, 112, 112])
2025-01-18 14:03:09,116 - DEBUG - Input y shape: torch.Size([8, 3, 27, 16, 112, 112])
2025-01-18 14:03:09,117 - ERROR - Error processing batch in train phase: view size is not compatible with input tensor's size and stride (at least one dimension spans across two contiguous subspaces). Use .reshape(...) instead.
2025-01-18 14:03:09,409 - DEBUG - Starting forward pass with input shape: torch.Size([8, 3, 16, 112, 112])
2025-01-18 14:03:09,410 - DEBUG - Input x shape: torch.Size([8, 3, 27, 16, 112, 112])
2025-01-18 14:03:09,410 - DEBUG - Input y shape: torch.Size([8, 3, 27, 16, 112, 112])
2025-01-18 14:03:09,411 - ERROR - Error processing batch in train phase: view size is not compatible with input tensor's size and stride (at least one dimension spans across two contiguous subspaces). Use .reshape(...) instead.
2025-01-18 14:03:09,698 - DEBUG - Starting forward pass with input shape: torch.Size([8, 3, 16, 112, 112])
2025-01-18 14:03:09,698 - DEBUG - Input x shape: torch.Size([8, 3, 27, 16, 112, 112])
2025-01-18 14:03:09,698 - DEBUG - Input y shape: torch.Size([8, 3, 27, 16, 112, 112])
2025-01-18 14:03:09,699 - ERROR - Error processing batch in train phase: view size is not compatible with input tensor's size and stride (at least one dimension spans across two contiguous subspaces). Use .reshape(...) instead.
2025-01-18 14:03:09,987 - DEBUG - Starting forward pass with input shape: torch.Size([8, 3, 16, 112, 112])
2025-01-18 14:03:09,988 - DEBUG - Input x shape: torch.Size([8, 3, 27, 16, 112, 112])
2025-01-18 14:03:09,988 - DEBUG - Input y shape: torch.Size([8, 3, 27, 16, 112, 112])
2025-01-18 14:03:09,988 - ERROR - Error processing batch in train phase: view size is not compatible with input tensor's size and stride (at least one dimension spans across two contiguous subspaces). Use .reshape(...) instead.
2025-01-18 14:03:10,284 - DEBUG - Starting forward pass with input shape: torch.Size([8, 3, 16, 112, 112])
2025-01-18 14:03:10,285 - DEBUG - Input x shape: torch.Size([8, 3, 27, 16, 112, 112])
2025-01-18 14:03:10,285 - DEBUG - Input y shape: torch.Size([8, 3, 27, 16, 112, 112])
2025-01-18 14:03:10,285 - ERROR - Error processing batch in train phase: view size is not compatible with input tensor's size and stride (at least one dimension spans across two contiguous subspaces). Use .reshape(...) instead.
2025-01-18 14:03:10,576 - DEBUG - Starting forward pass with input shape: torch.Size([8, 3, 16, 112, 112])
2025-01-18 14:03:10,577 - DEBUG - Input x shape: torch.Size([8, 3, 27, 16, 112, 112])
2025-01-18 14:03:10,577 - DEBUG - Input y shape: torch.Size([8, 3, 27, 16, 112, 112])
2025-01-18 14:03:10,577 - ERROR - Error processing batch in train phase: view size is not compatible with input tensor's size and stride (at least one dimension spans across two contiguous subspaces). Use .reshape(...) instead.
2025-01-18 14:03:10,859 - DEBUG - Starting forward pass with input shape: torch.Size([8, 3, 16, 112, 112])
2025-01-18 14:03:10,859 - DEBUG - Input x shape: torch.Size([8, 3, 27, 16, 112, 112])
2025-01-18 14:03:10,859 - DEBUG - Input y shape: torch.Size([8, 3, 27, 16, 112, 112])
2025-01-18 14:03:10,859 - ERROR - Error processing batch in train phase: view size is not compatible with input tensor's size and stride (at least one dimension spans across two contiguous subspaces). Use .reshape(...) instead.
