2025-01-18 14:24:48,400 - INFO - Logging initialized. Log file: /usr/users/volterrakernel/lepretre_cle/volterra/logs/v2/VNN-Fusion-v2-train-run-2025-01-18-14-24-48.log
2025-01-18 14:24:48,401 - INFO - Model version: v2
2025-01-18 14:24:48,466 - INFO - Using device: cuda:0
2025-01-18 14:24:48,467 - DEBUG - Initializing architecture configuration.
2025-01-18 14:24:48,467 - DEBUG - Calculating feature dimensions dynamically.
2025-01-18 14:24:48,467 - DEBUG - Initial input dimensions: 16x112x112
2025-01-18 14:24:48,467 - DEBUG - After layer with stride 1: 16x112x112
2025-01-18 14:24:48,467 - DEBUG - After layer with stride 2: 8x56x56
2025-01-18 14:24:48,467 - DEBUG - After layer with stride 1: 8x56x56
2025-01-18 14:24:48,467 - DEBUG - After layer with stride 2: 4x28x28
2025-01-18 14:24:48,467 - DEBUG - Initializing layers.
2025-01-18 14:24:48,520 - DEBUG - Initialized eta_1 with shape: torch.Size([3, 27, 16, 112, 112])
2025-01-18 14:24:48,544 - DEBUG - Initialized eta_2 with shape: torch.Size([3, 27, 16, 112, 112])
2025-01-18 14:24:48,566 - DEBUG - Initialized eta_3 with shape: torch.Size([3, 27, 16, 112, 112])
2025-01-18 14:24:48,586 - DEBUG - Initialized eta_4 with shape: torch.Size([3, 27, 16, 112, 112])
2025-01-18 14:24:48,586 - DEBUG - Initialized BatchNorm3d and Dropout3d for layer 1
2025-01-18 14:24:48,587 - DEBUG - Initialized BatchNorm3d and Dropout3d for layer 2
2025-01-18 14:24:48,587 - DEBUG - Initialized BatchNorm3d and Dropout3d for layer 3
2025-01-18 14:24:48,587 - DEBUG - Initialized BatchNorm3d and Dropout3d for layer 4
2025-01-18 14:24:48,587 - DEBUG - Initializing weights for all layers.
2025-01-18 14:24:48,587 - DEBUG - Initializing architecture configuration.
2025-01-18 14:24:48,587 - DEBUG - Calculating feature dimensions dynamically.
2025-01-18 14:24:48,587 - DEBUG - Initial input dimensions: 16x112x112
2025-01-18 14:24:48,587 - DEBUG - After layer with stride 1: 16x112x112
2025-01-18 14:24:48,587 - DEBUG - After layer with stride 2: 8x56x56
2025-01-18 14:24:48,587 - DEBUG - After layer with stride 1: 8x56x56
2025-01-18 14:24:48,587 - DEBUG - After layer with stride 2: 4x28x28
2025-01-18 14:24:48,587 - DEBUG - Initializing layers.
2025-01-18 14:24:48,600 - DEBUG - Initialized eta_1 with shape: torch.Size([2, 27, 16, 112, 112])
2025-01-18 14:24:48,613 - DEBUG - Initialized eta_2 with shape: torch.Size([2, 27, 16, 112, 112])
2025-01-18 14:24:48,625 - DEBUG - Initialized eta_3 with shape: torch.Size([2, 27, 16, 112, 112])
2025-01-18 14:24:48,638 - DEBUG - Initialized eta_4 with shape: torch.Size([2, 27, 16, 112, 112])
2025-01-18 14:24:48,638 - DEBUG - Initialized BatchNorm3d and Dropout3d for layer 1
2025-01-18 14:24:48,638 - DEBUG - Initialized BatchNorm3d and Dropout3d for layer 2
2025-01-18 14:24:48,638 - DEBUG - Initialized BatchNorm3d and Dropout3d for layer 3
2025-01-18 14:24:48,639 - DEBUG - Initialized BatchNorm3d and Dropout3d for layer 4
2025-01-18 14:24:48,639 - DEBUG - Initializing weights for all layers.
2025-01-18 14:24:49,988 - INFO - Total model parameters: 121.97M
2025-01-18 14:24:50,218 - INFO - TensorBoard log directory: /usr/users/volterrakernel/lepretre_cle/volterra/models/Jan18_14-24-50_sh05
2025-01-18 14:24:50,218 - INFO - Dataset: hmdb51, Root: ./data/HMDB51/videos, Output: ./data/HMDB51/preprocessed
2025-01-18 14:24:50,218 - DEBUG - Checking preprocessing for hmdb51
2025-01-18 14:24:50,781 - DEBUG - Preprocessing check passed
2025-01-18 14:24:50,843 - INFO - Number of train videos: 4289
2025-01-18 14:24:50,849 - INFO - Dataset: hmdb51, Root: ./data/HMDB51/videos, Output: ./data/HMDB51/preprocessed
2025-01-18 14:24:50,849 - DEBUG - Checking preprocessing for hmdb51
2025-01-18 14:24:51,289 - DEBUG - Preprocessing check passed
2025-01-18 14:24:51,314 - INFO - Number of val videos: 1101
2025-01-18 14:24:51,319 - INFO - Dataset: hmdb51, Root: ./data/HMDB51/videos, Output: ./data/HMDB51/preprocessed
2025-01-18 14:24:51,319 - DEBUG - Checking preprocessing for hmdb51
2025-01-18 14:24:51,599 - DEBUG - Preprocessing check passed
2025-01-18 14:24:51,631 - INFO - Number of test videos: 1376
2025-01-18 14:24:51,636 - INFO - Starting epoch 1/100
2025-01-18 14:24:53,055 - DEBUG - Starting forward pass with input shape: torch.Size([8, 3, 16, 112, 112])
2025-01-18 14:24:53,076 - DEBUG - Input x shape: torch.Size([8, 3, 27, 16, 112, 112])
2025-01-18 14:24:53,076 - DEBUG - Input y shape: torch.Size([8, 3, 27, 16, 112, 112])
2025-01-18 14:24:53,078 - DEBUG - Initialized output tensor with shape: torch.Size([8, 3, 27, 16, 112, 112])
2025-01-18 14:24:53,078 - DEBUG - Input eta shape: torch.Size([3, 27, 16, 112, 112])
2025-01-18 14:24:53,078 - DEBUG - Processing neighborhood patch 0
2025-01-18 14:24:53,078 - DEBUG - Shape of x_patch: torch.Size([8, 3, 16, 112, 112])
2025-01-18 14:24:53,079 - ERROR - Error processing batch in train phase: view size is not compatible with input tensor's size and stride (at least one dimension spans across two contiguous subspaces). Use .reshape(...) instead.
2025-01-18 14:24:53,357 - DEBUG - Starting forward pass with input shape: torch.Size([8, 3, 16, 112, 112])
2025-01-18 14:24:53,358 - DEBUG - Input x shape: torch.Size([8, 3, 27, 16, 112, 112])
2025-01-18 14:24:53,358 - DEBUG - Input y shape: torch.Size([8, 3, 27, 16, 112, 112])
2025-01-18 14:24:53,358 - DEBUG - Initialized output tensor with shape: torch.Size([8, 3, 27, 16, 112, 112])
2025-01-18 14:24:53,358 - DEBUG - Input eta shape: torch.Size([3, 27, 16, 112, 112])
2025-01-18 14:24:53,358 - DEBUG - Processing neighborhood patch 0
2025-01-18 14:24:53,358 - DEBUG - Shape of x_patch: torch.Size([8, 3, 16, 112, 112])
2025-01-18 14:24:53,358 - ERROR - Error processing batch in train phase: view size is not compatible with input tensor's size and stride (at least one dimension spans across two contiguous subspaces). Use .reshape(...) instead.
2025-01-18 14:24:53,659 - DEBUG - Starting forward pass with input shape: torch.Size([8, 3, 16, 112, 112])
2025-01-18 14:24:53,659 - DEBUG - Input x shape: torch.Size([8, 3, 27, 16, 112, 112])
2025-01-18 14:24:53,659 - DEBUG - Input y shape: torch.Size([8, 3, 27, 16, 112, 112])
2025-01-18 14:24:53,660 - DEBUG - Initialized output tensor with shape: torch.Size([8, 3, 27, 16, 112, 112])
2025-01-18 14:24:53,660 - DEBUG - Input eta shape: torch.Size([3, 27, 16, 112, 112])
2025-01-18 14:24:53,660 - DEBUG - Processing neighborhood patch 0
2025-01-18 14:24:53,660 - DEBUG - Shape of x_patch: torch.Size([8, 3, 16, 112, 112])
2025-01-18 14:24:53,660 - ERROR - Error processing batch in train phase: view size is not compatible with input tensor's size and stride (at least one dimension spans across two contiguous subspaces). Use .reshape(...) instead.
2025-01-18 14:24:53,949 - DEBUG - Starting forward pass with input shape: torch.Size([8, 3, 16, 112, 112])
2025-01-18 14:24:53,949 - DEBUG - Input x shape: torch.Size([8, 3, 27, 16, 112, 112])
2025-01-18 14:24:53,949 - DEBUG - Input y shape: torch.Size([8, 3, 27, 16, 112, 112])
2025-01-18 14:24:53,950 - DEBUG - Initialized output tensor with shape: torch.Size([8, 3, 27, 16, 112, 112])
2025-01-18 14:24:53,950 - DEBUG - Input eta shape: torch.Size([3, 27, 16, 112, 112])
2025-01-18 14:24:53,950 - DEBUG - Processing neighborhood patch 0
2025-01-18 14:24:53,950 - DEBUG - Shape of x_patch: torch.Size([8, 3, 16, 112, 112])
2025-01-18 14:24:53,950 - ERROR - Error processing batch in train phase: view size is not compatible with input tensor's size and stride (at least one dimension spans across two contiguous subspaces). Use .reshape(...) instead.
2025-01-18 14:24:54,226 - DEBUG - Starting forward pass with input shape: torch.Size([8, 3, 16, 112, 112])
2025-01-18 14:24:54,227 - DEBUG - Input x shape: torch.Size([8, 3, 27, 16, 112, 112])
2025-01-18 14:24:54,227 - DEBUG - Input y shape: torch.Size([8, 3, 27, 16, 112, 112])
2025-01-18 14:24:54,227 - DEBUG - Initialized output tensor with shape: torch.Size([8, 3, 27, 16, 112, 112])
2025-01-18 14:24:54,227 - DEBUG - Input eta shape: torch.Size([3, 27, 16, 112, 112])
2025-01-18 14:24:54,227 - DEBUG - Processing neighborhood patch 0
2025-01-18 14:24:54,227 - DEBUG - Shape of x_patch: torch.Size([8, 3, 16, 112, 112])
2025-01-18 14:24:54,227 - ERROR - Error processing batch in train phase: view size is not compatible with input tensor's size and stride (at least one dimension spans across two contiguous subspaces). Use .reshape(...) instead.
2025-01-18 14:24:54,517 - DEBUG - Starting forward pass with input shape: torch.Size([8, 3, 16, 112, 112])
2025-01-18 14:24:54,517 - DEBUG - Input x shape: torch.Size([8, 3, 27, 16, 112, 112])
2025-01-18 14:24:54,517 - DEBUG - Input y shape: torch.Size([8, 3, 27, 16, 112, 112])
2025-01-18 14:24:54,517 - DEBUG - Initialized output tensor with shape: torch.Size([8, 3, 27, 16, 112, 112])
2025-01-18 14:24:54,518 - DEBUG - Input eta shape: torch.Size([3, 27, 16, 112, 112])
2025-01-18 14:24:54,518 - DEBUG - Processing neighborhood patch 0
2025-01-18 14:24:54,518 - DEBUG - Shape of x_patch: torch.Size([8, 3, 16, 112, 112])
2025-01-18 14:24:54,518 - ERROR - Error processing batch in train phase: view size is not compatible with input tensor's size and stride (at least one dimension spans across two contiguous subspaces). Use .reshape(...) instead.
2025-01-18 14:24:54,808 - DEBUG - Starting forward pass with input shape: torch.Size([8, 3, 16, 112, 112])
2025-01-18 14:24:54,809 - DEBUG - Input x shape: torch.Size([8, 3, 27, 16, 112, 112])
2025-01-18 14:24:54,809 - DEBUG - Input y shape: torch.Size([8, 3, 27, 16, 112, 112])
2025-01-18 14:24:54,809 - DEBUG - Initialized output tensor with shape: torch.Size([8, 3, 27, 16, 112, 112])
2025-01-18 14:24:54,809 - DEBUG - Input eta shape: torch.Size([3, 27, 16, 112, 112])
2025-01-18 14:24:54,810 - DEBUG - Processing neighborhood patch 0
2025-01-18 14:24:54,810 - DEBUG - Shape of x_patch: torch.Size([8, 3, 16, 112, 112])
2025-01-18 14:24:54,810 - ERROR - Error processing batch in train phase: view size is not compatible with input tensor's size and stride (at least one dimension spans across two contiguous subspaces). Use .reshape(...) instead.
2025-01-18 14:24:55,105 - DEBUG - Starting forward pass with input shape: torch.Size([8, 3, 16, 112, 112])
2025-01-18 14:24:55,106 - DEBUG - Input x shape: torch.Size([8, 3, 27, 16, 112, 112])
2025-01-18 14:24:55,106 - DEBUG - Input y shape: torch.Size([8, 3, 27, 16, 112, 112])
2025-01-18 14:24:55,106 - DEBUG - Initialized output tensor with shape: torch.Size([8, 3, 27, 16, 112, 112])
2025-01-18 14:24:55,106 - DEBUG - Input eta shape: torch.Size([3, 27, 16, 112, 112])
2025-01-18 14:24:55,106 - DEBUG - Processing neighborhood patch 0
2025-01-18 14:24:55,106 - DEBUG - Shape of x_patch: torch.Size([8, 3, 16, 112, 112])
2025-01-18 14:24:55,106 - ERROR - Error processing batch in train phase: view size is not compatible with input tensor's size and stride (at least one dimension spans across two contiguous subspaces). Use .reshape(...) instead.
2025-01-18 14:24:55,405 - DEBUG - Starting forward pass with input shape: torch.Size([8, 3, 16, 112, 112])
2025-01-18 14:24:55,406 - DEBUG - Input x shape: torch.Size([8, 3, 27, 16, 112, 112])
2025-01-18 14:24:55,406 - DEBUG - Input y shape: torch.Size([8, 3, 27, 16, 112, 112])
2025-01-18 14:24:55,406 - DEBUG - Initialized output tensor with shape: torch.Size([8, 3, 27, 16, 112, 112])
2025-01-18 14:24:55,406 - DEBUG - Input eta shape: torch.Size([3, 27, 16, 112, 112])
2025-01-18 14:24:55,406 - DEBUG - Processing neighborhood patch 0
2025-01-18 14:24:55,406 - DEBUG - Shape of x_patch: torch.Size([8, 3, 16, 112, 112])
2025-01-18 14:24:55,407 - ERROR - Error processing batch in train phase: view size is not compatible with input tensor's size and stride (at least one dimension spans across two contiguous subspaces). Use .reshape(...) instead.
2025-01-18 14:24:55,707 - DEBUG - Starting forward pass with input shape: torch.Size([8, 3, 16, 112, 112])
2025-01-18 14:24:55,708 - DEBUG - Input x shape: torch.Size([8, 3, 27, 16, 112, 112])
2025-01-18 14:24:55,708 - DEBUG - Input y shape: torch.Size([8, 3, 27, 16, 112, 112])
2025-01-18 14:24:55,708 - DEBUG - Initialized output tensor with shape: torch.Size([8, 3, 27, 16, 112, 112])
2025-01-18 14:24:55,708 - DEBUG - Input eta shape: torch.Size([3, 27, 16, 112, 112])
2025-01-18 14:24:55,708 - DEBUG - Processing neighborhood patch 0
2025-01-18 14:24:55,708 - DEBUG - Shape of x_patch: torch.Size([8, 3, 16, 112, 112])
2025-01-18 14:24:55,709 - ERROR - Error processing batch in train phase: view size is not compatible with input tensor's size and stride (at least one dimension spans across two contiguous subspaces). Use .reshape(...) instead.
2025-01-18 14:24:56,014 - DEBUG - Starting forward pass with input shape: torch.Size([8, 3, 16, 112, 112])
2025-01-18 14:24:56,014 - DEBUG - Input x shape: torch.Size([8, 3, 27, 16, 112, 112])
2025-01-18 14:24:56,015 - DEBUG - Input y shape: torch.Size([8, 3, 27, 16, 112, 112])
2025-01-18 14:24:56,015 - DEBUG - Initialized output tensor with shape: torch.Size([8, 3, 27, 16, 112, 112])
2025-01-18 14:24:56,015 - DEBUG - Input eta shape: torch.Size([3, 27, 16, 112, 112])
2025-01-18 14:24:56,015 - DEBUG - Processing neighborhood patch 0
2025-01-18 14:24:56,015 - DEBUG - Shape of x_patch: torch.Size([8, 3, 16, 112, 112])
2025-01-18 14:24:56,015 - ERROR - Error processing batch in train phase: view size is not compatible with input tensor's size and stride (at least one dimension spans across two contiguous subspaces). Use .reshape(...) instead.
2025-01-18 14:24:56,313 - DEBUG - Starting forward pass with input shape: torch.Size([8, 3, 16, 112, 112])
2025-01-18 14:24:56,314 - DEBUG - Input x shape: torch.Size([8, 3, 27, 16, 112, 112])
2025-01-18 14:24:56,314 - DEBUG - Input y shape: torch.Size([8, 3, 27, 16, 112, 112])
2025-01-18 14:24:56,314 - DEBUG - Initialized output tensor with shape: torch.Size([8, 3, 27, 16, 112, 112])
2025-01-18 14:24:56,314 - DEBUG - Input eta shape: torch.Size([3, 27, 16, 112, 112])
2025-01-18 14:24:56,314 - DEBUG - Processing neighborhood patch 0
2025-01-18 14:24:56,314 - DEBUG - Shape of x_patch: torch.Size([8, 3, 16, 112, 112])
2025-01-18 14:24:56,314 - ERROR - Error processing batch in train phase: view size is not compatible with input tensor's size and stride (at least one dimension spans across two contiguous subspaces). Use .reshape(...) instead.
2025-01-18 14:24:56,632 - DEBUG - Starting forward pass with input shape: torch.Size([8, 3, 16, 112, 112])
2025-01-18 14:24:56,633 - DEBUG - Input x shape: torch.Size([8, 3, 27, 16, 112, 112])
2025-01-18 14:24:56,633 - DEBUG - Input y shape: torch.Size([8, 3, 27, 16, 112, 112])
2025-01-18 14:24:56,633 - DEBUG - Initialized output tensor with shape: torch.Size([8, 3, 27, 16, 112, 112])
2025-01-18 14:24:56,633 - DEBUG - Input eta shape: torch.Size([3, 27, 16, 112, 112])
2025-01-18 14:24:56,633 - DEBUG - Processing neighborhood patch 0
2025-01-18 14:24:56,633 - DEBUG - Shape of x_patch: torch.Size([8, 3, 16, 112, 112])
2025-01-18 14:24:56,634 - ERROR - Error processing batch in train phase: view size is not compatible with input tensor's size and stride (at least one dimension spans across two contiguous subspaces). Use .reshape(...) instead.
2025-01-18 14:24:56,909 - DEBUG - Starting forward pass with input shape: torch.Size([8, 3, 16, 112, 112])
2025-01-18 14:24:56,909 - DEBUG - Input x shape: torch.Size([8, 3, 27, 16, 112, 112])
2025-01-18 14:24:56,909 - DEBUG - Input y shape: torch.Size([8, 3, 27, 16, 112, 112])
2025-01-18 14:24:56,910 - DEBUG - Initialized output tensor with shape: torch.Size([8, 3, 27, 16, 112, 112])
2025-01-18 14:24:56,910 - DEBUG - Input eta shape: torch.Size([3, 27, 16, 112, 112])
2025-01-18 14:24:56,910 - DEBUG - Processing neighborhood patch 0
2025-01-18 14:24:56,910 - DEBUG - Shape of x_patch: torch.Size([8, 3, 16, 112, 112])
2025-01-18 14:24:56,910 - ERROR - Error processing batch in train phase: view size is not compatible with input tensor's size and stride (at least one dimension spans across two contiguous subspaces). Use .reshape(...) instead.
2025-01-18 14:24:57,184 - DEBUG - Starting forward pass with input shape: torch.Size([8, 3, 16, 112, 112])
2025-01-18 14:24:57,185 - DEBUG - Input x shape: torch.Size([8, 3, 27, 16, 112, 112])
2025-01-18 14:24:57,185 - DEBUG - Input y shape: torch.Size([8, 3, 27, 16, 112, 112])
2025-01-18 14:24:57,185 - DEBUG - Initialized output tensor with shape: torch.Size([8, 3, 27, 16, 112, 112])
2025-01-18 14:24:57,185 - DEBUG - Input eta shape: torch.Size([3, 27, 16, 112, 112])
2025-01-18 14:24:57,185 - DEBUG - Processing neighborhood patch 0
2025-01-18 14:24:57,185 - DEBUG - Shape of x_patch: torch.Size([8, 3, 16, 112, 112])
2025-01-18 14:24:57,186 - ERROR - Error processing batch in train phase: view size is not compatible with input tensor's size and stride (at least one dimension spans across two contiguous subspaces). Use .reshape(...) instead.
2025-01-18 14:24:57,479 - DEBUG - Starting forward pass with input shape: torch.Size([8, 3, 16, 112, 112])
2025-01-18 14:24:57,480 - DEBUG - Input x shape: torch.Size([8, 3, 27, 16, 112, 112])
2025-01-18 14:24:57,480 - DEBUG - Input y shape: torch.Size([8, 3, 27, 16, 112, 112])
2025-01-18 14:24:57,480 - DEBUG - Initialized output tensor with shape: torch.Size([8, 3, 27, 16, 112, 112])
2025-01-18 14:24:57,480 - DEBUG - Input eta shape: torch.Size([3, 27, 16, 112, 112])
2025-01-18 14:24:57,480 - DEBUG - Processing neighborhood patch 0
2025-01-18 14:24:57,480 - DEBUG - Shape of x_patch: torch.Size([8, 3, 16, 112, 112])
2025-01-18 14:24:57,480 - ERROR - Error processing batch in train phase: view size is not compatible with input tensor's size and stride (at least one dimension spans across two contiguous subspaces). Use .reshape(...) instead.
2025-01-18 14:24:57,784 - DEBUG - Starting forward pass with input shape: torch.Size([8, 3, 16, 112, 112])
2025-01-18 14:24:57,785 - DEBUG - Input x shape: torch.Size([8, 3, 27, 16, 112, 112])
2025-01-18 14:24:57,785 - DEBUG - Input y shape: torch.Size([8, 3, 27, 16, 112, 112])
2025-01-18 14:24:57,785 - DEBUG - Initialized output tensor with shape: torch.Size([8, 3, 27, 16, 112, 112])
2025-01-18 14:24:57,785 - DEBUG - Input eta shape: torch.Size([3, 27, 16, 112, 112])
2025-01-18 14:24:57,785 - DEBUG - Processing neighborhood patch 0
2025-01-18 14:24:57,785 - DEBUG - Shape of x_patch: torch.Size([8, 3, 16, 112, 112])
2025-01-18 14:24:57,786 - ERROR - Error processing batch in train phase: view size is not compatible with input tensor's size and stride (at least one dimension spans across two contiguous subspaces). Use .reshape(...) instead.
2025-01-18 14:24:58,078 - DEBUG - Starting forward pass with input shape: torch.Size([8, 3, 16, 112, 112])
2025-01-18 14:24:58,078 - DEBUG - Input x shape: torch.Size([8, 3, 27, 16, 112, 112])
2025-01-18 14:24:58,079 - DEBUG - Input y shape: torch.Size([8, 3, 27, 16, 112, 112])
2025-01-18 14:24:58,079 - DEBUG - Initialized output tensor with shape: torch.Size([8, 3, 27, 16, 112, 112])
2025-01-18 14:24:58,079 - DEBUG - Input eta shape: torch.Size([3, 27, 16, 112, 112])
2025-01-18 14:24:58,079 - DEBUG - Processing neighborhood patch 0
2025-01-18 14:24:58,079 - DEBUG - Shape of x_patch: torch.Size([8, 3, 16, 112, 112])
2025-01-18 14:24:58,080 - ERROR - Error processing batch in train phase: view size is not compatible with input tensor's size and stride (at least one dimension spans across two contiguous subspaces). Use .reshape(...) instead.
2025-01-18 14:24:58,366 - DEBUG - Starting forward pass with input shape: torch.Size([8, 3, 16, 112, 112])
2025-01-18 14:24:58,367 - DEBUG - Input x shape: torch.Size([8, 3, 27, 16, 112, 112])
2025-01-18 14:24:58,367 - DEBUG - Input y shape: torch.Size([8, 3, 27, 16, 112, 112])
2025-01-18 14:24:58,367 - DEBUG - Initialized output tensor with shape: torch.Size([8, 3, 27, 16, 112, 112])
2025-01-18 14:24:58,367 - DEBUG - Input eta shape: torch.Size([3, 27, 16, 112, 112])
2025-01-18 14:24:58,367 - DEBUG - Processing neighborhood patch 0
2025-01-18 14:24:58,367 - DEBUG - Shape of x_patch: torch.Size([8, 3, 16, 112, 112])
2025-01-18 14:24:58,368 - ERROR - Error processing batch in train phase: view size is not compatible with input tensor's size and stride (at least one dimension spans across two contiguous subspaces). Use .reshape(...) instead.
2025-01-18 14:24:58,672 - DEBUG - Starting forward pass with input shape: torch.Size([8, 3, 16, 112, 112])
2025-01-18 14:24:58,672 - DEBUG - Input x shape: torch.Size([8, 3, 27, 16, 112, 112])
2025-01-18 14:24:58,673 - DEBUG - Input y shape: torch.Size([8, 3, 27, 16, 112, 112])
2025-01-18 14:24:58,673 - DEBUG - Initialized output tensor with shape: torch.Size([8, 3, 27, 16, 112, 112])
2025-01-18 14:24:58,673 - DEBUG - Input eta shape: torch.Size([3, 27, 16, 112, 112])
2025-01-18 14:24:58,673 - DEBUG - Processing neighborhood patch 0
2025-01-18 14:24:58,673 - DEBUG - Shape of x_patch: torch.Size([8, 3, 16, 112, 112])
2025-01-18 14:24:58,673 - ERROR - Error processing batch in train phase: view size is not compatible with input tensor's size and stride (at least one dimension spans across two contiguous subspaces). Use .reshape(...) instead.
2025-01-18 14:24:58,965 - DEBUG - Starting forward pass with input shape: torch.Size([8, 3, 16, 112, 112])
2025-01-18 14:24:58,965 - DEBUG - Input x shape: torch.Size([8, 3, 27, 16, 112, 112])
2025-01-18 14:24:58,965 - DEBUG - Input y shape: torch.Size([8, 3, 27, 16, 112, 112])
2025-01-18 14:24:58,966 - DEBUG - Initialized output tensor with shape: torch.Size([8, 3, 27, 16, 112, 112])
2025-01-18 14:24:58,966 - DEBUG - Input eta shape: torch.Size([3, 27, 16, 112, 112])
2025-01-18 14:24:58,966 - DEBUG - Processing neighborhood patch 0
2025-01-18 14:24:58,966 - DEBUG - Shape of x_patch: torch.Size([8, 3, 16, 112, 112])
2025-01-18 14:24:58,966 - ERROR - Error processing batch in train phase: view size is not compatible with input tensor's size and stride (at least one dimension spans across two contiguous subspaces). Use .reshape(...) instead.
2025-01-18 14:24:59,259 - DEBUG - Starting forward pass with input shape: torch.Size([8, 3, 16, 112, 112])
2025-01-18 14:24:59,260 - DEBUG - Input x shape: torch.Size([8, 3, 27, 16, 112, 112])
2025-01-18 14:24:59,260 - DEBUG - Input y shape: torch.Size([8, 3, 27, 16, 112, 112])
2025-01-18 14:24:59,260 - DEBUG - Initialized output tensor with shape: torch.Size([8, 3, 27, 16, 112, 112])
2025-01-18 14:24:59,260 - DEBUG - Input eta shape: torch.Size([3, 27, 16, 112, 112])
2025-01-18 14:24:59,260 - DEBUG - Processing neighborhood patch 0
2025-01-18 14:24:59,260 - DEBUG - Shape of x_patch: torch.Size([8, 3, 16, 112, 112])
2025-01-18 14:24:59,261 - ERROR - Error processing batch in train phase: view size is not compatible with input tensor's size and stride (at least one dimension spans across two contiguous subspaces). Use .reshape(...) instead.
2025-01-18 14:24:59,551 - DEBUG - Starting forward pass with input shape: torch.Size([8, 3, 16, 112, 112])
2025-01-18 14:24:59,551 - DEBUG - Input x shape: torch.Size([8, 3, 27, 16, 112, 112])
2025-01-18 14:24:59,551 - DEBUG - Input y shape: torch.Size([8, 3, 27, 16, 112, 112])
2025-01-18 14:24:59,552 - DEBUG - Initialized output tensor with shape: torch.Size([8, 3, 27, 16, 112, 112])
2025-01-18 14:24:59,552 - DEBUG - Input eta shape: torch.Size([3, 27, 16, 112, 112])
2025-01-18 14:24:59,552 - DEBUG - Processing neighborhood patch 0
2025-01-18 14:24:59,552 - DEBUG - Shape of x_patch: torch.Size([8, 3, 16, 112, 112])
2025-01-18 14:24:59,552 - ERROR - Error processing batch in train phase: view size is not compatible with input tensor's size and stride (at least one dimension spans across two contiguous subspaces). Use .reshape(...) instead.
2025-01-18 14:24:59,860 - DEBUG - Starting forward pass with input shape: torch.Size([8, 3, 16, 112, 112])
2025-01-18 14:24:59,860 - DEBUG - Input x shape: torch.Size([8, 3, 27, 16, 112, 112])
2025-01-18 14:24:59,860 - DEBUG - Input y shape: torch.Size([8, 3, 27, 16, 112, 112])
2025-01-18 14:24:59,860 - DEBUG - Initialized output tensor with shape: torch.Size([8, 3, 27, 16, 112, 112])
2025-01-18 14:24:59,860 - DEBUG - Input eta shape: torch.Size([3, 27, 16, 112, 112])
2025-01-18 14:24:59,861 - DEBUG - Processing neighborhood patch 0
2025-01-18 14:24:59,861 - DEBUG - Shape of x_patch: torch.Size([8, 3, 16, 112, 112])
2025-01-18 14:24:59,861 - ERROR - Error processing batch in train phase: view size is not compatible with input tensor's size and stride (at least one dimension spans across two contiguous subspaces). Use .reshape(...) instead.
2025-01-18 14:25:00,158 - DEBUG - Starting forward pass with input shape: torch.Size([8, 3, 16, 112, 112])
2025-01-18 14:25:00,158 - DEBUG - Input x shape: torch.Size([8, 3, 27, 16, 112, 112])
2025-01-18 14:25:00,159 - DEBUG - Input y shape: torch.Size([8, 3, 27, 16, 112, 112])
2025-01-18 14:25:00,159 - DEBUG - Initialized output tensor with shape: torch.Size([8, 3, 27, 16, 112, 112])
2025-01-18 14:25:00,159 - DEBUG - Input eta shape: torch.Size([3, 27, 16, 112, 112])
2025-01-18 14:25:00,159 - DEBUG - Processing neighborhood patch 0
2025-01-18 14:25:00,159 - DEBUG - Shape of x_patch: torch.Size([8, 3, 16, 112, 112])
2025-01-18 14:25:00,159 - ERROR - Error processing batch in train phase: view size is not compatible with input tensor's size and stride (at least one dimension spans across two contiguous subspaces). Use .reshape(...) instead.
2025-01-18 14:25:00,447 - DEBUG - Starting forward pass with input shape: torch.Size([8, 3, 16, 112, 112])
2025-01-18 14:25:00,447 - DEBUG - Input x shape: torch.Size([8, 3, 27, 16, 112, 112])
2025-01-18 14:25:00,447 - DEBUG - Input y shape: torch.Size([8, 3, 27, 16, 112, 112])
2025-01-18 14:25:00,447 - DEBUG - Initialized output tensor with shape: torch.Size([8, 3, 27, 16, 112, 112])
2025-01-18 14:25:00,447 - DEBUG - Input eta shape: torch.Size([3, 27, 16, 112, 112])
2025-01-18 14:25:00,447 - DEBUG - Processing neighborhood patch 0
2025-01-18 14:25:00,448 - DEBUG - Shape of x_patch: torch.Size([8, 3, 16, 112, 112])
2025-01-18 14:25:00,448 - ERROR - Error processing batch in train phase: view size is not compatible with input tensor's size and stride (at least one dimension spans across two contiguous subspaces). Use .reshape(...) instead.
2025-01-18 14:25:00,732 - DEBUG - Starting forward pass with input shape: torch.Size([8, 3, 16, 112, 112])
2025-01-18 14:25:00,733 - DEBUG - Input x shape: torch.Size([8, 3, 27, 16, 112, 112])
2025-01-18 14:25:00,733 - DEBUG - Input y shape: torch.Size([8, 3, 27, 16, 112, 112])
2025-01-18 14:25:00,733 - DEBUG - Initialized output tensor with shape: torch.Size([8, 3, 27, 16, 112, 112])
2025-01-18 14:25:00,733 - DEBUG - Input eta shape: torch.Size([3, 27, 16, 112, 112])
2025-01-18 14:25:00,733 - DEBUG - Processing neighborhood patch 0
2025-01-18 14:25:00,733 - DEBUG - Shape of x_patch: torch.Size([8, 3, 16, 112, 112])
2025-01-18 14:25:00,733 - ERROR - Error processing batch in train phase: view size is not compatible with input tensor's size and stride (at least one dimension spans across two contiguous subspaces). Use .reshape(...) instead.
2025-01-18 14:25:01,031 - DEBUG - Starting forward pass with input shape: torch.Size([8, 3, 16, 112, 112])
2025-01-18 14:25:01,032 - DEBUG - Input x shape: torch.Size([8, 3, 27, 16, 112, 112])
2025-01-18 14:25:01,032 - DEBUG - Input y shape: torch.Size([8, 3, 27, 16, 112, 112])
2025-01-18 14:25:01,032 - DEBUG - Initialized output tensor with shape: torch.Size([8, 3, 27, 16, 112, 112])
2025-01-18 14:25:01,032 - DEBUG - Input eta shape: torch.Size([3, 27, 16, 112, 112])
2025-01-18 14:25:01,032 - DEBUG - Processing neighborhood patch 0
2025-01-18 14:25:01,032 - DEBUG - Shape of x_patch: torch.Size([8, 3, 16, 112, 112])
2025-01-18 14:25:01,033 - ERROR - Error processing batch in train phase: view size is not compatible with input tensor's size and stride (at least one dimension spans across two contiguous subspaces). Use .reshape(...) instead.
2025-01-18 14:25:01,349 - DEBUG - Starting forward pass with input shape: torch.Size([8, 3, 16, 112, 112])
2025-01-18 14:25:01,349 - DEBUG - Input x shape: torch.Size([8, 3, 27, 16, 112, 112])
2025-01-18 14:25:01,349 - DEBUG - Input y shape: torch.Size([8, 3, 27, 16, 112, 112])
2025-01-18 14:25:01,349 - DEBUG - Initialized output tensor with shape: torch.Size([8, 3, 27, 16, 112, 112])
2025-01-18 14:25:01,349 - DEBUG - Input eta shape: torch.Size([3, 27, 16, 112, 112])
2025-01-18 14:25:01,349 - DEBUG - Processing neighborhood patch 0
2025-01-18 14:25:01,349 - DEBUG - Shape of x_patch: torch.Size([8, 3, 16, 112, 112])
2025-01-18 14:25:01,349 - ERROR - Error processing batch in train phase: view size is not compatible with input tensor's size and stride (at least one dimension spans across two contiguous subspaces). Use .reshape(...) instead.
2025-01-18 14:25:01,633 - DEBUG - Starting forward pass with input shape: torch.Size([8, 3, 16, 112, 112])
2025-01-18 14:25:01,633 - DEBUG - Input x shape: torch.Size([8, 3, 27, 16, 112, 112])
2025-01-18 14:25:01,633 - DEBUG - Input y shape: torch.Size([8, 3, 27, 16, 112, 112])
2025-01-18 14:25:01,633 - DEBUG - Initialized output tensor with shape: torch.Size([8, 3, 27, 16, 112, 112])
2025-01-18 14:25:01,633 - DEBUG - Input eta shape: torch.Size([3, 27, 16, 112, 112])
2025-01-18 14:25:01,633 - DEBUG - Processing neighborhood patch 0
2025-01-18 14:25:01,633 - DEBUG - Shape of x_patch: torch.Size([8, 3, 16, 112, 112])
2025-01-18 14:25:01,634 - ERROR - Error processing batch in train phase: view size is not compatible with input tensor's size and stride (at least one dimension spans across two contiguous subspaces). Use .reshape(...) instead.
2025-01-18 14:25:01,909 - DEBUG - Starting forward pass with input shape: torch.Size([8, 3, 16, 112, 112])
2025-01-18 14:25:01,909 - DEBUG - Input x shape: torch.Size([8, 3, 27, 16, 112, 112])
2025-01-18 14:25:01,910 - DEBUG - Input y shape: torch.Size([8, 3, 27, 16, 112, 112])
2025-01-18 14:25:01,910 - DEBUG - Initialized output tensor with shape: torch.Size([8, 3, 27, 16, 112, 112])
2025-01-18 14:25:01,910 - DEBUG - Input eta shape: torch.Size([3, 27, 16, 112, 112])
2025-01-18 14:25:01,910 - DEBUG - Processing neighborhood patch 0
2025-01-18 14:25:01,910 - DEBUG - Shape of x_patch: torch.Size([8, 3, 16, 112, 112])
2025-01-18 14:25:01,910 - ERROR - Error processing batch in train phase: view size is not compatible with input tensor's size and stride (at least one dimension spans across two contiguous subspaces). Use .reshape(...) instead.
2025-01-18 14:25:02,199 - DEBUG - Starting forward pass with input shape: torch.Size([8, 3, 16, 112, 112])
2025-01-18 14:25:02,200 - DEBUG - Input x shape: torch.Size([8, 3, 27, 16, 112, 112])
2025-01-18 14:25:02,200 - DEBUG - Input y shape: torch.Size([8, 3, 27, 16, 112, 112])
2025-01-18 14:25:02,200 - DEBUG - Initialized output tensor with shape: torch.Size([8, 3, 27, 16, 112, 112])
2025-01-18 14:25:02,200 - DEBUG - Input eta shape: torch.Size([3, 27, 16, 112, 112])
2025-01-18 14:25:02,200 - DEBUG - Processing neighborhood patch 0
2025-01-18 14:25:02,201 - DEBUG - Shape of x_patch: torch.Size([8, 3, 16, 112, 112])
2025-01-18 14:25:02,201 - ERROR - Error processing batch in train phase: view size is not compatible with input tensor's size and stride (at least one dimension spans across two contiguous subspaces). Use .reshape(...) instead.
2025-01-18 14:25:02,501 - DEBUG - Starting forward pass with input shape: torch.Size([8, 3, 16, 112, 112])
2025-01-18 14:25:02,502 - DEBUG - Input x shape: torch.Size([8, 3, 27, 16, 112, 112])
2025-01-18 14:25:02,502 - DEBUG - Input y shape: torch.Size([8, 3, 27, 16, 112, 112])
2025-01-18 14:25:02,502 - DEBUG - Initialized output tensor with shape: torch.Size([8, 3, 27, 16, 112, 112])
2025-01-18 14:25:02,502 - DEBUG - Input eta shape: torch.Size([3, 27, 16, 112, 112])
2025-01-18 14:25:02,502 - DEBUG - Processing neighborhood patch 0
2025-01-18 14:25:02,503 - DEBUG - Shape of x_patch: torch.Size([8, 3, 16, 112, 112])
2025-01-18 14:25:02,503 - ERROR - Error processing batch in train phase: view size is not compatible with input tensor's size and stride (at least one dimension spans across two contiguous subspaces). Use .reshape(...) instead.
2025-01-18 14:25:02,785 - DEBUG - Starting forward pass with input shape: torch.Size([8, 3, 16, 112, 112])
2025-01-18 14:25:02,786 - DEBUG - Input x shape: torch.Size([8, 3, 27, 16, 112, 112])
2025-01-18 14:25:02,786 - DEBUG - Input y shape: torch.Size([8, 3, 27, 16, 112, 112])
2025-01-18 14:25:02,786 - DEBUG - Initialized output tensor with shape: torch.Size([8, 3, 27, 16, 112, 112])
2025-01-18 14:25:02,786 - DEBUG - Input eta shape: torch.Size([3, 27, 16, 112, 112])
2025-01-18 14:25:02,786 - DEBUG - Processing neighborhood patch 0
2025-01-18 14:25:02,786 - DEBUG - Shape of x_patch: torch.Size([8, 3, 16, 112, 112])
2025-01-18 14:25:02,787 - ERROR - Error processing batch in train phase: view size is not compatible with input tensor's size and stride (at least one dimension spans across two contiguous subspaces). Use .reshape(...) instead.
2025-01-18 14:25:03,060 - DEBUG - Starting forward pass with input shape: torch.Size([8, 3, 16, 112, 112])
2025-01-18 14:25:03,060 - DEBUG - Input x shape: torch.Size([8, 3, 27, 16, 112, 112])
2025-01-18 14:25:03,060 - DEBUG - Input y shape: torch.Size([8, 3, 27, 16, 112, 112])
2025-01-18 14:25:03,060 - DEBUG - Initialized output tensor with shape: torch.Size([8, 3, 27, 16, 112, 112])
2025-01-18 14:25:03,060 - DEBUG - Input eta shape: torch.Size([3, 27, 16, 112, 112])
2025-01-18 14:25:03,061 - DEBUG - Processing neighborhood patch 0
2025-01-18 14:25:03,061 - DEBUG - Shape of x_patch: torch.Size([8, 3, 16, 112, 112])
2025-01-18 14:25:03,061 - ERROR - Error processing batch in train phase: view size is not compatible with input tensor's size and stride (at least one dimension spans across two contiguous subspaces). Use .reshape(...) instead.
2025-01-18 14:25:03,339 - DEBUG - Starting forward pass with input shape: torch.Size([8, 3, 16, 112, 112])
2025-01-18 14:25:03,340 - DEBUG - Input x shape: torch.Size([8, 3, 27, 16, 112, 112])
2025-01-18 14:25:03,340 - DEBUG - Input y shape: torch.Size([8, 3, 27, 16, 112, 112])
2025-01-18 14:25:03,340 - DEBUG - Initialized output tensor with shape: torch.Size([8, 3, 27, 16, 112, 112])
2025-01-18 14:25:03,341 - DEBUG - Input eta shape: torch.Size([3, 27, 16, 112, 112])
2025-01-18 14:25:03,341 - DEBUG - Processing neighborhood patch 0
2025-01-18 14:25:03,341 - DEBUG - Shape of x_patch: torch.Size([8, 3, 16, 112, 112])
2025-01-18 14:25:03,341 - ERROR - Error processing batch in train phase: view size is not compatible with input tensor's size and stride (at least one dimension spans across two contiguous subspaces). Use .reshape(...) instead.
2025-01-18 14:25:03,637 - DEBUG - Starting forward pass with input shape: torch.Size([8, 3, 16, 112, 112])
2025-01-18 14:25:03,637 - DEBUG - Input x shape: torch.Size([8, 3, 27, 16, 112, 112])
2025-01-18 14:25:03,637 - DEBUG - Input y shape: torch.Size([8, 3, 27, 16, 112, 112])
2025-01-18 14:25:03,637 - DEBUG - Initialized output tensor with shape: torch.Size([8, 3, 27, 16, 112, 112])
2025-01-18 14:25:03,638 - DEBUG - Input eta shape: torch.Size([3, 27, 16, 112, 112])
2025-01-18 14:25:03,638 - DEBUG - Processing neighborhood patch 0
2025-01-18 14:25:03,638 - DEBUG - Shape of x_patch: torch.Size([8, 3, 16, 112, 112])
2025-01-18 14:25:03,638 - ERROR - Error processing batch in train phase: view size is not compatible with input tensor's size and stride (at least one dimension spans across two contiguous subspaces). Use .reshape(...) instead.
2025-01-18 14:25:03,945 - DEBUG - Starting forward pass with input shape: torch.Size([8, 3, 16, 112, 112])
2025-01-18 14:25:03,945 - DEBUG - Input x shape: torch.Size([8, 3, 27, 16, 112, 112])
2025-01-18 14:25:03,945 - DEBUG - Input y shape: torch.Size([8, 3, 27, 16, 112, 112])
2025-01-18 14:25:03,945 - DEBUG - Initialized output tensor with shape: torch.Size([8, 3, 27, 16, 112, 112])
2025-01-18 14:25:03,945 - DEBUG - Input eta shape: torch.Size([3, 27, 16, 112, 112])
2025-01-18 14:25:03,945 - DEBUG - Processing neighborhood patch 0
2025-01-18 14:25:03,945 - DEBUG - Shape of x_patch: torch.Size([8, 3, 16, 112, 112])
2025-01-18 14:25:03,946 - ERROR - Error processing batch in train phase: view size is not compatible with input tensor's size and stride (at least one dimension spans across two contiguous subspaces). Use .reshape(...) instead.
2025-01-18 14:25:04,236 - DEBUG - Starting forward pass with input shape: torch.Size([8, 3, 16, 112, 112])
2025-01-18 14:25:04,237 - DEBUG - Input x shape: torch.Size([8, 3, 27, 16, 112, 112])
2025-01-18 14:25:04,237 - DEBUG - Input y shape: torch.Size([8, 3, 27, 16, 112, 112])
2025-01-18 14:25:04,237 - DEBUG - Initialized output tensor with shape: torch.Size([8, 3, 27, 16, 112, 112])
2025-01-18 14:25:04,237 - DEBUG - Input eta shape: torch.Size([3, 27, 16, 112, 112])
2025-01-18 14:25:04,237 - DEBUG - Processing neighborhood patch 0
2025-01-18 14:25:04,238 - DEBUG - Shape of x_patch: torch.Size([8, 3, 16, 112, 112])
2025-01-18 14:25:04,238 - ERROR - Error processing batch in train phase: view size is not compatible with input tensor's size and stride (at least one dimension spans across two contiguous subspaces). Use .reshape(...) instead.
2025-01-18 14:25:04,533 - DEBUG - Starting forward pass with input shape: torch.Size([8, 3, 16, 112, 112])
2025-01-18 14:25:04,533 - DEBUG - Input x shape: torch.Size([8, 3, 27, 16, 112, 112])
2025-01-18 14:25:04,534 - DEBUG - Input y shape: torch.Size([8, 3, 27, 16, 112, 112])
2025-01-18 14:25:04,534 - DEBUG - Initialized output tensor with shape: torch.Size([8, 3, 27, 16, 112, 112])
2025-01-18 14:25:04,534 - DEBUG - Input eta shape: torch.Size([3, 27, 16, 112, 112])
2025-01-18 14:25:04,534 - DEBUG - Processing neighborhood patch 0
2025-01-18 14:25:04,534 - DEBUG - Shape of x_patch: torch.Size([8, 3, 16, 112, 112])
2025-01-18 14:25:04,535 - ERROR - Error processing batch in train phase: view size is not compatible with input tensor's size and stride (at least one dimension spans across two contiguous subspaces). Use .reshape(...) instead.
2025-01-18 14:25:04,851 - DEBUG - Starting forward pass with input shape: torch.Size([8, 3, 16, 112, 112])
2025-01-18 14:25:04,851 - DEBUG - Input x shape: torch.Size([8, 3, 27, 16, 112, 112])
2025-01-18 14:25:04,851 - DEBUG - Input y shape: torch.Size([8, 3, 27, 16, 112, 112])
2025-01-18 14:25:04,851 - DEBUG - Initialized output tensor with shape: torch.Size([8, 3, 27, 16, 112, 112])
2025-01-18 14:25:04,851 - DEBUG - Input eta shape: torch.Size([3, 27, 16, 112, 112])
2025-01-18 14:25:04,851 - DEBUG - Processing neighborhood patch 0
2025-01-18 14:25:04,851 - DEBUG - Shape of x_patch: torch.Size([8, 3, 16, 112, 112])
2025-01-18 14:25:04,852 - ERROR - Error processing batch in train phase: view size is not compatible with input tensor's size and stride (at least one dimension spans across two contiguous subspaces). Use .reshape(...) instead.
2025-01-18 14:25:05,125 - DEBUG - Starting forward pass with input shape: torch.Size([8, 3, 16, 112, 112])
2025-01-18 14:25:05,126 - DEBUG - Input x shape: torch.Size([8, 3, 27, 16, 112, 112])
2025-01-18 14:25:05,126 - DEBUG - Input y shape: torch.Size([8, 3, 27, 16, 112, 112])
2025-01-18 14:25:05,126 - DEBUG - Initialized output tensor with shape: torch.Size([8, 3, 27, 16, 112, 112])
2025-01-18 14:25:05,126 - DEBUG - Input eta shape: torch.Size([3, 27, 16, 112, 112])
2025-01-18 14:25:05,126 - DEBUG - Processing neighborhood patch 0
2025-01-18 14:25:05,126 - DEBUG - Shape of x_patch: torch.Size([8, 3, 16, 112, 112])
2025-01-18 14:25:05,127 - ERROR - Error processing batch in train phase: view size is not compatible with input tensor's size and stride (at least one dimension spans across two contiguous subspaces). Use .reshape(...) instead.
2025-01-18 14:25:05,403 - DEBUG - Starting forward pass with input shape: torch.Size([8, 3, 16, 112, 112])
2025-01-18 14:25:05,404 - DEBUG - Input x shape: torch.Size([8, 3, 27, 16, 112, 112])
2025-01-18 14:25:05,404 - DEBUG - Input y shape: torch.Size([8, 3, 27, 16, 112, 112])
2025-01-18 14:25:05,404 - DEBUG - Initialized output tensor with shape: torch.Size([8, 3, 27, 16, 112, 112])
2025-01-18 14:25:05,404 - DEBUG - Input eta shape: torch.Size([3, 27, 16, 112, 112])
2025-01-18 14:25:05,404 - DEBUG - Processing neighborhood patch 0
2025-01-18 14:25:05,405 - DEBUG - Shape of x_patch: torch.Size([8, 3, 16, 112, 112])
2025-01-18 14:25:05,405 - ERROR - Error processing batch in train phase: view size is not compatible with input tensor's size and stride (at least one dimension spans across two contiguous subspaces). Use .reshape(...) instead.
2025-01-18 14:25:05,710 - DEBUG - Starting forward pass with input shape: torch.Size([8, 3, 16, 112, 112])
2025-01-18 14:25:05,710 - DEBUG - Input x shape: torch.Size([8, 3, 27, 16, 112, 112])
2025-01-18 14:25:05,711 - DEBUG - Input y shape: torch.Size([8, 3, 27, 16, 112, 112])
2025-01-18 14:25:05,711 - DEBUG - Initialized output tensor with shape: torch.Size([8, 3, 27, 16, 112, 112])
2025-01-18 14:25:05,711 - DEBUG - Input eta shape: torch.Size([3, 27, 16, 112, 112])
2025-01-18 14:25:05,711 - DEBUG - Processing neighborhood patch 0
2025-01-18 14:25:05,711 - DEBUG - Shape of x_patch: torch.Size([8, 3, 16, 112, 112])
2025-01-18 14:25:05,711 - ERROR - Error processing batch in train phase: view size is not compatible with input tensor's size and stride (at least one dimension spans across two contiguous subspaces). Use .reshape(...) instead.
2025-01-18 14:25:06,001 - DEBUG - Starting forward pass with input shape: torch.Size([8, 3, 16, 112, 112])
2025-01-18 14:25:06,002 - DEBUG - Input x shape: torch.Size([8, 3, 27, 16, 112, 112])
2025-01-18 14:25:06,002 - DEBUG - Input y shape: torch.Size([8, 3, 27, 16, 112, 112])
2025-01-18 14:25:06,002 - DEBUG - Initialized output tensor with shape: torch.Size([8, 3, 27, 16, 112, 112])
2025-01-18 14:25:06,002 - DEBUG - Input eta shape: torch.Size([3, 27, 16, 112, 112])
2025-01-18 14:25:06,002 - DEBUG - Processing neighborhood patch 0
2025-01-18 14:25:06,002 - DEBUG - Shape of x_patch: torch.Size([8, 3, 16, 112, 112])
2025-01-18 14:25:06,003 - ERROR - Error processing batch in train phase: view size is not compatible with input tensor's size and stride (at least one dimension spans across two contiguous subspaces). Use .reshape(...) instead.
2025-01-18 14:25:06,309 - DEBUG - Starting forward pass with input shape: torch.Size([8, 3, 16, 112, 112])
2025-01-18 14:25:06,310 - DEBUG - Input x shape: torch.Size([8, 3, 27, 16, 112, 112])
2025-01-18 14:25:06,310 - DEBUG - Input y shape: torch.Size([8, 3, 27, 16, 112, 112])
2025-01-18 14:25:06,311 - DEBUG - Initialized output tensor with shape: torch.Size([8, 3, 27, 16, 112, 112])
2025-01-18 14:25:06,311 - DEBUG - Input eta shape: torch.Size([3, 27, 16, 112, 112])
2025-01-18 14:25:06,311 - DEBUG - Processing neighborhood patch 0
2025-01-18 14:25:06,311 - DEBUG - Shape of x_patch: torch.Size([8, 3, 16, 112, 112])
2025-01-18 14:25:06,311 - ERROR - Error processing batch in train phase: view size is not compatible with input tensor's size and stride (at least one dimension spans across two contiguous subspaces). Use .reshape(...) instead.
2025-01-18 14:25:06,603 - DEBUG - Starting forward pass with input shape: torch.Size([8, 3, 16, 112, 112])
2025-01-18 14:25:06,603 - DEBUG - Input x shape: torch.Size([8, 3, 27, 16, 112, 112])
2025-01-18 14:25:06,603 - DEBUG - Input y shape: torch.Size([8, 3, 27, 16, 112, 112])
2025-01-18 14:25:06,603 - DEBUG - Initialized output tensor with shape: torch.Size([8, 3, 27, 16, 112, 112])
2025-01-18 14:25:06,603 - DEBUG - Input eta shape: torch.Size([3, 27, 16, 112, 112])
2025-01-18 14:25:06,603 - DEBUG - Processing neighborhood patch 0
2025-01-18 14:25:06,604 - DEBUG - Shape of x_patch: torch.Size([8, 3, 16, 112, 112])
2025-01-18 14:25:06,604 - ERROR - Error processing batch in train phase: view size is not compatible with input tensor's size and stride (at least one dimension spans across two contiguous subspaces). Use .reshape(...) instead.
2025-01-18 14:25:06,910 - DEBUG - Starting forward pass with input shape: torch.Size([8, 3, 16, 112, 112])
2025-01-18 14:25:06,910 - DEBUG - Input x shape: torch.Size([8, 3, 27, 16, 112, 112])
2025-01-18 14:25:06,910 - DEBUG - Input y shape: torch.Size([8, 3, 27, 16, 112, 112])
2025-01-18 14:25:06,910 - DEBUG - Initialized output tensor with shape: torch.Size([8, 3, 27, 16, 112, 112])
2025-01-18 14:25:06,910 - DEBUG - Input eta shape: torch.Size([3, 27, 16, 112, 112])
2025-01-18 14:25:06,910 - DEBUG - Processing neighborhood patch 0
2025-01-18 14:25:06,911 - DEBUG - Shape of x_patch: torch.Size([8, 3, 16, 112, 112])
2025-01-18 14:25:06,911 - ERROR - Error processing batch in train phase: view size is not compatible with input tensor's size and stride (at least one dimension spans across two contiguous subspaces). Use .reshape(...) instead.
2025-01-18 14:25:07,196 - DEBUG - Starting forward pass with input shape: torch.Size([8, 3, 16, 112, 112])
2025-01-18 14:25:07,197 - DEBUG - Input x shape: torch.Size([8, 3, 27, 16, 112, 112])
2025-01-18 14:25:07,197 - DEBUG - Input y shape: torch.Size([8, 3, 27, 16, 112, 112])
2025-01-18 14:25:07,197 - DEBUG - Initialized output tensor with shape: torch.Size([8, 3, 27, 16, 112, 112])
2025-01-18 14:25:07,197 - DEBUG - Input eta shape: torch.Size([3, 27, 16, 112, 112])
2025-01-18 14:25:07,198 - DEBUG - Processing neighborhood patch 0
2025-01-18 14:25:07,198 - DEBUG - Shape of x_patch: torch.Size([8, 3, 16, 112, 112])
2025-01-18 14:25:07,198 - ERROR - Error processing batch in train phase: view size is not compatible with input tensor's size and stride (at least one dimension spans across two contiguous subspaces). Use .reshape(...) instead.
2025-01-18 14:25:07,478 - DEBUG - Starting forward pass with input shape: torch.Size([8, 3, 16, 112, 112])
2025-01-18 14:25:07,479 - DEBUG - Input x shape: torch.Size([8, 3, 27, 16, 112, 112])
2025-01-18 14:25:07,479 - DEBUG - Input y shape: torch.Size([8, 3, 27, 16, 112, 112])
2025-01-18 14:25:07,479 - DEBUG - Initialized output tensor with shape: torch.Size([8, 3, 27, 16, 112, 112])
2025-01-18 14:25:07,479 - DEBUG - Input eta shape: torch.Size([3, 27, 16, 112, 112])
2025-01-18 14:25:07,479 - DEBUG - Processing neighborhood patch 0
2025-01-18 14:25:07,479 - DEBUG - Shape of x_patch: torch.Size([8, 3, 16, 112, 112])
2025-01-18 14:25:07,479 - ERROR - Error processing batch in train phase: view size is not compatible with input tensor's size and stride (at least one dimension spans across two contiguous subspaces). Use .reshape(...) instead.
2025-01-18 14:25:07,761 - DEBUG - Starting forward pass with input shape: torch.Size([8, 3, 16, 112, 112])
2025-01-18 14:25:07,761 - DEBUG - Input x shape: torch.Size([8, 3, 27, 16, 112, 112])
2025-01-18 14:25:07,761 - DEBUG - Input y shape: torch.Size([8, 3, 27, 16, 112, 112])
2025-01-18 14:25:07,761 - DEBUG - Initialized output tensor with shape: torch.Size([8, 3, 27, 16, 112, 112])
2025-01-18 14:25:07,761 - DEBUG - Input eta shape: torch.Size([3, 27, 16, 112, 112])
2025-01-18 14:25:07,761 - DEBUG - Processing neighborhood patch 0
2025-01-18 14:25:07,761 - DEBUG - Shape of x_patch: torch.Size([8, 3, 16, 112, 112])
2025-01-18 14:25:07,762 - ERROR - Error processing batch in train phase: view size is not compatible with input tensor's size and stride (at least one dimension spans across two contiguous subspaces). Use .reshape(...) instead.
2025-01-18 14:25:08,050 - DEBUG - Starting forward pass with input shape: torch.Size([8, 3, 16, 112, 112])
2025-01-18 14:25:08,050 - DEBUG - Input x shape: torch.Size([8, 3, 27, 16, 112, 112])
2025-01-18 14:25:08,050 - DEBUG - Input y shape: torch.Size([8, 3, 27, 16, 112, 112])
2025-01-18 14:25:08,050 - DEBUG - Initialized output tensor with shape: torch.Size([8, 3, 27, 16, 112, 112])
2025-01-18 14:25:08,051 - DEBUG - Input eta shape: torch.Size([3, 27, 16, 112, 112])
2025-01-18 14:25:08,051 - DEBUG - Processing neighborhood patch 0
2025-01-18 14:25:08,051 - DEBUG - Shape of x_patch: torch.Size([8, 3, 16, 112, 112])
2025-01-18 14:25:08,051 - ERROR - Error processing batch in train phase: view size is not compatible with input tensor's size and stride (at least one dimension spans across two contiguous subspaces). Use .reshape(...) instead.
2025-01-18 14:25:08,370 - DEBUG - Starting forward pass with input shape: torch.Size([8, 3, 16, 112, 112])
2025-01-18 14:25:08,370 - DEBUG - Input x shape: torch.Size([8, 3, 27, 16, 112, 112])
2025-01-18 14:25:08,370 - DEBUG - Input y shape: torch.Size([8, 3, 27, 16, 112, 112])
2025-01-18 14:25:08,370 - DEBUG - Initialized output tensor with shape: torch.Size([8, 3, 27, 16, 112, 112])
2025-01-18 14:25:08,370 - DEBUG - Input eta shape: torch.Size([3, 27, 16, 112, 112])
2025-01-18 14:25:08,371 - DEBUG - Processing neighborhood patch 0
2025-01-18 14:25:08,371 - DEBUG - Shape of x_patch: torch.Size([8, 3, 16, 112, 112])
2025-01-18 14:25:08,371 - ERROR - Error processing batch in train phase: view size is not compatible with input tensor's size and stride (at least one dimension spans across two contiguous subspaces). Use .reshape(...) instead.
2025-01-18 14:25:08,653 - DEBUG - Starting forward pass with input shape: torch.Size([8, 3, 16, 112, 112])
2025-01-18 14:25:08,653 - DEBUG - Input x shape: torch.Size([8, 3, 27, 16, 112, 112])
2025-01-18 14:25:08,653 - DEBUG - Input y shape: torch.Size([8, 3, 27, 16, 112, 112])
2025-01-18 14:25:08,653 - DEBUG - Initialized output tensor with shape: torch.Size([8, 3, 27, 16, 112, 112])
2025-01-18 14:25:08,654 - DEBUG - Input eta shape: torch.Size([3, 27, 16, 112, 112])
2025-01-18 14:25:08,654 - DEBUG - Processing neighborhood patch 0
2025-01-18 14:25:08,654 - DEBUG - Shape of x_patch: torch.Size([8, 3, 16, 112, 112])
2025-01-18 14:25:08,654 - ERROR - Error processing batch in train phase: view size is not compatible with input tensor's size and stride (at least one dimension spans across two contiguous subspaces). Use .reshape(...) instead.
2025-01-18 14:25:08,936 - DEBUG - Starting forward pass with input shape: torch.Size([8, 3, 16, 112, 112])
2025-01-18 14:25:08,936 - DEBUG - Input x shape: torch.Size([8, 3, 27, 16, 112, 112])
2025-01-18 14:25:08,936 - DEBUG - Input y shape: torch.Size([8, 3, 27, 16, 112, 112])
2025-01-18 14:25:08,936 - DEBUG - Initialized output tensor with shape: torch.Size([8, 3, 27, 16, 112, 112])
2025-01-18 14:25:08,937 - DEBUG - Input eta shape: torch.Size([3, 27, 16, 112, 112])
2025-01-18 14:25:08,937 - DEBUG - Processing neighborhood patch 0
2025-01-18 14:25:08,937 - DEBUG - Shape of x_patch: torch.Size([8, 3, 16, 112, 112])
2025-01-18 14:25:08,937 - ERROR - Error processing batch in train phase: view size is not compatible with input tensor's size and stride (at least one dimension spans across two contiguous subspaces). Use .reshape(...) instead.
2025-01-18 14:25:09,220 - DEBUG - Starting forward pass with input shape: torch.Size([8, 3, 16, 112, 112])
2025-01-18 14:25:09,220 - DEBUG - Input x shape: torch.Size([8, 3, 27, 16, 112, 112])
2025-01-18 14:25:09,220 - DEBUG - Input y shape: torch.Size([8, 3, 27, 16, 112, 112])
2025-01-18 14:25:09,221 - DEBUG - Initialized output tensor with shape: torch.Size([8, 3, 27, 16, 112, 112])
2025-01-18 14:25:09,221 - DEBUG - Input eta shape: torch.Size([3, 27, 16, 112, 112])
2025-01-18 14:25:09,221 - DEBUG - Processing neighborhood patch 0
2025-01-18 14:25:09,221 - DEBUG - Shape of x_patch: torch.Size([8, 3, 16, 112, 112])
2025-01-18 14:25:09,221 - ERROR - Error processing batch in train phase: view size is not compatible with input tensor's size and stride (at least one dimension spans across two contiguous subspaces). Use .reshape(...) instead.
2025-01-18 14:25:09,532 - DEBUG - Starting forward pass with input shape: torch.Size([8, 3, 16, 112, 112])
2025-01-18 14:25:09,532 - DEBUG - Input x shape: torch.Size([8, 3, 27, 16, 112, 112])
2025-01-18 14:25:09,532 - DEBUG - Input y shape: torch.Size([8, 3, 27, 16, 112, 112])
2025-01-18 14:25:09,533 - DEBUG - Initialized output tensor with shape: torch.Size([8, 3, 27, 16, 112, 112])
2025-01-18 14:25:09,533 - DEBUG - Input eta shape: torch.Size([3, 27, 16, 112, 112])
2025-01-18 14:25:09,533 - DEBUG - Processing neighborhood patch 0
2025-01-18 14:25:09,533 - DEBUG - Shape of x_patch: torch.Size([8, 3, 16, 112, 112])
2025-01-18 14:25:09,534 - ERROR - Error processing batch in train phase: view size is not compatible with input tensor's size and stride (at least one dimension spans across two contiguous subspaces). Use .reshape(...) instead.
2025-01-18 14:25:09,812 - DEBUG - Starting forward pass with input shape: torch.Size([8, 3, 16, 112, 112])
2025-01-18 14:25:09,813 - DEBUG - Input x shape: torch.Size([8, 3, 27, 16, 112, 112])
2025-01-18 14:25:09,813 - DEBUG - Input y shape: torch.Size([8, 3, 27, 16, 112, 112])
2025-01-18 14:25:09,813 - DEBUG - Initialized output tensor with shape: torch.Size([8, 3, 27, 16, 112, 112])
2025-01-18 14:25:09,813 - DEBUG - Input eta shape: torch.Size([3, 27, 16, 112, 112])
2025-01-18 14:25:09,813 - DEBUG - Processing neighborhood patch 0
2025-01-18 14:25:09,813 - DEBUG - Shape of x_patch: torch.Size([8, 3, 16, 112, 112])
2025-01-18 14:25:09,813 - ERROR - Error processing batch in train phase: view size is not compatible with input tensor's size and stride (at least one dimension spans across two contiguous subspaces). Use .reshape(...) instead.
2025-01-18 14:25:10,087 - DEBUG - Starting forward pass with input shape: torch.Size([8, 3, 16, 112, 112])
2025-01-18 14:25:10,087 - DEBUG - Input x shape: torch.Size([8, 3, 27, 16, 112, 112])
2025-01-18 14:25:10,087 - DEBUG - Input y shape: torch.Size([8, 3, 27, 16, 112, 112])
2025-01-18 14:25:10,087 - DEBUG - Initialized output tensor with shape: torch.Size([8, 3, 27, 16, 112, 112])
2025-01-18 14:25:10,087 - DEBUG - Input eta shape: torch.Size([3, 27, 16, 112, 112])
2025-01-18 14:25:10,088 - DEBUG - Processing neighborhood patch 0
2025-01-18 14:25:10,088 - DEBUG - Shape of x_patch: torch.Size([8, 3, 16, 112, 112])
2025-01-18 14:25:10,088 - ERROR - Error processing batch in train phase: view size is not compatible with input tensor's size and stride (at least one dimension spans across two contiguous subspaces). Use .reshape(...) instead.
2025-01-18 14:25:10,382 - DEBUG - Starting forward pass with input shape: torch.Size([8, 3, 16, 112, 112])
2025-01-18 14:25:10,383 - DEBUG - Input x shape: torch.Size([8, 3, 27, 16, 112, 112])
2025-01-18 14:25:10,383 - DEBUG - Input y shape: torch.Size([8, 3, 27, 16, 112, 112])
2025-01-18 14:25:10,383 - DEBUG - Initialized output tensor with shape: torch.Size([8, 3, 27, 16, 112, 112])
2025-01-18 14:25:10,383 - DEBUG - Input eta shape: torch.Size([3, 27, 16, 112, 112])
2025-01-18 14:25:10,384 - DEBUG - Processing neighborhood patch 0
2025-01-18 14:25:10,384 - DEBUG - Shape of x_patch: torch.Size([8, 3, 16, 112, 112])
2025-01-18 14:25:10,384 - ERROR - Error processing batch in train phase: view size is not compatible with input tensor's size and stride (at least one dimension spans across two contiguous subspaces). Use .reshape(...) instead.
2025-01-18 14:25:10,707 - DEBUG - Starting forward pass with input shape: torch.Size([8, 3, 16, 112, 112])
2025-01-18 14:25:10,707 - DEBUG - Input x shape: torch.Size([8, 3, 27, 16, 112, 112])
2025-01-18 14:25:10,708 - DEBUG - Input y shape: torch.Size([8, 3, 27, 16, 112, 112])
2025-01-18 14:25:10,708 - DEBUG - Initialized output tensor with shape: torch.Size([8, 3, 27, 16, 112, 112])
2025-01-18 14:25:10,708 - DEBUG - Input eta shape: torch.Size([3, 27, 16, 112, 112])
2025-01-18 14:25:10,708 - DEBUG - Processing neighborhood patch 0
2025-01-18 14:25:10,708 - DEBUG - Shape of x_patch: torch.Size([8, 3, 16, 112, 112])
2025-01-18 14:25:10,709 - ERROR - Error processing batch in train phase: view size is not compatible with input tensor's size and stride (at least one dimension spans across two contiguous subspaces). Use .reshape(...) instead.
2025-01-18 14:25:10,985 - DEBUG - Starting forward pass with input shape: torch.Size([8, 3, 16, 112, 112])
2025-01-18 14:25:10,985 - DEBUG - Input x shape: torch.Size([8, 3, 27, 16, 112, 112])
2025-01-18 14:25:10,985 - DEBUG - Input y shape: torch.Size([8, 3, 27, 16, 112, 112])
2025-01-18 14:25:10,986 - DEBUG - Initialized output tensor with shape: torch.Size([8, 3, 27, 16, 112, 112])
2025-01-18 14:25:10,986 - DEBUG - Input eta shape: torch.Size([3, 27, 16, 112, 112])
2025-01-18 14:25:10,986 - DEBUG - Processing neighborhood patch 0
2025-01-18 14:25:10,986 - DEBUG - Shape of x_patch: torch.Size([8, 3, 16, 112, 112])
2025-01-18 14:25:10,986 - ERROR - Error processing batch in train phase: view size is not compatible with input tensor's size and stride (at least one dimension spans across two contiguous subspaces). Use .reshape(...) instead.
2025-01-18 14:25:11,278 - DEBUG - Starting forward pass with input shape: torch.Size([8, 3, 16, 112, 112])
2025-01-18 14:25:11,278 - DEBUG - Input x shape: torch.Size([8, 3, 27, 16, 112, 112])
2025-01-18 14:25:11,279 - DEBUG - Input y shape: torch.Size([8, 3, 27, 16, 112, 112])
2025-01-18 14:25:11,279 - DEBUG - Initialized output tensor with shape: torch.Size([8, 3, 27, 16, 112, 112])
2025-01-18 14:25:11,279 - DEBUG - Input eta shape: torch.Size([3, 27, 16, 112, 112])
2025-01-18 14:25:11,279 - DEBUG - Processing neighborhood patch 0
2025-01-18 14:25:11,279 - DEBUG - Shape of x_patch: torch.Size([8, 3, 16, 112, 112])
2025-01-18 14:25:11,279 - ERROR - Error processing batch in train phase: view size is not compatible with input tensor's size and stride (at least one dimension spans across two contiguous subspaces). Use .reshape(...) instead.
2025-01-18 14:25:11,573 - DEBUG - Starting forward pass with input shape: torch.Size([8, 3, 16, 112, 112])
2025-01-18 14:25:11,573 - DEBUG - Input x shape: torch.Size([8, 3, 27, 16, 112, 112])
2025-01-18 14:25:11,573 - DEBUG - Input y shape: torch.Size([8, 3, 27, 16, 112, 112])
2025-01-18 14:25:11,573 - DEBUG - Initialized output tensor with shape: torch.Size([8, 3, 27, 16, 112, 112])
2025-01-18 14:25:11,573 - DEBUG - Input eta shape: torch.Size([3, 27, 16, 112, 112])
2025-01-18 14:25:11,573 - DEBUG - Processing neighborhood patch 0
2025-01-18 14:25:11,573 - DEBUG - Shape of x_patch: torch.Size([8, 3, 16, 112, 112])
2025-01-18 14:25:11,574 - ERROR - Error processing batch in train phase: view size is not compatible with input tensor's size and stride (at least one dimension spans across two contiguous subspaces). Use .reshape(...) instead.
2025-01-18 14:25:11,876 - DEBUG - Starting forward pass with input shape: torch.Size([8, 3, 16, 112, 112])
2025-01-18 14:25:11,877 - DEBUG - Input x shape: torch.Size([8, 3, 27, 16, 112, 112])
2025-01-18 14:25:11,877 - DEBUG - Input y shape: torch.Size([8, 3, 27, 16, 112, 112])
2025-01-18 14:25:11,877 - DEBUG - Initialized output tensor with shape: torch.Size([8, 3, 27, 16, 112, 112])
2025-01-18 14:25:11,877 - DEBUG - Input eta shape: torch.Size([3, 27, 16, 112, 112])
2025-01-18 14:25:11,877 - DEBUG - Processing neighborhood patch 0
2025-01-18 14:25:11,877 - DEBUG - Shape of x_patch: torch.Size([8, 3, 16, 112, 112])
2025-01-18 14:25:11,878 - ERROR - Error processing batch in train phase: view size is not compatible with input tensor's size and stride (at least one dimension spans across two contiguous subspaces). Use .reshape(...) instead.
2025-01-18 14:25:12,144 - DEBUG - Starting forward pass with input shape: torch.Size([8, 3, 16, 112, 112])
2025-01-18 14:25:12,145 - DEBUG - Input x shape: torch.Size([8, 3, 27, 16, 112, 112])
2025-01-18 14:25:12,145 - DEBUG - Input y shape: torch.Size([8, 3, 27, 16, 112, 112])
2025-01-18 14:25:12,145 - DEBUG - Initialized output tensor with shape: torch.Size([8, 3, 27, 16, 112, 112])
2025-01-18 14:25:12,146 - DEBUG - Input eta shape: torch.Size([3, 27, 16, 112, 112])
2025-01-18 14:25:12,146 - DEBUG - Processing neighborhood patch 0
2025-01-18 14:25:12,146 - DEBUG - Shape of x_patch: torch.Size([8, 3, 16, 112, 112])
2025-01-18 14:25:12,146 - ERROR - Error processing batch in train phase: view size is not compatible with input tensor's size and stride (at least one dimension spans across two contiguous subspaces). Use .reshape(...) instead.
2025-01-18 14:25:12,433 - DEBUG - Starting forward pass with input shape: torch.Size([8, 3, 16, 112, 112])
2025-01-18 14:25:12,433 - DEBUG - Input x shape: torch.Size([8, 3, 27, 16, 112, 112])
2025-01-18 14:25:12,433 - DEBUG - Input y shape: torch.Size([8, 3, 27, 16, 112, 112])
2025-01-18 14:25:12,433 - DEBUG - Initialized output tensor with shape: torch.Size([8, 3, 27, 16, 112, 112])
2025-01-18 14:25:12,433 - DEBUG - Input eta shape: torch.Size([3, 27, 16, 112, 112])
2025-01-18 14:25:12,433 - DEBUG - Processing neighborhood patch 0
2025-01-18 14:25:12,433 - DEBUG - Shape of x_patch: torch.Size([8, 3, 16, 112, 112])
2025-01-18 14:25:12,434 - ERROR - Error processing batch in train phase: view size is not compatible with input tensor's size and stride (at least one dimension spans across two contiguous subspaces). Use .reshape(...) instead.
2025-01-18 14:25:12,723 - DEBUG - Starting forward pass with input shape: torch.Size([8, 3, 16, 112, 112])
2025-01-18 14:25:12,724 - DEBUG - Input x shape: torch.Size([8, 3, 27, 16, 112, 112])
2025-01-18 14:25:12,724 - DEBUG - Input y shape: torch.Size([8, 3, 27, 16, 112, 112])
2025-01-18 14:25:12,724 - DEBUG - Initialized output tensor with shape: torch.Size([8, 3, 27, 16, 112, 112])
2025-01-18 14:25:12,724 - DEBUG - Input eta shape: torch.Size([3, 27, 16, 112, 112])
2025-01-18 14:25:12,724 - DEBUG - Processing neighborhood patch 0
2025-01-18 14:25:12,725 - DEBUG - Shape of x_patch: torch.Size([8, 3, 16, 112, 112])
2025-01-18 14:25:12,725 - ERROR - Error processing batch in train phase: view size is not compatible with input tensor's size and stride (at least one dimension spans across two contiguous subspaces). Use .reshape(...) instead.
2025-01-18 14:25:13,027 - DEBUG - Starting forward pass with input shape: torch.Size([8, 3, 16, 112, 112])
2025-01-18 14:25:13,027 - DEBUG - Input x shape: torch.Size([8, 3, 27, 16, 112, 112])
2025-01-18 14:25:13,027 - DEBUG - Input y shape: torch.Size([8, 3, 27, 16, 112, 112])
2025-01-18 14:25:13,027 - DEBUG - Initialized output tensor with shape: torch.Size([8, 3, 27, 16, 112, 112])
2025-01-18 14:25:13,027 - DEBUG - Input eta shape: torch.Size([3, 27, 16, 112, 112])
2025-01-18 14:25:13,028 - DEBUG - Processing neighborhood patch 0
2025-01-18 14:25:13,028 - DEBUG - Shape of x_patch: torch.Size([8, 3, 16, 112, 112])
2025-01-18 14:25:13,028 - ERROR - Error processing batch in train phase: view size is not compatible with input tensor's size and stride (at least one dimension spans across two contiguous subspaces). Use .reshape(...) instead.
2025-01-18 14:25:13,321 - DEBUG - Starting forward pass with input shape: torch.Size([8, 3, 16, 112, 112])
2025-01-18 14:25:13,321 - DEBUG - Input x shape: torch.Size([8, 3, 27, 16, 112, 112])
2025-01-18 14:25:13,322 - DEBUG - Input y shape: torch.Size([8, 3, 27, 16, 112, 112])
2025-01-18 14:25:13,322 - DEBUG - Initialized output tensor with shape: torch.Size([8, 3, 27, 16, 112, 112])
2025-01-18 14:25:13,322 - DEBUG - Input eta shape: torch.Size([3, 27, 16, 112, 112])
2025-01-18 14:25:13,322 - DEBUG - Processing neighborhood patch 0
2025-01-18 14:25:13,322 - DEBUG - Shape of x_patch: torch.Size([8, 3, 16, 112, 112])
2025-01-18 14:25:13,322 - ERROR - Error processing batch in train phase: view size is not compatible with input tensor's size and stride (at least one dimension spans across two contiguous subspaces). Use .reshape(...) instead.
2025-01-18 14:25:13,620 - DEBUG - Starting forward pass with input shape: torch.Size([8, 3, 16, 112, 112])
2025-01-18 14:25:13,621 - DEBUG - Input x shape: torch.Size([8, 3, 27, 16, 112, 112])
2025-01-18 14:25:13,621 - DEBUG - Input y shape: torch.Size([8, 3, 27, 16, 112, 112])
2025-01-18 14:25:13,621 - DEBUG - Initialized output tensor with shape: torch.Size([8, 3, 27, 16, 112, 112])
2025-01-18 14:25:13,621 - DEBUG - Input eta shape: torch.Size([3, 27, 16, 112, 112])
2025-01-18 14:25:13,622 - DEBUG - Processing neighborhood patch 0
2025-01-18 14:25:13,622 - DEBUG - Shape of x_patch: torch.Size([8, 3, 16, 112, 112])
2025-01-18 14:25:13,622 - ERROR - Error processing batch in train phase: view size is not compatible with input tensor's size and stride (at least one dimension spans across two contiguous subspaces). Use .reshape(...) instead.
2025-01-18 14:25:13,894 - DEBUG - Starting forward pass with input shape: torch.Size([8, 3, 16, 112, 112])
2025-01-18 14:25:13,894 - DEBUG - Input x shape: torch.Size([8, 3, 27, 16, 112, 112])
2025-01-18 14:25:13,894 - DEBUG - Input y shape: torch.Size([8, 3, 27, 16, 112, 112])
2025-01-18 14:25:13,894 - DEBUG - Initialized output tensor with shape: torch.Size([8, 3, 27, 16, 112, 112])
2025-01-18 14:25:13,895 - DEBUG - Input eta shape: torch.Size([3, 27, 16, 112, 112])
2025-01-18 14:25:13,895 - DEBUG - Processing neighborhood patch 0
2025-01-18 14:25:13,895 - DEBUG - Shape of x_patch: torch.Size([8, 3, 16, 112, 112])
2025-01-18 14:25:13,895 - ERROR - Error processing batch in train phase: view size is not compatible with input tensor's size and stride (at least one dimension spans across two contiguous subspaces). Use .reshape(...) instead.
2025-01-18 14:25:14,214 - DEBUG - Starting forward pass with input shape: torch.Size([8, 3, 16, 112, 112])
2025-01-18 14:25:14,214 - DEBUG - Input x shape: torch.Size([8, 3, 27, 16, 112, 112])
2025-01-18 14:25:14,214 - DEBUG - Input y shape: torch.Size([8, 3, 27, 16, 112, 112])
2025-01-18 14:25:14,215 - DEBUG - Initialized output tensor with shape: torch.Size([8, 3, 27, 16, 112, 112])
2025-01-18 14:25:14,215 - DEBUG - Input eta shape: torch.Size([3, 27, 16, 112, 112])
2025-01-18 14:25:14,215 - DEBUG - Processing neighborhood patch 0
2025-01-18 14:25:14,215 - DEBUG - Shape of x_patch: torch.Size([8, 3, 16, 112, 112])
2025-01-18 14:25:14,215 - ERROR - Error processing batch in train phase: view size is not compatible with input tensor's size and stride (at least one dimension spans across two contiguous subspaces). Use .reshape(...) instead.
2025-01-18 14:25:14,506 - DEBUG - Starting forward pass with input shape: torch.Size([8, 3, 16, 112, 112])
2025-01-18 14:25:14,506 - DEBUG - Input x shape: torch.Size([8, 3, 27, 16, 112, 112])
2025-01-18 14:25:14,506 - DEBUG - Input y shape: torch.Size([8, 3, 27, 16, 112, 112])
2025-01-18 14:25:14,506 - DEBUG - Initialized output tensor with shape: torch.Size([8, 3, 27, 16, 112, 112])
2025-01-18 14:25:14,506 - DEBUG - Input eta shape: torch.Size([3, 27, 16, 112, 112])
2025-01-18 14:25:14,506 - DEBUG - Processing neighborhood patch 0
2025-01-18 14:25:14,506 - DEBUG - Shape of x_patch: torch.Size([8, 3, 16, 112, 112])
2025-01-18 14:25:14,507 - ERROR - Error processing batch in train phase: view size is not compatible with input tensor's size and stride (at least one dimension spans across two contiguous subspaces). Use .reshape(...) instead.
2025-01-18 14:25:14,797 - DEBUG - Starting forward pass with input shape: torch.Size([8, 3, 16, 112, 112])
2025-01-18 14:25:14,798 - DEBUG - Input x shape: torch.Size([8, 3, 27, 16, 112, 112])
2025-01-18 14:25:14,798 - DEBUG - Input y shape: torch.Size([8, 3, 27, 16, 112, 112])
2025-01-18 14:25:14,798 - DEBUG - Initialized output tensor with shape: torch.Size([8, 3, 27, 16, 112, 112])
2025-01-18 14:25:14,798 - DEBUG - Input eta shape: torch.Size([3, 27, 16, 112, 112])
2025-01-18 14:25:14,798 - DEBUG - Processing neighborhood patch 0
2025-01-18 14:25:14,798 - DEBUG - Shape of x_patch: torch.Size([8, 3, 16, 112, 112])
2025-01-18 14:25:14,799 - ERROR - Error processing batch in train phase: view size is not compatible with input tensor's size and stride (at least one dimension spans across two contiguous subspaces). Use .reshape(...) instead.
